Building DAG of jobs...
Using shell: /usr/bin/bash
Provided cores: 1 (use --cores to define parallelism)
Rules claiming more threads will be scaled down.
Singularity containers: ignored
Job stats:
job            count
-----------  -------
all                1
run_baypass       10
total             11

Select jobs to execute...
Execute 1 jobs...

[Fri May 17 13:54:06 2024]
localrule run_baypass:
    input: data/poolsize
    output: results/ACORN_VCF_Qrobur_minCov20IndelFilteredSNPs_Biallelic_miss0.1_ADP104_Subsampled_0.01_chunks/chunk_007_baypass_out
    jobid: 10
    reason: Missing output files: results/ACORN_VCF_Qrobur_minCov20IndelFilteredSNPs_Biallelic_miss0.1_ADP104_Subsampled_0.01_chunks/chunk_007_baypass_out
    wildcards: sample=ACORN_VCF_Qrobur_minCov20IndelFilteredSNPs_Biallelic_miss0.1_ADP104_Subsampled_0.01, chunk=007
    resources: tmpdir=/tmp

RuleException in rule run_baypass in file /var/home/nikos/R_projects/BayPassAcorn/Snakefile, line 76:
NameError: The name 'chunk' is unknown in this context. Did you mean 'wildcards.chunk'?, when formatting the following:

        for chunk in {input.chunks}:
        do
            bash run_baypass.sh $chunk {input.poolsizefile} > ${chunk}_baypass_out
        done
        
