Building DAG of jobs...
Using shell: /usr/bin/bash
Provided cores: 12
Rules claiming more threads will be scaled down.
Job stats:
job              count
-------------  -------
all                  1
run_baypass_1      199
total              200

Select jobs to execute...
Execute 12 jobs...

[Mon May 20 03:08:46 2024]
localrule run_baypass_1:
    input: results/ACORN_VCF_Qrob_test_geno_baypass_140.txt
    output: results/ACORN_VCF_Qrob_test_baypassSplitOut/chunk_140_DIC.out, results/ACORN_VCF_Qrob_test_baypassSplitOut/chunk_140_mat_omega.out, results/ACORN_VCF_Qrob_test_baypassSplitOut/chunk_140_summary_beta_params.out, results/ACORN_VCF_Qrob_test_baypassSplitOut/chunk_140_summary_lda_omega.out, results/ACORN_VCF_Qrob_test_baypassSplitOut/chunk_140_summary_pi_xtx.out, results/ACORN_VCF_Qrob_test_baypassSplitOut/chunk_140_summary_yij_pij.out
    jobid: 144
    reason: Missing output files: results/ACORN_VCF_Qrob_test_baypassSplitOut/chunk_140_DIC.out
    wildcards: sample=ACORN_VCF_Qrob_test, i=140
    resources: tmpdir=/tmp

Activating singularity image /home/nikos/other_apps/bin/poolseq_tools_0.2.11.sif

[Mon May 20 03:08:46 2024]
localrule run_baypass_1:
    input: results/ACORN_VCF_Qrob_test_geno_baypass_20.txt
    output: results/ACORN_VCF_Qrob_test_baypassSplitOut/chunk_20_DIC.out, results/ACORN_VCF_Qrob_test_baypassSplitOut/chunk_20_mat_omega.out, results/ACORN_VCF_Qrob_test_baypassSplitOut/chunk_20_summary_beta_params.out, results/ACORN_VCF_Qrob_test_baypassSplitOut/chunk_20_summary_lda_omega.out, results/ACORN_VCF_Qrob_test_baypassSplitOut/chunk_20_summary_pi_xtx.out, results/ACORN_VCF_Qrob_test_baypassSplitOut/chunk_20_summary_yij_pij.out
    jobid: 24
    reason: Missing output files: results/ACORN_VCF_Qrob_test_baypassSplitOut/chunk_20_DIC.out
    wildcards: sample=ACORN_VCF_Qrob_test, i=20
    resources: tmpdir=/tmp

Activating singularity image /home/nikos/other_apps/bin/poolseq_tools_0.2.11.sif

[Mon May 20 03:08:46 2024]
localrule run_baypass_1:
    input: results/ACORN_VCF_Qrob_test_geno_baypass_51.txt
    output: results/ACORN_VCF_Qrob_test_baypassSplitOut/chunk_51_DIC.out, results/ACORN_VCF_Qrob_test_baypassSplitOut/chunk_51_mat_omega.out, results/ACORN_VCF_Qrob_test_baypassSplitOut/chunk_51_summary_beta_params.out, results/ACORN_VCF_Qrob_test_baypassSplitOut/chunk_51_summary_lda_omega.out, results/ACORN_VCF_Qrob_test_baypassSplitOut/chunk_51_summary_pi_xtx.out, results/ACORN_VCF_Qrob_test_baypassSplitOut/chunk_51_summary_yij_pij.out
    jobid: 55
    reason: Missing output files: results/ACORN_VCF_Qrob_test_baypassSplitOut/chunk_51_DIC.out
    wildcards: sample=ACORN_VCF_Qrob_test, i=51
    resources: tmpdir=/tmp

Activating singularity image /home/nikos/other_apps/bin/poolseq_tools_0.2.11.sif

[Mon May 20 03:08:46 2024]
localrule run_baypass_1:
    input: results/ACORN_VCF_Qrob_test_geno_baypass_83.txt
    output: results/ACORN_VCF_Qrob_test_baypassSplitOut/chunk_83_DIC.out, results/ACORN_VCF_Qrob_test_baypassSplitOut/chunk_83_mat_omega.out, results/ACORN_VCF_Qrob_test_baypassSplitOut/chunk_83_summary_beta_params.out, results/ACORN_VCF_Qrob_test_baypassSplitOut/chunk_83_summary_lda_omega.out, results/ACORN_VCF_Qrob_test_baypassSplitOut/chunk_83_summary_pi_xtx.out, results/ACORN_VCF_Qrob_test_baypassSplitOut/chunk_83_summary_yij_pij.out
    jobid: 87
    reason: Missing output files: results/ACORN_VCF_Qrob_test_baypassSplitOut/chunk_83_DIC.out
    wildcards: sample=ACORN_VCF_Qrob_test, i=83
    resources: tmpdir=/tmp

Activating singularity image /home/nikos/other_apps/bin/poolseq_tools_0.2.11.sif

[Mon May 20 03:08:46 2024]
localrule run_baypass_1:
    input: results/ACORN_VCF_Qrob_test_geno_baypass_114.txt
    output: results/ACORN_VCF_Qrob_test_baypassSplitOut/chunk_114_DIC.out, results/ACORN_VCF_Qrob_test_baypassSplitOut/chunk_114_mat_omega.out, results/ACORN_VCF_Qrob_test_baypassSplitOut/chunk_114_summary_beta_params.out, results/ACORN_VCF_Qrob_test_baypassSplitOut/chunk_114_summary_lda_omega.out, results/ACORN_VCF_Qrob_test_baypassSplitOut/chunk_114_summary_pi_xtx.out, results/ACORN_VCF_Qrob_test_baypassSplitOut/chunk_114_summary_yij_pij.out
    jobid: 118
    reason: Missing output files: results/ACORN_VCF_Qrob_test_baypassSplitOut/chunk_114_DIC.out
    wildcards: sample=ACORN_VCF_Qrob_test, i=114
    resources: tmpdir=/tmp

Activating singularity image /home/nikos/other_apps/bin/poolseq_tools_0.2.11.sif

[Mon May 20 03:08:46 2024]
localrule run_baypass_1:
    input: results/ACORN_VCF_Qrob_test_geno_baypass_146.txt
    output: results/ACORN_VCF_Qrob_test_baypassSplitOut/chunk_146_DIC.out, results/ACORN_VCF_Qrob_test_baypassSplitOut/chunk_146_mat_omega.out, results/ACORN_VCF_Qrob_test_baypassSplitOut/chunk_146_summary_beta_params.out, results/ACORN_VCF_Qrob_test_baypassSplitOut/chunk_146_summary_lda_omega.out, results/ACORN_VCF_Qrob_test_baypassSplitOut/chunk_146_summary_pi_xtx.out, results/ACORN_VCF_Qrob_test_baypassSplitOut/chunk_146_summary_yij_pij.out
    jobid: 150
    reason: Missing output files: results/ACORN_VCF_Qrob_test_baypassSplitOut/chunk_146_DIC.out
    wildcards: sample=ACORN_VCF_Qrob_test, i=146
    resources: tmpdir=/tmp

Activating singularity image /home/nikos/other_apps/bin/poolseq_tools_0.2.11.sif

[Mon May 20 03:08:46 2024]
localrule run_baypass_1:
    input: results/ACORN_VCF_Qrob_test_geno_baypass_177.txt
    output: results/ACORN_VCF_Qrob_test_baypassSplitOut/chunk_177_DIC.out, results/ACORN_VCF_Qrob_test_baypassSplitOut/chunk_177_mat_omega.out, results/ACORN_VCF_Qrob_test_baypassSplitOut/chunk_177_summary_beta_params.out, results/ACORN_VCF_Qrob_test_baypassSplitOut/chunk_177_summary_lda_omega.out, results/ACORN_VCF_Qrob_test_baypassSplitOut/chunk_177_summary_pi_xtx.out, results/ACORN_VCF_Qrob_test_baypassSplitOut/chunk_177_summary_yij_pij.out
    jobid: 181
    reason: Missing output files: results/ACORN_VCF_Qrob_test_baypassSplitOut/chunk_177_DIC.out
    wildcards: sample=ACORN_VCF_Qrob_test, i=177
    resources: tmpdir=/tmp

Activating singularity image /home/nikos/other_apps/bin/poolseq_tools_0.2.11.sif

[Mon May 20 03:08:46 2024]
localrule run_baypass_1:
    input: results/ACORN_VCF_Qrob_test_geno_baypass_145.txt
    output: results/ACORN_VCF_Qrob_test_baypassSplitOut/chunk_145_DIC.out, results/ACORN_VCF_Qrob_test_baypassSplitOut/chunk_145_mat_omega.out, results/ACORN_VCF_Qrob_test_baypassSplitOut/chunk_145_summary_beta_params.out, results/ACORN_VCF_Qrob_test_baypassSplitOut/chunk_145_summary_lda_omega.out, results/ACORN_VCF_Qrob_test_baypassSplitOut/chunk_145_summary_pi_xtx.out, results/ACORN_VCF_Qrob_test_baypassSplitOut/chunk_145_summary_yij_pij.out
    jobid: 149
    reason: Missing output files: results/ACORN_VCF_Qrob_test_baypassSplitOut/chunk_145_DIC.out
    wildcards: sample=ACORN_VCF_Qrob_test, i=145
    resources: tmpdir=/tmp

Activating singularity image /home/nikos/other_apps/bin/poolseq_tools_0.2.11.sif

[Mon May 20 03:08:46 2024]
localrule run_baypass_1:
    input: results/ACORN_VCF_Qrob_test_geno_baypass_113.txt
    output: results/ACORN_VCF_Qrob_test_baypassSplitOut/chunk_113_DIC.out, results/ACORN_VCF_Qrob_test_baypassSplitOut/chunk_113_mat_omega.out, results/ACORN_VCF_Qrob_test_baypassSplitOut/chunk_113_summary_beta_params.out, results/ACORN_VCF_Qrob_test_baypassSplitOut/chunk_113_summary_lda_omega.out, results/ACORN_VCF_Qrob_test_baypassSplitOut/chunk_113_summary_pi_xtx.out, results/ACORN_VCF_Qrob_test_baypassSplitOut/chunk_113_summary_yij_pij.out
    jobid: 117
    reason: Missing output files: results/ACORN_VCF_Qrob_test_baypassSplitOut/chunk_113_DIC.out
    wildcards: sample=ACORN_VCF_Qrob_test, i=113
    resources: tmpdir=/tmp

Activating singularity image /home/nikos/other_apps/bin/poolseq_tools_0.2.11.sif

[Mon May 20 03:08:46 2024]
localrule run_baypass_1:
    input: results/ACORN_VCF_Qrob_test_geno_baypass_82.txt
    output: results/ACORN_VCF_Qrob_test_baypassSplitOut/chunk_82_DIC.out, results/ACORN_VCF_Qrob_test_baypassSplitOut/chunk_82_mat_omega.out, results/ACORN_VCF_Qrob_test_baypassSplitOut/chunk_82_summary_beta_params.out, results/ACORN_VCF_Qrob_test_baypassSplitOut/chunk_82_summary_lda_omega.out, results/ACORN_VCF_Qrob_test_baypassSplitOut/chunk_82_summary_pi_xtx.out, results/ACORN_VCF_Qrob_test_baypassSplitOut/chunk_82_summary_yij_pij.out
    jobid: 86
    reason: Missing output files: results/ACORN_VCF_Qrob_test_baypassSplitOut/chunk_82_DIC.out
    wildcards: sample=ACORN_VCF_Qrob_test, i=82
    resources: tmpdir=/tmp

Activating singularity image /home/nikos/other_apps/bin/poolseq_tools_0.2.11.sif

[Mon May 20 03:08:46 2024]
localrule run_baypass_1:
    input: results/ACORN_VCF_Qrob_test_geno_baypass_176.txt
    output: results/ACORN_VCF_Qrob_test_baypassSplitOut/chunk_176_DIC.out, results/ACORN_VCF_Qrob_test_baypassSplitOut/chunk_176_mat_omega.out, results/ACORN_VCF_Qrob_test_baypassSplitOut/chunk_176_summary_beta_params.out, results/ACORN_VCF_Qrob_test_baypassSplitOut/chunk_176_summary_lda_omega.out, results/ACORN_VCF_Qrob_test_baypassSplitOut/chunk_176_summary_pi_xtx.out, results/ACORN_VCF_Qrob_test_baypassSplitOut/chunk_176_summary_yij_pij.out
    jobid: 180
    reason: Missing output files: results/ACORN_VCF_Qrob_test_baypassSplitOut/chunk_176_DIC.out
    wildcards: sample=ACORN_VCF_Qrob_test, i=176
    resources: tmpdir=/tmp

Activating singularity image /home/nikos/other_apps/bin/poolseq_tools_0.2.11.sif

[Mon May 20 03:08:46 2024]
localrule run_baypass_1:
    input: results/ACORN_VCF_Qrob_test_geno_baypass_52.txt
    output: results/ACORN_VCF_Qrob_test_baypassSplitOut/chunk_52_DIC.out, results/ACORN_VCF_Qrob_test_baypassSplitOut/chunk_52_mat_omega.out, results/ACORN_VCF_Qrob_test_baypassSplitOut/chunk_52_summary_beta_params.out, results/ACORN_VCF_Qrob_test_baypassSplitOut/chunk_52_summary_lda_omega.out, results/ACORN_VCF_Qrob_test_baypassSplitOut/chunk_52_summary_pi_xtx.out, results/ACORN_VCF_Qrob_test_baypassSplitOut/chunk_52_summary_yij_pij.out
    jobid: 56
    reason: Missing output files: results/ACORN_VCF_Qrob_test_baypassSplitOut/chunk_52_DIC.out
    wildcards: sample=ACORN_VCF_Qrob_test, i=52
    resources: tmpdir=/tmp

Activating singularity image /home/nikos/other_apps/bin/poolseq_tools_0.2.11.sif
[Mon May 20 03:08:46 2024]
Error in rule run_baypass_1:
    jobid: 24
    input: results/ACORN_VCF_Qrob_test_geno_baypass_20.txt
    output: results/ACORN_VCF_Qrob_test_baypassSplitOut/chunk_20_DIC.out, results/ACORN_VCF_Qrob_test_baypassSplitOut/chunk_20_mat_omega.out, results/ACORN_VCF_Qrob_test_baypassSplitOut/chunk_20_summary_beta_params.out, results/ACORN_VCF_Qrob_test_baypassSplitOut/chunk_20_summary_lda_omega.out, results/ACORN_VCF_Qrob_test_baypassSplitOut/chunk_20_summary_pi_xtx.out, results/ACORN_VCF_Qrob_test_baypassSplitOut/chunk_20_summary_yij_pij.out
    shell:
        
        g_baypass         -nthreads 1         -npop 40 -gfile results/ACORN_VCF_Qrob_test_geno_baypass_20.txt -poolsizefile data/poolsize         -d0yij 3 -npilot 20         -outprefix results/ACORN_VCF_Qrob_test_baypassSplitOut/chunk_20
        
        (one of the commands exited with non-zero exit code; note that snakemake uses bash strict mode!)

[Mon May 20 03:08:46 2024]
Error in rule run_baypass_1:
    jobid: 55
    input: results/ACORN_VCF_Qrob_test_geno_baypass_51.txt
    output: results/ACORN_VCF_Qrob_test_baypassSplitOut/chunk_51_DIC.out, results/ACORN_VCF_Qrob_test_baypassSplitOut/chunk_51_mat_omega.out, results/ACORN_VCF_Qrob_test_baypassSplitOut/chunk_51_summary_beta_params.out, results/ACORN_VCF_Qrob_test_baypassSplitOut/chunk_51_summary_lda_omega.out, results/ACORN_VCF_Qrob_test_baypassSplitOut/chunk_51_summary_pi_xtx.out, results/ACORN_VCF_Qrob_test_baypassSplitOut/chunk_51_summary_yij_pij.out
    shell:
        
        g_baypass         -nthreads 1         -npop 40 -gfile results/ACORN_VCF_Qrob_test_geno_baypass_51.txt -poolsizefile data/poolsize         -d0yij 3 -npilot 20         -outprefix results/ACORN_VCF_Qrob_test_baypassSplitOut/chunk_51
        
        (one of the commands exited with non-zero exit code; note that snakemake uses bash strict mode!)

[Mon May 20 03:08:46 2024]
Error in rule run_baypass_1:
    jobid: 144
    input: results/ACORN_VCF_Qrob_test_geno_baypass_140.txt
    output: results/ACORN_VCF_Qrob_test_baypassSplitOut/chunk_140_DIC.out, results/ACORN_VCF_Qrob_test_baypassSplitOut/chunk_140_mat_omega.out, results/ACORN_VCF_Qrob_test_baypassSplitOut/chunk_140_summary_beta_params.out, results/ACORN_VCF_Qrob_test_baypassSplitOut/chunk_140_summary_lda_omega.out, results/ACORN_VCF_Qrob_test_baypassSplitOut/chunk_140_summary_pi_xtx.out, results/ACORN_VCF_Qrob_test_baypassSplitOut/chunk_140_summary_yij_pij.out
    shell:
        
        g_baypass         -nthreads 1         -npop 40 -gfile results/ACORN_VCF_Qrob_test_geno_baypass_140.txt -poolsizefile data/poolsize         -d0yij 3 -npilot 20         -outprefix results/ACORN_VCF_Qrob_test_baypassSplitOut/chunk_140
        
        (one of the commands exited with non-zero exit code; note that snakemake uses bash strict mode!)

[Mon May 20 03:08:46 2024]
Error in rule run_baypass_1:
    jobid: 118
    input: results/ACORN_VCF_Qrob_test_geno_baypass_114.txt
    output: results/ACORN_VCF_Qrob_test_baypassSplitOut/chunk_114_DIC.out, results/ACORN_VCF_Qrob_test_baypassSplitOut/chunk_114_mat_omega.out, results/ACORN_VCF_Qrob_test_baypassSplitOut/chunk_114_summary_beta_params.out, results/ACORN_VCF_Qrob_test_baypassSplitOut/chunk_114_summary_lda_omega.out, results/ACORN_VCF_Qrob_test_baypassSplitOut/chunk_114_summary_pi_xtx.out, results/ACORN_VCF_Qrob_test_baypassSplitOut/chunk_114_summary_yij_pij.out
    shell:
        
        g_baypass         -nthreads 1         -npop 40 -gfile results/ACORN_VCF_Qrob_test_geno_baypass_114.txt -poolsizefile data/poolsize         -d0yij 3 -npilot 20         -outprefix results/ACORN_VCF_Qrob_test_baypassSplitOut/chunk_114
        
        (one of the commands exited with non-zero exit code; note that snakemake uses bash strict mode!)

[Mon May 20 03:08:46 2024]
Error in rule run_baypass_1:
    jobid: 86
    input: results/ACORN_VCF_Qrob_test_geno_baypass_82.txt
    output: results/ACORN_VCF_Qrob_test_baypassSplitOut/chunk_82_DIC.out, results/ACORN_VCF_Qrob_test_baypassSplitOut/chunk_82_mat_omega.out, results/ACORN_VCF_Qrob_test_baypassSplitOut/chunk_82_summary_beta_params.out, results/ACORN_VCF_Qrob_test_baypassSplitOut/chunk_82_summary_lda_omega.out, results/ACORN_VCF_Qrob_test_baypassSplitOut/chunk_82_summary_pi_xtx.out, results/ACORN_VCF_Qrob_test_baypassSplitOut/chunk_82_summary_yij_pij.out
    shell:
        
        g_baypass         -nthreads 1         -npop 40 -gfile results/ACORN_VCF_Qrob_test_geno_baypass_82.txt -poolsizefile data/poolsize         -d0yij 3 -npilot 20         -outprefix results/ACORN_VCF_Qrob_test_baypassSplitOut/chunk_82
        
        (one of the commands exited with non-zero exit code; note that snakemake uses bash strict mode!)

[Mon May 20 03:08:46 2024]
Error in rule run_baypass_1:
    jobid: 150
    input: results/ACORN_VCF_Qrob_test_geno_baypass_146.txt
    output: results/ACORN_VCF_Qrob_test_baypassSplitOut/chunk_146_DIC.out, results/ACORN_VCF_Qrob_test_baypassSplitOut/chunk_146_mat_omega.out, results/ACORN_VCF_Qrob_test_baypassSplitOut/chunk_146_summary_beta_params.out, results/ACORN_VCF_Qrob_test_baypassSplitOut/chunk_146_summary_lda_omega.out, results/ACORN_VCF_Qrob_test_baypassSplitOut/chunk_146_summary_pi_xtx.out, results/ACORN_VCF_Qrob_test_baypassSplitOut/chunk_146_summary_yij_pij.out
    shell:
        
        g_baypass         -nthreads 1         -npop 40 -gfile results/ACORN_VCF_Qrob_test_geno_baypass_146.txt -poolsizefile data/poolsize         -d0yij 3 -npilot 20         -outprefix results/ACORN_VCF_Qrob_test_baypassSplitOut/chunk_146
        
        (one of the commands exited with non-zero exit code; note that snakemake uses bash strict mode!)

[Mon May 20 03:08:46 2024]
Error in rule run_baypass_1:
    jobid: 180
    input: results/ACORN_VCF_Qrob_test_geno_baypass_176.txt
    output: results/ACORN_VCF_Qrob_test_baypassSplitOut/chunk_176_DIC.out, results/ACORN_VCF_Qrob_test_baypassSplitOut/chunk_176_mat_omega.out, results/ACORN_VCF_Qrob_test_baypassSplitOut/chunk_176_summary_beta_params.out, results/ACORN_VCF_Qrob_test_baypassSplitOut/chunk_176_summary_lda_omega.out, results/ACORN_VCF_Qrob_test_baypassSplitOut/chunk_176_summary_pi_xtx.out, results/ACORN_VCF_Qrob_test_baypassSplitOut/chunk_176_summary_yij_pij.out
    shell:
        
        g_baypass         -nthreads 1         -npop 40 -gfile results/ACORN_VCF_Qrob_test_geno_baypass_176.txt -poolsizefile data/poolsize         -d0yij 3 -npilot 20         -outprefix results/ACORN_VCF_Qrob_test_baypassSplitOut/chunk_176
        
        (one of the commands exited with non-zero exit code; note that snakemake uses bash strict mode!)

[Mon May 20 03:08:46 2024]
Error in rule run_baypass_1:
    jobid: 87
    input: results/ACORN_VCF_Qrob_test_geno_baypass_83.txt
    output: results/ACORN_VCF_Qrob_test_baypassSplitOut/chunk_83_DIC.out, results/ACORN_VCF_Qrob_test_baypassSplitOut/chunk_83_mat_omega.out, results/ACORN_VCF_Qrob_test_baypassSplitOut/chunk_83_summary_beta_params.out, results/ACORN_VCF_Qrob_test_baypassSplitOut/chunk_83_summary_lda_omega.out, results/ACORN_VCF_Qrob_test_baypassSplitOut/chunk_83_summary_pi_xtx.out, results/ACORN_VCF_Qrob_test_baypassSplitOut/chunk_83_summary_yij_pij.out
    shell:
        
        g_baypass         -nthreads 1         -npop 40 -gfile results/ACORN_VCF_Qrob_test_geno_baypass_83.txt -poolsizefile data/poolsize         -d0yij 3 -npilot 20         -outprefix results/ACORN_VCF_Qrob_test_baypassSplitOut/chunk_83
        
        (one of the commands exited with non-zero exit code; note that snakemake uses bash strict mode!)

[Mon May 20 03:08:46 2024]
Error in rule run_baypass_1:
    jobid: 117
    input: results/ACORN_VCF_Qrob_test_geno_baypass_113.txt
    output: results/ACORN_VCF_Qrob_test_baypassSplitOut/chunk_113_DIC.out, results/ACORN_VCF_Qrob_test_baypassSplitOut/chunk_113_mat_omega.out, results/ACORN_VCF_Qrob_test_baypassSplitOut/chunk_113_summary_beta_params.out, results/ACORN_VCF_Qrob_test_baypassSplitOut/chunk_113_summary_lda_omega.out, results/ACORN_VCF_Qrob_test_baypassSplitOut/chunk_113_summary_pi_xtx.out, results/ACORN_VCF_Qrob_test_baypassSplitOut/chunk_113_summary_yij_pij.out
    shell:
        
        g_baypass         -nthreads 1         -npop 40 -gfile results/ACORN_VCF_Qrob_test_geno_baypass_113.txt -poolsizefile data/poolsize         -d0yij 3 -npilot 20         -outprefix results/ACORN_VCF_Qrob_test_baypassSplitOut/chunk_113
        
        (one of the commands exited with non-zero exit code; note that snakemake uses bash strict mode!)

[Mon May 20 03:08:46 2024]
Error in rule run_baypass_1:
    jobid: 181
    input: results/ACORN_VCF_Qrob_test_geno_baypass_177.txt
    output: results/ACORN_VCF_Qrob_test_baypassSplitOut/chunk_177_DIC.out, results/ACORN_VCF_Qrob_test_baypassSplitOut/chunk_177_mat_omega.out, results/ACORN_VCF_Qrob_test_baypassSplitOut/chunk_177_summary_beta_params.out, results/ACORN_VCF_Qrob_test_baypassSplitOut/chunk_177_summary_lda_omega.out, results/ACORN_VCF_Qrob_test_baypassSplitOut/chunk_177_summary_pi_xtx.out, results/ACORN_VCF_Qrob_test_baypassSplitOut/chunk_177_summary_yij_pij.out
    shell:
        
        g_baypass         -nthreads 1         -npop 40 -gfile results/ACORN_VCF_Qrob_test_geno_baypass_177.txt -poolsizefile data/poolsize         -d0yij 3 -npilot 20         -outprefix results/ACORN_VCF_Qrob_test_baypassSplitOut/chunk_177
        
        (one of the commands exited with non-zero exit code; note that snakemake uses bash strict mode!)

[Mon May 20 03:08:46 2024]
Error in rule run_baypass_1:
    jobid: 56
    input: results/ACORN_VCF_Qrob_test_geno_baypass_52.txt
    output: results/ACORN_VCF_Qrob_test_baypassSplitOut/chunk_52_DIC.out, results/ACORN_VCF_Qrob_test_baypassSplitOut/chunk_52_mat_omega.out, results/ACORN_VCF_Qrob_test_baypassSplitOut/chunk_52_summary_beta_params.out, results/ACORN_VCF_Qrob_test_baypassSplitOut/chunk_52_summary_lda_omega.out, results/ACORN_VCF_Qrob_test_baypassSplitOut/chunk_52_summary_pi_xtx.out, results/ACORN_VCF_Qrob_test_baypassSplitOut/chunk_52_summary_yij_pij.out
    shell:
        
        g_baypass         -nthreads 1         -npop 40 -gfile results/ACORN_VCF_Qrob_test_geno_baypass_52.txt -poolsizefile data/poolsize         -d0yij 3 -npilot 20         -outprefix results/ACORN_VCF_Qrob_test_baypassSplitOut/chunk_52
        
        (one of the commands exited with non-zero exit code; note that snakemake uses bash strict mode!)

[Mon May 20 03:08:46 2024]
Error in rule run_baypass_1:
    jobid: 149
    input: results/ACORN_VCF_Qrob_test_geno_baypass_145.txt
    output: results/ACORN_VCF_Qrob_test_baypassSplitOut/chunk_145_DIC.out, results/ACORN_VCF_Qrob_test_baypassSplitOut/chunk_145_mat_omega.out, results/ACORN_VCF_Qrob_test_baypassSplitOut/chunk_145_summary_beta_params.out, results/ACORN_VCF_Qrob_test_baypassSplitOut/chunk_145_summary_lda_omega.out, results/ACORN_VCF_Qrob_test_baypassSplitOut/chunk_145_summary_pi_xtx.out, results/ACORN_VCF_Qrob_test_baypassSplitOut/chunk_145_summary_yij_pij.out
    shell:
        
        g_baypass         -nthreads 1         -npop 40 -gfile results/ACORN_VCF_Qrob_test_geno_baypass_145.txt -poolsizefile data/poolsize         -d0yij 3 -npilot 20         -outprefix results/ACORN_VCF_Qrob_test_baypassSplitOut/chunk_145
        
        (one of the commands exited with non-zero exit code; note that snakemake uses bash strict mode!)

Shutting down, this might take some time.
Exiting because a job execution failed. Look above for error message
Complete log: .snakemake/log/2024-05-20T030845.801258.snakemake.log
WorkflowError:
At least one job did not complete successfully.
