Building DAG of jobs...
Using shell: /usr/bin/bash
Provided cores: 10
Rules claiming more threads will be scaled down.
Job stats:
job               count
--------------  -------
all                   1
counts2baypass        1
pool_name_fix         1
run_baypass_1        19
sample_baypass        1
vcf2counts            1
total                24

Select jobs to execute...
Execute 1 jobs...

[Mon May 20 03:31:00 2024]
localrule vcf2counts:
    input: data/ACORN_VCF_Qrob_test.vcf
    output: results/ACORN_VCF_Qrob_test_counts.txt
    log: logs/vcf2counts/ACORN_VCF_Qrob_test_vcf2counts.log
    jobid: 5
    reason: Missing output files: results/ACORN_VCF_Qrob_test_counts.txt
    wildcards: sample=ACORN_VCF_Qrob_test
    resources: tmpdir=/tmp

Activating singularity image /home/nikos/other_apps/bin/poolseq_tools_0.2.11.sif
[Mon May 20 03:31:01 2024]
Finished job 5.
1 of 24 steps (4%) done
Select jobs to execute...
Execute 1 jobs...

[Mon May 20 03:31:01 2024]
localrule pool_name_fix:
    input: results/ACORN_VCF_Qrob_test_counts.txt
    output: results/ACORN_VCF_Qrob_test_counts_fixed.txt
    jobid: 4
    reason: Missing output files: results/ACORN_VCF_Qrob_test_counts_fixed.txt; Input files updated by another job: results/ACORN_VCF_Qrob_test_counts.txt
    wildcards: sample=ACORN_VCF_Qrob_test
    resources: tmpdir=/tmp

Activating singularity image /home/nikos/other_apps/bin/poolseq_tools_0.2.11.sif
[Mon May 20 03:31:01 2024]
Finished job 4.
2 of 24 steps (8%) done
Removing temporary output results/ACORN_VCF_Qrob_test_counts.txt.
Select jobs to execute...
Execute 1 jobs...

[Mon May 20 03:31:01 2024]
localrule counts2baypass:
    input: results/ACORN_VCF_Qrob_test_counts_fixed.txt
    output: results/ACORN_VCF_Qrob_test_geno_baypass.txt
    jobid: 3
    reason: Missing output files: results/ACORN_VCF_Qrob_test_geno_baypass.txt; Input files updated by another job: results/ACORN_VCF_Qrob_test_counts_fixed.txt
    wildcards: sample=ACORN_VCF_Qrob_test
    resources: tmpdir=/tmp

Activating singularity image /home/nikos/other_apps/bin/poolseq_tools_0.2.11.sif
[Mon May 20 03:31:02 2024]
Finished job 3.
3 of 24 steps (12%) done
Select jobs to execute...
Execute 1 jobs...

[Mon May 20 03:31:02 2024]
localrule sample_baypass:
    input: results/ACORN_VCF_Qrob_test_geno_baypass.txt
    output: results/ACORN_VCF_Qrob_test_geno_baypass_1.txt, results/ACORN_VCF_Qrob_test_geno_baypass_2.txt, results/ACORN_VCF_Qrob_test_geno_baypass_3.txt, results/ACORN_VCF_Qrob_test_geno_baypass_4.txt, results/ACORN_VCF_Qrob_test_geno_baypass_5.txt, results/ACORN_VCF_Qrob_test_geno_baypass_6.txt, results/ACORN_VCF_Qrob_test_geno_baypass_7.txt, results/ACORN_VCF_Qrob_test_geno_baypass_8.txt, results/ACORN_VCF_Qrob_test_geno_baypass_9.txt, results/ACORN_VCF_Qrob_test_geno_baypass_10.txt, results/ACORN_VCF_Qrob_test_geno_baypass_11.txt, results/ACORN_VCF_Qrob_test_geno_baypass_12.txt, results/ACORN_VCF_Qrob_test_geno_baypass_13.txt, results/ACORN_VCF_Qrob_test_geno_baypass_14.txt, results/ACORN_VCF_Qrob_test_geno_baypass_15.txt, results/ACORN_VCF_Qrob_test_geno_baypass_16.txt, results/ACORN_VCF_Qrob_test_geno_baypass_17.txt, results/ACORN_VCF_Qrob_test_geno_baypass_18.txt, results/ACORN_VCF_Qrob_test_geno_baypass_19.txt
    jobid: 2
    reason: Missing output files: results/ACORN_VCF_Qrob_test_geno_baypass_15.txt, results/ACORN_VCF_Qrob_test_geno_baypass_16.txt, results/ACORN_VCF_Qrob_test_geno_baypass_17.txt, results/ACORN_VCF_Qrob_test_geno_baypass_11.txt, results/ACORN_VCF_Qrob_test_geno_baypass_4.txt, results/ACORN_VCF_Qrob_test_geno_baypass_18.txt, results/ACORN_VCF_Qrob_test_geno_baypass_14.txt, results/ACORN_VCF_Qrob_test_geno_baypass_3.txt, results/ACORN_VCF_Qrob_test_geno_baypass_12.txt, results/ACORN_VCF_Qrob_test_geno_baypass_1.txt, results/ACORN_VCF_Qrob_test_geno_baypass_7.txt, results/ACORN_VCF_Qrob_test_geno_baypass_10.txt, results/ACORN_VCF_Qrob_test_geno_baypass_9.txt, results/ACORN_VCF_Qrob_test_geno_baypass_6.txt, results/ACORN_VCF_Qrob_test_geno_baypass_5.txt, results/ACORN_VCF_Qrob_test_geno_baypass_8.txt, results/ACORN_VCF_Qrob_test_geno_baypass_19.txt, results/ACORN_VCF_Qrob_test_geno_baypass_13.txt, results/ACORN_VCF_Qrob_test_geno_baypass_2.txt; Input files updated by another job: results/ACORN_VCF_Qrob_test_geno_baypass.txt
    wildcards: sample=ACORN_VCF_Qrob_test
    resources: tmpdir=/tmp

Activating singularity image /home/nikos/other_apps/bin/poolseq_tools_0.2.11.sif
[Mon May 20 03:31:02 2024]
Finished job 2.
4 of 24 steps (17%) done
Select jobs to execute...
Execute 10 jobs...

[Mon May 20 03:31:02 2024]
localrule run_baypass_1:
    input: results/ACORN_VCF_Qrob_test_geno_baypass_14.txt
    output: results/ACORN_VCF_Qrob_test_baypassSplitOut/chunk_14_DIC.out, results/ACORN_VCF_Qrob_test_baypassSplitOut/chunk_14_mat_omega.out, results/ACORN_VCF_Qrob_test_baypassSplitOut/chunk_14_summary_beta_params.out, results/ACORN_VCF_Qrob_test_baypassSplitOut/chunk_14_summary_lda_omega.out, results/ACORN_VCF_Qrob_test_baypassSplitOut/chunk_14_summary_pi_xtx.out, results/ACORN_VCF_Qrob_test_baypassSplitOut/chunk_14_summary_yij_pij.out
    jobid: 18
    reason: Missing output files: results/ACORN_VCF_Qrob_test_baypassSplitOut/chunk_14_DIC.out; Input files updated by another job: results/ACORN_VCF_Qrob_test_geno_baypass_14.txt
    wildcards: sample=ACORN_VCF_Qrob_test, i=14
    resources: tmpdir=/tmp

Activating singularity image /home/nikos/other_apps/bin/poolseq_tools_0.2.11.sif

[Mon May 20 03:31:02 2024]
localrule run_baypass_1:
    input: results/ACORN_VCF_Qrob_test_geno_baypass_6.txt
    output: results/ACORN_VCF_Qrob_test_baypassSplitOut/chunk_6_DIC.out, results/ACORN_VCF_Qrob_test_baypassSplitOut/chunk_6_mat_omega.out, results/ACORN_VCF_Qrob_test_baypassSplitOut/chunk_6_summary_beta_params.out, results/ACORN_VCF_Qrob_test_baypassSplitOut/chunk_6_summary_lda_omega.out, results/ACORN_VCF_Qrob_test_baypassSplitOut/chunk_6_summary_pi_xtx.out, results/ACORN_VCF_Qrob_test_baypassSplitOut/chunk_6_summary_yij_pij.out
    jobid: 10
    reason: Missing output files: results/ACORN_VCF_Qrob_test_baypassSplitOut/chunk_6_DIC.out; Input files updated by another job: results/ACORN_VCF_Qrob_test_geno_baypass_6.txt
    wildcards: sample=ACORN_VCF_Qrob_test, i=6
    resources: tmpdir=/tmp

Activating singularity image /home/nikos/other_apps/bin/poolseq_tools_0.2.11.sif

[Mon May 20 03:31:02 2024]
localrule run_baypass_1:
    input: results/ACORN_VCF_Qrob_test_geno_baypass_1.txt
    output: results/ACORN_VCF_Qrob_test_baypassSplitOut/chunk_1_DIC.out, results/ACORN_VCF_Qrob_test_baypassSplitOut/chunk_1_mat_omega.out, results/ACORN_VCF_Qrob_test_baypassSplitOut/chunk_1_summary_beta_params.out, results/ACORN_VCF_Qrob_test_baypassSplitOut/chunk_1_summary_lda_omega.out, results/ACORN_VCF_Qrob_test_baypassSplitOut/chunk_1_summary_pi_xtx.out, results/ACORN_VCF_Qrob_test_baypassSplitOut/chunk_1_summary_yij_pij.out
    jobid: 1
    reason: Missing output files: results/ACORN_VCF_Qrob_test_baypassSplitOut/chunk_1_DIC.out; Input files updated by another job: results/ACORN_VCF_Qrob_test_geno_baypass_1.txt
    wildcards: sample=ACORN_VCF_Qrob_test, i=1
    resources: tmpdir=/tmp

Activating singularity image /home/nikos/other_apps/bin/poolseq_tools_0.2.11.sif

[Mon May 20 03:31:02 2024]
localrule run_baypass_1:
    input: results/ACORN_VCF_Qrob_test_geno_baypass_8.txt
    output: results/ACORN_VCF_Qrob_test_baypassSplitOut/chunk_8_DIC.out, results/ACORN_VCF_Qrob_test_baypassSplitOut/chunk_8_mat_omega.out, results/ACORN_VCF_Qrob_test_baypassSplitOut/chunk_8_summary_beta_params.out, results/ACORN_VCF_Qrob_test_baypassSplitOut/chunk_8_summary_lda_omega.out, results/ACORN_VCF_Qrob_test_baypassSplitOut/chunk_8_summary_pi_xtx.out, results/ACORN_VCF_Qrob_test_baypassSplitOut/chunk_8_summary_yij_pij.out
    jobid: 12
    reason: Missing output files: results/ACORN_VCF_Qrob_test_baypassSplitOut/chunk_8_DIC.out; Input files updated by another job: results/ACORN_VCF_Qrob_test_geno_baypass_8.txt
    wildcards: sample=ACORN_VCF_Qrob_test, i=8
    resources: tmpdir=/tmp

Activating singularity image /home/nikos/other_apps/bin/poolseq_tools_0.2.11.sif

[Mon May 20 03:31:02 2024]
localrule run_baypass_1:
    input: results/ACORN_VCF_Qrob_test_geno_baypass_7.txt
    output: results/ACORN_VCF_Qrob_test_baypassSplitOut/chunk_7_DIC.out, results/ACORN_VCF_Qrob_test_baypassSplitOut/chunk_7_mat_omega.out, results/ACORN_VCF_Qrob_test_baypassSplitOut/chunk_7_summary_beta_params.out, results/ACORN_VCF_Qrob_test_baypassSplitOut/chunk_7_summary_lda_omega.out, results/ACORN_VCF_Qrob_test_baypassSplitOut/chunk_7_summary_pi_xtx.out, results/ACORN_VCF_Qrob_test_baypassSplitOut/chunk_7_summary_yij_pij.out
    jobid: 11
    reason: Missing output files: results/ACORN_VCF_Qrob_test_baypassSplitOut/chunk_7_DIC.out; Input files updated by another job: results/ACORN_VCF_Qrob_test_geno_baypass_7.txt
    wildcards: sample=ACORN_VCF_Qrob_test, i=7
    resources: tmpdir=/tmp

Activating singularity image /home/nikos/other_apps/bin/poolseq_tools_0.2.11.sif

[Mon May 20 03:31:02 2024]
localrule run_baypass_1:
    input: results/ACORN_VCF_Qrob_test_geno_baypass_13.txt
    output: results/ACORN_VCF_Qrob_test_baypassSplitOut/chunk_13_DIC.out, results/ACORN_VCF_Qrob_test_baypassSplitOut/chunk_13_mat_omega.out, results/ACORN_VCF_Qrob_test_baypassSplitOut/chunk_13_summary_beta_params.out, results/ACORN_VCF_Qrob_test_baypassSplitOut/chunk_13_summary_lda_omega.out, results/ACORN_VCF_Qrob_test_baypassSplitOut/chunk_13_summary_pi_xtx.out, results/ACORN_VCF_Qrob_test_baypassSplitOut/chunk_13_summary_yij_pij.out
    jobid: 17
    reason: Missing output files: results/ACORN_VCF_Qrob_test_baypassSplitOut/chunk_13_DIC.out; Input files updated by another job: results/ACORN_VCF_Qrob_test_geno_baypass_13.txt
    wildcards: sample=ACORN_VCF_Qrob_test, i=13
    resources: tmpdir=/tmp

Activating singularity image /home/nikos/other_apps/bin/poolseq_tools_0.2.11.sif

[Mon May 20 03:31:02 2024]
localrule run_baypass_1:
    input: results/ACORN_VCF_Qrob_test_geno_baypass_5.txt
    output: results/ACORN_VCF_Qrob_test_baypassSplitOut/chunk_5_DIC.out, results/ACORN_VCF_Qrob_test_baypassSplitOut/chunk_5_mat_omega.out, results/ACORN_VCF_Qrob_test_baypassSplitOut/chunk_5_summary_beta_params.out, results/ACORN_VCF_Qrob_test_baypassSplitOut/chunk_5_summary_lda_omega.out, results/ACORN_VCF_Qrob_test_baypassSplitOut/chunk_5_summary_pi_xtx.out, results/ACORN_VCF_Qrob_test_baypassSplitOut/chunk_5_summary_yij_pij.out
    jobid: 9
    reason: Missing output files: results/ACORN_VCF_Qrob_test_baypassSplitOut/chunk_5_DIC.out; Input files updated by another job: results/ACORN_VCF_Qrob_test_geno_baypass_5.txt
    wildcards: sample=ACORN_VCF_Qrob_test, i=5
    resources: tmpdir=/tmp

Activating singularity image /home/nikos/other_apps/bin/poolseq_tools_0.2.11.sif

[Mon May 20 03:31:02 2024]
localrule run_baypass_1:
    input: results/ACORN_VCF_Qrob_test_geno_baypass_15.txt
    output: results/ACORN_VCF_Qrob_test_baypassSplitOut/chunk_15_DIC.out, results/ACORN_VCF_Qrob_test_baypassSplitOut/chunk_15_mat_omega.out, results/ACORN_VCF_Qrob_test_baypassSplitOut/chunk_15_summary_beta_params.out, results/ACORN_VCF_Qrob_test_baypassSplitOut/chunk_15_summary_lda_omega.out, results/ACORN_VCF_Qrob_test_baypassSplitOut/chunk_15_summary_pi_xtx.out, results/ACORN_VCF_Qrob_test_baypassSplitOut/chunk_15_summary_yij_pij.out
    jobid: 19
    reason: Missing output files: results/ACORN_VCF_Qrob_test_baypassSplitOut/chunk_15_DIC.out; Input files updated by another job: results/ACORN_VCF_Qrob_test_geno_baypass_15.txt
    wildcards: sample=ACORN_VCF_Qrob_test, i=15
    resources: tmpdir=/tmp

Activating singularity image /home/nikos/other_apps/bin/poolseq_tools_0.2.11.sif

[Mon May 20 03:31:02 2024]
localrule run_baypass_1:
    input: results/ACORN_VCF_Qrob_test_geno_baypass_11.txt
    output: results/ACORN_VCF_Qrob_test_baypassSplitOut/chunk_11_DIC.out, results/ACORN_VCF_Qrob_test_baypassSplitOut/chunk_11_mat_omega.out, results/ACORN_VCF_Qrob_test_baypassSplitOut/chunk_11_summary_beta_params.out, results/ACORN_VCF_Qrob_test_baypassSplitOut/chunk_11_summary_lda_omega.out, results/ACORN_VCF_Qrob_test_baypassSplitOut/chunk_11_summary_pi_xtx.out, results/ACORN_VCF_Qrob_test_baypassSplitOut/chunk_11_summary_yij_pij.out
    jobid: 15
    reason: Missing output files: results/ACORN_VCF_Qrob_test_baypassSplitOut/chunk_11_DIC.out; Input files updated by another job: results/ACORN_VCF_Qrob_test_geno_baypass_11.txt
    wildcards: sample=ACORN_VCF_Qrob_test, i=11
    resources: tmpdir=/tmp

Activating singularity image /home/nikos/other_apps/bin/poolseq_tools_0.2.11.sif

[Mon May 20 03:31:02 2024]
localrule run_baypass_1:
    input: results/ACORN_VCF_Qrob_test_geno_baypass_19.txt
    output: results/ACORN_VCF_Qrob_test_baypassSplitOut/chunk_19_DIC.out, results/ACORN_VCF_Qrob_test_baypassSplitOut/chunk_19_mat_omega.out, results/ACORN_VCF_Qrob_test_baypassSplitOut/chunk_19_summary_beta_params.out, results/ACORN_VCF_Qrob_test_baypassSplitOut/chunk_19_summary_lda_omega.out, results/ACORN_VCF_Qrob_test_baypassSplitOut/chunk_19_summary_pi_xtx.out, results/ACORN_VCF_Qrob_test_baypassSplitOut/chunk_19_summary_yij_pij.out
    jobid: 23
    reason: Missing output files: results/ACORN_VCF_Qrob_test_baypassSplitOut/chunk_19_DIC.out; Input files updated by another job: results/ACORN_VCF_Qrob_test_geno_baypass_19.txt
    wildcards: sample=ACORN_VCF_Qrob_test, i=19
    resources: tmpdir=/tmp

Activating singularity image /home/nikos/other_apps/bin/poolseq_tools_0.2.11.sif
Terminating processes on user request, this might take some time.
[Mon May 20 03:31:05 2024]
Error in rule run_baypass_1:
    jobid: 23
    input: results/ACORN_VCF_Qrob_test_geno_baypass_19.txt
    output: results/ACORN_VCF_Qrob_test_baypassSplitOut/chunk_19_DIC.out, results/ACORN_VCF_Qrob_test_baypassSplitOut/chunk_19_mat_omega.out, results/ACORN_VCF_Qrob_test_baypassSplitOut/chunk_19_summary_beta_params.out, results/ACORN_VCF_Qrob_test_baypassSplitOut/chunk_19_summary_lda_omega.out, results/ACORN_VCF_Qrob_test_baypassSplitOut/chunk_19_summary_pi_xtx.out, results/ACORN_VCF_Qrob_test_baypassSplitOut/chunk_19_summary_yij_pij.out
    shell:
        
        g_baypass         -nthreads 1         -npop 40 -gfile results/ACORN_VCF_Qrob_test_geno_baypass_19.txt -poolsizefile data/poolsize         -d0yij 3 -npilot 20         -outprefix results/ACORN_VCF_Qrob_test_baypassSplitOut/chunk_19
        
        (one of the commands exited with non-zero exit code; note that snakemake uses bash strict mode!)

[Mon May 20 03:31:05 2024]
Error in rule run_baypass_1:
    jobid: 12
    input: results/ACORN_VCF_Qrob_test_geno_baypass_8.txt
    output: results/ACORN_VCF_Qrob_test_baypassSplitOut/chunk_8_DIC.out, results/ACORN_VCF_Qrob_test_baypassSplitOut/chunk_8_mat_omega.out, results/ACORN_VCF_Qrob_test_baypassSplitOut/chunk_8_summary_beta_params.out, results/ACORN_VCF_Qrob_test_baypassSplitOut/chunk_8_summary_lda_omega.out, results/ACORN_VCF_Qrob_test_baypassSplitOut/chunk_8_summary_pi_xtx.out, results/ACORN_VCF_Qrob_test_baypassSplitOut/chunk_8_summary_yij_pij.out
    shell:
        
        g_baypass         -nthreads 1         -npop 40 -gfile results/ACORN_VCF_Qrob_test_geno_baypass_8.txt -poolsizefile data/poolsize         -d0yij 3 -npilot 20         -outprefix results/ACORN_VCF_Qrob_test_baypassSplitOut/chunk_8
        
        (one of the commands exited with non-zero exit code; note that snakemake uses bash strict mode!)

[Mon May 20 03:31:05 2024]
[Mon May 20 03:31:05 2024]
[Mon May 20 03:31:05 2024]
Error in rule run_baypass_1:
    jobid: 18
    input: results/ACORN_VCF_Qrob_test_geno_baypass_14.txt
    output: results/ACORN_VCF_Qrob_test_baypassSplitOut/chunk_14_DIC.out, results/ACORN_VCF_Qrob_test_baypassSplitOut/chunk_14_mat_omega.out, results/ACORN_VCF_Qrob_test_baypassSplitOut/chunk_14_summary_beta_params.out, results/ACORN_VCF_Qrob_test_baypassSplitOut/chunk_14_summary_lda_omega.out, results/ACORN_VCF_Qrob_test_baypassSplitOut/chunk_14_summary_pi_xtx.out, results/ACORN_VCF_Qrob_test_baypassSplitOut/chunk_14_summary_yij_pij.out
    shell:
        
        g_baypass         -nthreads 1         -npop 40 -gfile results/ACORN_VCF_Qrob_test_geno_baypass_14.txt -poolsizefile data/poolsize         -d0yij 3 -npilot 20         -outprefix results/ACORN_VCF_Qrob_test_baypassSplitOut/chunk_14
        
        (one of the commands exited with non-zero exit code; note that snakemake uses bash strict mode!)

Error in rule run_baypass_1:
    jobid: 11
    input: results/ACORN_VCF_Qrob_test_geno_baypass_7.txt
    output: results/ACORN_VCF_Qrob_test_baypassSplitOut/chunk_7_DIC.out, results/ACORN_VCF_Qrob_test_baypassSplitOut/chunk_7_mat_omega.out, results/ACORN_VCF_Qrob_test_baypassSplitOut/chunk_7_summary_beta_params.out, results/ACORN_VCF_Qrob_test_baypassSplitOut/chunk_7_summary_lda_omega.out, results/ACORN_VCF_Qrob_test_baypassSplitOut/chunk_7_summary_pi_xtx.out, results/ACORN_VCF_Qrob_test_baypassSplitOut/chunk_7_summary_yij_pij.out
    shell:
        
        g_baypass         -nthreads 1         -npop 40 -gfile results/ACORN_VCF_Qrob_test_geno_baypass_7.txt -poolsizefile data/poolsize         -d0yij 3 -npilot 20         -outprefix results/ACORN_VCF_Qrob_test_baypassSplitOut/chunk_7
        
        (one of the commands exited with non-zero exit code; note that snakemake uses bash strict mode!)

[Mon May 20 03:31:05 2024]
[Mon May 20 03:31:05 2024]
Error in rule run_baypass_1:
    jobid: 17
    input: results/ACORN_VCF_Qrob_test_geno_baypass_13.txt
    output: results/ACORN_VCF_Qrob_test_baypassSplitOut/chunk_13_DIC.out, results/ACORN_VCF_Qrob_test_baypassSplitOut/chunk_13_mat_omega.out, results/ACORN_VCF_Qrob_test_baypassSplitOut/chunk_13_summary_beta_params.out, results/ACORN_VCF_Qrob_test_baypassSplitOut/chunk_13_summary_lda_omega.out, results/ACORN_VCF_Qrob_test_baypassSplitOut/chunk_13_summary_pi_xtx.out, results/ACORN_VCF_Qrob_test_baypassSplitOut/chunk_13_summary_yij_pij.out
    shell:
        
        g_baypass         -nthreads 1         -npop 40 -gfile results/ACORN_VCF_Qrob_test_geno_baypass_13.txt -poolsizefile data/poolsize         -d0yij 3 -npilot 20         -outprefix results/ACORN_VCF_Qrob_test_baypassSplitOut/chunk_13
        
        (one of the commands exited with non-zero exit code; note that snakemake uses bash strict mode!)

[Mon May 20 03:31:05 2024]
[Mon May 20 03:31:05 2024]
Error in rule run_baypass_1:
    jobid: 1
    input: results/ACORN_VCF_Qrob_test_geno_baypass_1.txt
    output: results/ACORN_VCF_Qrob_test_baypassSplitOut/chunk_1_DIC.out, results/ACORN_VCF_Qrob_test_baypassSplitOut/chunk_1_mat_omega.out, results/ACORN_VCF_Qrob_test_baypassSplitOut/chunk_1_summary_beta_params.out, results/ACORN_VCF_Qrob_test_baypassSplitOut/chunk_1_summary_lda_omega.out, results/ACORN_VCF_Qrob_test_baypassSplitOut/chunk_1_summary_pi_xtx.out, results/ACORN_VCF_Qrob_test_baypassSplitOut/chunk_1_summary_yij_pij.out
    shell:
        
        g_baypass         -nthreads 1         -npop 40 -gfile results/ACORN_VCF_Qrob_test_geno_baypass_1.txt -poolsizefile data/poolsize         -d0yij 3 -npilot 20         -outprefix results/ACORN_VCF_Qrob_test_baypassSplitOut/chunk_1
        
        (one of the commands exited with non-zero exit code; note that snakemake uses bash strict mode!)

[Mon May 20 03:31:05 2024]
Error in rule run_baypass_1:
    jobid: 15
    input: results/ACORN_VCF_Qrob_test_geno_baypass_11.txt
    output: results/ACORN_VCF_Qrob_test_baypassSplitOut/chunk_11_DIC.out, results/ACORN_VCF_Qrob_test_baypassSplitOut/chunk_11_mat_omega.out, results/ACORN_VCF_Qrob_test_baypassSplitOut/chunk_11_summary_beta_params.out, results/ACORN_VCF_Qrob_test_baypassSplitOut/chunk_11_summary_lda_omega.out, results/ACORN_VCF_Qrob_test_baypassSplitOut/chunk_11_summary_pi_xtx.out, results/ACORN_VCF_Qrob_test_baypassSplitOut/chunk_11_summary_yij_pij.out
    shell:
        
        g_baypass         -nthreads 1         -npop 40 -gfile results/ACORN_VCF_Qrob_test_geno_baypass_11.txt -poolsizefile data/poolsize         -d0yij 3 -npilot 20         -outprefix results/ACORN_VCF_Qrob_test_baypassSplitOut/chunk_11
        
        (one of the commands exited with non-zero exit code; note that snakemake uses bash strict mode!)

Error in rule run_baypass_1:
    jobid: 10
    input: results/ACORN_VCF_Qrob_test_geno_baypass_6.txt
    output: results/ACORN_VCF_Qrob_test_baypassSplitOut/chunk_6_DIC.out, results/ACORN_VCF_Qrob_test_baypassSplitOut/chunk_6_mat_omega.out, results/ACORN_VCF_Qrob_test_baypassSplitOut/chunk_6_summary_beta_params.out, results/ACORN_VCF_Qrob_test_baypassSplitOut/chunk_6_summary_lda_omega.out, results/ACORN_VCF_Qrob_test_baypassSplitOut/chunk_6_summary_pi_xtx.out, results/ACORN_VCF_Qrob_test_baypassSplitOut/chunk_6_summary_yij_pij.out
    shell:
        
        g_baypass         -nthreads 1         -npop 40 -gfile results/ACORN_VCF_Qrob_test_geno_baypass_6.txt -poolsizefile data/poolsize         -d0yij 3 -npilot 20         -outprefix results/ACORN_VCF_Qrob_test_baypassSplitOut/chunk_6
        
        (one of the commands exited with non-zero exit code; note that snakemake uses bash strict mode!)

Error in rule run_baypass_1:
    jobid: 19
    input: results/ACORN_VCF_Qrob_test_geno_baypass_15.txt
    output: results/ACORN_VCF_Qrob_test_baypassSplitOut/chunk_15_DIC.out, results/ACORN_VCF_Qrob_test_baypassSplitOut/chunk_15_mat_omega.out, results/ACORN_VCF_Qrob_test_baypassSplitOut/chunk_15_summary_beta_params.out, results/ACORN_VCF_Qrob_test_baypassSplitOut/chunk_15_summary_lda_omega.out, results/ACORN_VCF_Qrob_test_baypassSplitOut/chunk_15_summary_pi_xtx.out, results/ACORN_VCF_Qrob_test_baypassSplitOut/chunk_15_summary_yij_pij.out
    shell:
        
        g_baypass         -nthreads 1         -npop 40 -gfile results/ACORN_VCF_Qrob_test_geno_baypass_15.txt -poolsizefile data/poolsize         -d0yij 3 -npilot 20         -outprefix results/ACORN_VCF_Qrob_test_baypassSplitOut/chunk_15
        
        (one of the commands exited with non-zero exit code; note that snakemake uses bash strict mode!)

Error in rule run_baypass_1:
    jobid: 9
    input: results/ACORN_VCF_Qrob_test_geno_baypass_5.txt
    output: results/ACORN_VCF_Qrob_test_baypassSplitOut/chunk_5_DIC.out, results/ACORN_VCF_Qrob_test_baypassSplitOut/chunk_5_mat_omega.out, results/ACORN_VCF_Qrob_test_baypassSplitOut/chunk_5_summary_beta_params.out, results/ACORN_VCF_Qrob_test_baypassSplitOut/chunk_5_summary_lda_omega.out, results/ACORN_VCF_Qrob_test_baypassSplitOut/chunk_5_summary_pi_xtx.out, results/ACORN_VCF_Qrob_test_baypassSplitOut/chunk_5_summary_yij_pij.out
    shell:
        
        g_baypass         -nthreads 1         -npop 40 -gfile results/ACORN_VCF_Qrob_test_geno_baypass_5.txt -poolsizefile data/poolsize         -d0yij 3 -npilot 20         -outprefix results/ACORN_VCF_Qrob_test_baypassSplitOut/chunk_5
        
        (one of the commands exited with non-zero exit code; note that snakemake uses bash strict mode!)

Complete log: .snakemake/log/2024-05-20T033100.792244.snakemake.log
WorkflowError:
At least one job did not complete successfully.
