Building DAG of jobs...
Using shell: /usr/bin/bash
Provided cores: 2
Rules claiming more threads will be scaled down.
Job stats:
job            count
-----------  -------
all                1
run_baypass       12
total             13

Select jobs to execute...
Execute 2 jobs...

[Sat May 18 22:02:45 2024]
localrule run_baypass:
    input: results/ACORN_VCF_Qrob_test_chunks/chunk_7, data/poolsize
    output: results/ACORN_VCF_Qrob_test_baypassSplitOut/chunk_7_DIC.out, results/ACORN_VCF_Qrob_test_baypassSplitOut/chunk_7_mat_omega.out, results/ACORN_VCF_Qrob_test_baypassSplitOut/chunk_7_summary_beta_params.out, results/ACORN_VCF_Qrob_test_baypassSplitOut/chunk_7_summary_lda_omega.out, results/ACORN_VCF_Qrob_test_baypassSplitOut/chunk_7_summary_pi_xtx.out, results/ACORN_VCF_Qrob_test_baypassSplitOut/chunk_7_summary_yij_pij.out
    jobid: 16
    reason: Missing output files: results/ACORN_VCF_Qrob_test_baypassSplitOut/chunk_7_DIC.out
    wildcards: sample=ACORN_VCF_Qrob_test, chunk=7
    resources: tmpdir=/tmp

Activating singularity image /home/nikos/other_apps/bin/poolseq_tools_0.2.11.sif

[Sat May 18 22:02:45 2024]
localrule run_baypass:
    input: results/ACORN_VCF_Qrob_test_chunks/chunk_3, data/poolsize
    output: results/ACORN_VCF_Qrob_test_baypassSplitOut/chunk_3_DIC.out, results/ACORN_VCF_Qrob_test_baypassSplitOut/chunk_3_mat_omega.out, results/ACORN_VCF_Qrob_test_baypassSplitOut/chunk_3_summary_beta_params.out, results/ACORN_VCF_Qrob_test_baypassSplitOut/chunk_3_summary_lda_omega.out, results/ACORN_VCF_Qrob_test_baypassSplitOut/chunk_3_summary_pi_xtx.out, results/ACORN_VCF_Qrob_test_baypassSplitOut/chunk_3_summary_yij_pij.out
    jobid: 8
    reason: Missing output files: results/ACORN_VCF_Qrob_test_baypassSplitOut/chunk_3_DIC.out
    wildcards: sample=ACORN_VCF_Qrob_test, chunk=3
    resources: tmpdir=/tmp

Activating singularity image /home/nikos/other_apps/bin/poolseq_tools_0.2.11.sif
Terminating processes on user request, this might take some time.
[Sat May 18 22:02:48 2024]
[Sat May 18 22:02:48 2024]
Error in rule run_baypass:
    jobid: 16
    input: results/ACORN_VCF_Qrob_test_chunks/chunk_7, data/poolsize
    output: results/ACORN_VCF_Qrob_test_baypassSplitOut/chunk_7_DIC.out, results/ACORN_VCF_Qrob_test_baypassSplitOut/chunk_7_mat_omega.out, results/ACORN_VCF_Qrob_test_baypassSplitOut/chunk_7_summary_beta_params.out, results/ACORN_VCF_Qrob_test_baypassSplitOut/chunk_7_summary_lda_omega.out, results/ACORN_VCF_Qrob_test_baypassSplitOut/chunk_7_summary_pi_xtx.out, results/ACORN_VCF_Qrob_test_baypassSplitOut/chunk_7_summary_yij_pij.out
    shell:
        
        g_baypass         -nthreads 1         -npop 40 -gfile results/ACORN_VCF_Qrob_test_chunks/chunk_7 -poolsizefile data/poolsize         -d0yij 6         -outprefix results/ACORN_VCF_Qrob_test_baypassSplitOut/chunk_7
        
        (one of the commands exited with non-zero exit code; note that snakemake uses bash strict mode!)

Error in rule run_baypass:
    jobid: 8
    input: results/ACORN_VCF_Qrob_test_chunks/chunk_3, data/poolsize
    output: results/ACORN_VCF_Qrob_test_baypassSplitOut/chunk_3_DIC.out, results/ACORN_VCF_Qrob_test_baypassSplitOut/chunk_3_mat_omega.out, results/ACORN_VCF_Qrob_test_baypassSplitOut/chunk_3_summary_beta_params.out, results/ACORN_VCF_Qrob_test_baypassSplitOut/chunk_3_summary_lda_omega.out, results/ACORN_VCF_Qrob_test_baypassSplitOut/chunk_3_summary_pi_xtx.out, results/ACORN_VCF_Qrob_test_baypassSplitOut/chunk_3_summary_yij_pij.out
    shell:
        
        g_baypass         -nthreads 1         -npop 40 -gfile results/ACORN_VCF_Qrob_test_chunks/chunk_3 -poolsizefile data/poolsize         -d0yij 6         -outprefix results/ACORN_VCF_Qrob_test_baypassSplitOut/chunk_3
        
        (one of the commands exited with non-zero exit code; note that snakemake uses bash strict mode!)

Complete log: .snakemake/log/2024-05-18T220245.252397.snakemake.log
WorkflowError:
At least one job did not complete successfully.
