Building DAG of jobs...
Using shell: /usr/bin/bash
Provided cores: 1 (use --cores to define parallelism)
Rules claiming more threads will be scaled down.
Singularity containers: ignored
Job stats:
job            count
-----------  -------
all                1
run_baypass      100
total            101

Select jobs to execute...
Execute 1 jobs...

[Fri May 17 16:57:13 2024]
localrule run_baypass:
    input: results/ACORN_VCF_Qrobur_minCov20IndelFilteredSNPs_Biallelic_miss0.1_ADP104_Subsampled_0.01_chunks/chunk_41, data/poolsize
    output: results/ACORN_VCF_Qrobur_minCov20IndelFilteredSNPs_Biallelic_miss0.1_ADP104_Subsampled_0.01_baypassSplitOut/chunk_41
    jobid: 86
    reason: Missing output files: results/ACORN_VCF_Qrobur_minCov20IndelFilteredSNPs_Biallelic_miss0.1_ADP104_Subsampled_0.01_baypassSplitOut/chunk_41
    wildcards: sample=ACORN_VCF_Qrobur_minCov20IndelFilteredSNPs_Biallelic_miss0.1_ADP104_Subsampled_0.01, chunk=41
    resources: tmpdir=/tmp

[Fri May 17 16:57:13 2024]
Error in rule run_baypass:
    jobid: 86
    input: results/ACORN_VCF_Qrobur_minCov20IndelFilteredSNPs_Biallelic_miss0.1_ADP104_Subsampled_0.01_chunks/chunk_41, data/poolsize
    output: results/ACORN_VCF_Qrobur_minCov20IndelFilteredSNPs_Biallelic_miss0.1_ADP104_Subsampled_0.01_baypassSplitOut/chunk_41
    shell:
        
        $PATH
        g_baypass -nthreads 1 -npop 40 -gfile results/ACORN_VCF_Qrobur_minCov20IndelFilteredSNPs_Biallelic_miss0.1_ADP104_Subsampled_0.01_chunks/chunk_41 -poolsizefile data/poolsize -d0yij 6 -outprefix results/ACORN_VCF_Qrobur_minCov20IndelFilteredSNPs_Biallelic_miss0.1_ADP104_Subsampled_0.01_baypassSplitOut/chunk_41 -print_omega -print_cov -print_beta -print_pi
        
        (one of the commands exited with non-zero exit code; note that snakemake uses bash strict mode!)

Shutting down, this might take some time.
Exiting because a job execution failed. Look above for error message
Complete log: .snakemake/log/2024-05-17T165712.664563.snakemake.log
WorkflowError:
At least one job did not complete successfully.
