Building DAG of jobs...
Using shell: /usr/bin/bash
Provided cores: 1 (use --cores to define parallelism)
Rules claiming more threads will be scaled down.
Job stats:
job               count
--------------  -------
all                   1
counts2baypass        1
pool_name_fix         1
run_baypass         100
split_baypass       100
vcf2counts            1
total               204

Select jobs to execute...
Execute 1 jobs...

[Sat May 18 18:34:32 2024]
localrule vcf2counts:
    input: data/ACORN_VCF_Qrob_test.vcf
    output: results/ACORN_VCF_Qrob_test_counts.txt
    log: logs/vcf2counts/ACORN_VCF_Qrob_test_vcf2counts.log
    jobid: 5
    reason: Missing output files: results/ACORN_VCF_Qrob_test_counts.txt
    wildcards: sample=ACORN_VCF_Qrob_test
    resources: tmpdir=/tmp

Activating singularity image /home/nikos/other_apps/bin/poolseq_tools_0.2.10.sif
[Sat May 18 18:34:33 2024]
Finished job 5.
1 of 204 steps (0.5%) done
Select jobs to execute...
Execute 1 jobs...

[Sat May 18 18:34:33 2024]
localrule pool_name_fix:
    input: results/ACORN_VCF_Qrob_test_counts.txt
    output: results/ACORN_VCF_Qrob_test_counts_fixed.txt
    jobid: 4
    reason: Missing output files: results/ACORN_VCF_Qrob_test_counts_fixed.txt; Input files updated by another job: results/ACORN_VCF_Qrob_test_counts.txt
    wildcards: sample=ACORN_VCF_Qrob_test
    resources: tmpdir=/tmp

Activating singularity image /home/nikos/other_apps/bin/poolseq_tools_0.2.10.sif
[Sat May 18 18:34:33 2024]
Finished job 4.
2 of 204 steps (1%) done
Removing temporary output results/ACORN_VCF_Qrob_test_counts.txt.
Select jobs to execute...
Execute 1 jobs...

[Sat May 18 18:34:33 2024]
localrule counts2baypass:
    input: results/ACORN_VCF_Qrob_test_counts_fixed.txt
    output: results/ACORN_VCF_Qrob_test_geno_baypass.txt
    jobid: 3
    reason: Missing output files: results/ACORN_VCF_Qrob_test_geno_baypass.txt; Input files updated by another job: results/ACORN_VCF_Qrob_test_counts_fixed.txt
    wildcards: sample=ACORN_VCF_Qrob_test
    resources: tmpdir=/tmp

Activating singularity image /home/nikos/other_apps/bin/poolseq_tools_0.2.10.sif
[Sat May 18 18:34:34 2024]
Finished job 3.
3 of 204 steps (1%) done
Select jobs to execute...
Execute 1 jobs...

[Sat May 18 18:34:34 2024]
localrule split_baypass:
    input: results/ACORN_VCF_Qrob_test_geno_baypass.txt
    output: results/ACORN_VCF_Qrob_test_chunks/chunk_90, results/ACORN_VCF_Qrob_test_chunks/chunk_90, results/ACORN_VCF_Qrob_test_chunks/chunk_90, results/ACORN_VCF_Qrob_test_chunks/chunk_90, results/ACORN_VCF_Qrob_test_chunks/chunk_90, results/ACORN_VCF_Qrob_test_chunks/chunk_90, results/ACORN_VCF_Qrob_test_chunks/chunk_90, results/ACORN_VCF_Qrob_test_chunks/chunk_90, results/ACORN_VCF_Qrob_test_chunks/chunk_90, results/ACORN_VCF_Qrob_test_chunks/chunk_90, results/ACORN_VCF_Qrob_test_chunks/chunk_90, results/ACORN_VCF_Qrob_test_chunks/chunk_90, results/ACORN_VCF_Qrob_test_chunks/chunk_90, results/ACORN_VCF_Qrob_test_chunks/chunk_90, results/ACORN_VCF_Qrob_test_chunks/chunk_90, results/ACORN_VCF_Qrob_test_chunks/chunk_90, results/ACORN_VCF_Qrob_test_chunks/chunk_90, results/ACORN_VCF_Qrob_test_chunks/chunk_90, results/ACORN_VCF_Qrob_test_chunks/chunk_90, results/ACORN_VCF_Qrob_test_chunks/chunk_90, results/ACORN_VCF_Qrob_test_chunks/chunk_90, results/ACORN_VCF_Qrob_test_chunks/chunk_90, results/ACORN_VCF_Qrob_test_chunks/chunk_90, results/ACORN_VCF_Qrob_test_chunks/chunk_90, results/ACORN_VCF_Qrob_test_chunks/chunk_90, results/ACORN_VCF_Qrob_test_chunks/chunk_90, results/ACORN_VCF_Qrob_test_chunks/chunk_90, results/ACORN_VCF_Qrob_test_chunks/chunk_90, results/ACORN_VCF_Qrob_test_chunks/chunk_90, results/ACORN_VCF_Qrob_test_chunks/chunk_90, results/ACORN_VCF_Qrob_test_chunks/chunk_90, results/ACORN_VCF_Qrob_test_chunks/chunk_90, results/ACORN_VCF_Qrob_test_chunks/chunk_90, results/ACORN_VCF_Qrob_test_chunks/chunk_90, results/ACORN_VCF_Qrob_test_chunks/chunk_90, results/ACORN_VCF_Qrob_test_chunks/chunk_90, results/ACORN_VCF_Qrob_test_chunks/chunk_90, results/ACORN_VCF_Qrob_test_chunks/chunk_90, results/ACORN_VCF_Qrob_test_chunks/chunk_90, results/ACORN_VCF_Qrob_test_chunks/chunk_90, results/ACORN_VCF_Qrob_test_chunks/chunk_90, results/ACORN_VCF_Qrob_test_chunks/chunk_90, results/ACORN_VCF_Qrob_test_chunks/chunk_90, results/ACORN_VCF_Qrob_test_chunks/chunk_90, results/ACORN_VCF_Qrob_test_chunks/chunk_90, results/ACORN_VCF_Qrob_test_chunks/chunk_90, results/ACORN_VCF_Qrob_test_chunks/chunk_90, results/ACORN_VCF_Qrob_test_chunks/chunk_90, results/ACORN_VCF_Qrob_test_chunks/chunk_90, results/ACORN_VCF_Qrob_test_chunks/chunk_90, results/ACORN_VCF_Qrob_test_chunks/chunk_90, results/ACORN_VCF_Qrob_test_chunks/chunk_90, results/ACORN_VCF_Qrob_test_chunks/chunk_90, results/ACORN_VCF_Qrob_test_chunks/chunk_90, results/ACORN_VCF_Qrob_test_chunks/chunk_90, results/ACORN_VCF_Qrob_test_chunks/chunk_90, results/ACORN_VCF_Qrob_test_chunks/chunk_90, results/ACORN_VCF_Qrob_test_chunks/chunk_90, results/ACORN_VCF_Qrob_test_chunks/chunk_90, results/ACORN_VCF_Qrob_test_chunks/chunk_90, results/ACORN_VCF_Qrob_test_chunks/chunk_90, results/ACORN_VCF_Qrob_test_chunks/chunk_90, results/ACORN_VCF_Qrob_test_chunks/chunk_90, results/ACORN_VCF_Qrob_test_chunks/chunk_90, results/ACORN_VCF_Qrob_test_chunks/chunk_90, results/ACORN_VCF_Qrob_test_chunks/chunk_90, results/ACORN_VCF_Qrob_test_chunks/chunk_90, results/ACORN_VCF_Qrob_test_chunks/chunk_90, results/ACORN_VCF_Qrob_test_chunks/chunk_90, results/ACORN_VCF_Qrob_test_chunks/chunk_90, results/ACORN_VCF_Qrob_test_chunks/chunk_90, results/ACORN_VCF_Qrob_test_chunks/chunk_90, results/ACORN_VCF_Qrob_test_chunks/chunk_90, results/ACORN_VCF_Qrob_test_chunks/chunk_90, results/ACORN_VCF_Qrob_test_chunks/chunk_90, results/ACORN_VCF_Qrob_test_chunks/chunk_90, results/ACORN_VCF_Qrob_test_chunks/chunk_90, results/ACORN_VCF_Qrob_test_chunks/chunk_90, results/ACORN_VCF_Qrob_test_chunks/chunk_90, results/ACORN_VCF_Qrob_test_chunks/chunk_90, results/ACORN_VCF_Qrob_test_chunks/chunk_90, results/ACORN_VCF_Qrob_test_chunks/chunk_90, results/ACORN_VCF_Qrob_test_chunks/chunk_90, results/ACORN_VCF_Qrob_test_chunks/chunk_90, results/ACORN_VCF_Qrob_test_chunks/chunk_90, results/ACORN_VCF_Qrob_test_chunks/chunk_90, results/ACORN_VCF_Qrob_test_chunks/chunk_90, results/ACORN_VCF_Qrob_test_chunks/chunk_90, results/ACORN_VCF_Qrob_test_chunks/chunk_90, results/ACORN_VCF_Qrob_test_chunks/chunk_90, results/ACORN_VCF_Qrob_test_chunks/chunk_90, results/ACORN_VCF_Qrob_test_chunks/chunk_90, results/ACORN_VCF_Qrob_test_chunks/chunk_90, results/ACORN_VCF_Qrob_test_chunks/chunk_90, results/ACORN_VCF_Qrob_test_chunks/chunk_90, results/ACORN_VCF_Qrob_test_chunks/chunk_90, results/ACORN_VCF_Qrob_test_chunks/chunk_90, results/ACORN_VCF_Qrob_test_chunks/chunk_90, results/ACORN_VCF_Qrob_test_chunks/chunk_90, results/ACORN_VCF_Qrob_test_chunks/chunk_90
    jobid: 185
    reason: Missing output files: results/ACORN_VCF_Qrob_test_chunks/chunk_90; Input files updated by another job: results/ACORN_VCF_Qrob_test_geno_baypass.txt
    wildcards: sample=ACORN_VCF_Qrob_test, chunk=90
    resources: tmpdir=/tmp

Activating singularity image /home/nikos/other_apps/bin/poolseq_tools_0.2.10.sif
[Sat May 18 18:34:34 2024]
Finished job 185.
4 of 204 steps (2%) done
Select jobs to execute...
Execute 1 jobs...

[Sat May 18 18:34:34 2024]
localrule split_baypass:
    input: results/ACORN_VCF_Qrob_test_geno_baypass.txt
    output: results/ACORN_VCF_Qrob_test_chunks/chunk_43, results/ACORN_VCF_Qrob_test_chunks/chunk_43, results/ACORN_VCF_Qrob_test_chunks/chunk_43, results/ACORN_VCF_Qrob_test_chunks/chunk_43, results/ACORN_VCF_Qrob_test_chunks/chunk_43, results/ACORN_VCF_Qrob_test_chunks/chunk_43, results/ACORN_VCF_Qrob_test_chunks/chunk_43, results/ACORN_VCF_Qrob_test_chunks/chunk_43, results/ACORN_VCF_Qrob_test_chunks/chunk_43, results/ACORN_VCF_Qrob_test_chunks/chunk_43, results/ACORN_VCF_Qrob_test_chunks/chunk_43, results/ACORN_VCF_Qrob_test_chunks/chunk_43, results/ACORN_VCF_Qrob_test_chunks/chunk_43, results/ACORN_VCF_Qrob_test_chunks/chunk_43, results/ACORN_VCF_Qrob_test_chunks/chunk_43, results/ACORN_VCF_Qrob_test_chunks/chunk_43, results/ACORN_VCF_Qrob_test_chunks/chunk_43, results/ACORN_VCF_Qrob_test_chunks/chunk_43, results/ACORN_VCF_Qrob_test_chunks/chunk_43, results/ACORN_VCF_Qrob_test_chunks/chunk_43, results/ACORN_VCF_Qrob_test_chunks/chunk_43, results/ACORN_VCF_Qrob_test_chunks/chunk_43, results/ACORN_VCF_Qrob_test_chunks/chunk_43, results/ACORN_VCF_Qrob_test_chunks/chunk_43, results/ACORN_VCF_Qrob_test_chunks/chunk_43, results/ACORN_VCF_Qrob_test_chunks/chunk_43, results/ACORN_VCF_Qrob_test_chunks/chunk_43, results/ACORN_VCF_Qrob_test_chunks/chunk_43, results/ACORN_VCF_Qrob_test_chunks/chunk_43, results/ACORN_VCF_Qrob_test_chunks/chunk_43, results/ACORN_VCF_Qrob_test_chunks/chunk_43, results/ACORN_VCF_Qrob_test_chunks/chunk_43, results/ACORN_VCF_Qrob_test_chunks/chunk_43, results/ACORN_VCF_Qrob_test_chunks/chunk_43, results/ACORN_VCF_Qrob_test_chunks/chunk_43, results/ACORN_VCF_Qrob_test_chunks/chunk_43, results/ACORN_VCF_Qrob_test_chunks/chunk_43, results/ACORN_VCF_Qrob_test_chunks/chunk_43, results/ACORN_VCF_Qrob_test_chunks/chunk_43, results/ACORN_VCF_Qrob_test_chunks/chunk_43, results/ACORN_VCF_Qrob_test_chunks/chunk_43, results/ACORN_VCF_Qrob_test_chunks/chunk_43, results/ACORN_VCF_Qrob_test_chunks/chunk_43, results/ACORN_VCF_Qrob_test_chunks/chunk_43, results/ACORN_VCF_Qrob_test_chunks/chunk_43, results/ACORN_VCF_Qrob_test_chunks/chunk_43, results/ACORN_VCF_Qrob_test_chunks/chunk_43, results/ACORN_VCF_Qrob_test_chunks/chunk_43, results/ACORN_VCF_Qrob_test_chunks/chunk_43, results/ACORN_VCF_Qrob_test_chunks/chunk_43, results/ACORN_VCF_Qrob_test_chunks/chunk_43, results/ACORN_VCF_Qrob_test_chunks/chunk_43, results/ACORN_VCF_Qrob_test_chunks/chunk_43, results/ACORN_VCF_Qrob_test_chunks/chunk_43, results/ACORN_VCF_Qrob_test_chunks/chunk_43, results/ACORN_VCF_Qrob_test_chunks/chunk_43, results/ACORN_VCF_Qrob_test_chunks/chunk_43, results/ACORN_VCF_Qrob_test_chunks/chunk_43, results/ACORN_VCF_Qrob_test_chunks/chunk_43, results/ACORN_VCF_Qrob_test_chunks/chunk_43, results/ACORN_VCF_Qrob_test_chunks/chunk_43, results/ACORN_VCF_Qrob_test_chunks/chunk_43, results/ACORN_VCF_Qrob_test_chunks/chunk_43, results/ACORN_VCF_Qrob_test_chunks/chunk_43, results/ACORN_VCF_Qrob_test_chunks/chunk_43, results/ACORN_VCF_Qrob_test_chunks/chunk_43, results/ACORN_VCF_Qrob_test_chunks/chunk_43, results/ACORN_VCF_Qrob_test_chunks/chunk_43, results/ACORN_VCF_Qrob_test_chunks/chunk_43, results/ACORN_VCF_Qrob_test_chunks/chunk_43, results/ACORN_VCF_Qrob_test_chunks/chunk_43, results/ACORN_VCF_Qrob_test_chunks/chunk_43, results/ACORN_VCF_Qrob_test_chunks/chunk_43, results/ACORN_VCF_Qrob_test_chunks/chunk_43, results/ACORN_VCF_Qrob_test_chunks/chunk_43, results/ACORN_VCF_Qrob_test_chunks/chunk_43, results/ACORN_VCF_Qrob_test_chunks/chunk_43, results/ACORN_VCF_Qrob_test_chunks/chunk_43, results/ACORN_VCF_Qrob_test_chunks/chunk_43, results/ACORN_VCF_Qrob_test_chunks/chunk_43, results/ACORN_VCF_Qrob_test_chunks/chunk_43, results/ACORN_VCF_Qrob_test_chunks/chunk_43, results/ACORN_VCF_Qrob_test_chunks/chunk_43, results/ACORN_VCF_Qrob_test_chunks/chunk_43, results/ACORN_VCF_Qrob_test_chunks/chunk_43, results/ACORN_VCF_Qrob_test_chunks/chunk_43, results/ACORN_VCF_Qrob_test_chunks/chunk_43, results/ACORN_VCF_Qrob_test_chunks/chunk_43, results/ACORN_VCF_Qrob_test_chunks/chunk_43, results/ACORN_VCF_Qrob_test_chunks/chunk_43, results/ACORN_VCF_Qrob_test_chunks/chunk_43, results/ACORN_VCF_Qrob_test_chunks/chunk_43, results/ACORN_VCF_Qrob_test_chunks/chunk_43, results/ACORN_VCF_Qrob_test_chunks/chunk_43, results/ACORN_VCF_Qrob_test_chunks/chunk_43, results/ACORN_VCF_Qrob_test_chunks/chunk_43, results/ACORN_VCF_Qrob_test_chunks/chunk_43, results/ACORN_VCF_Qrob_test_chunks/chunk_43, results/ACORN_VCF_Qrob_test_chunks/chunk_43, results/ACORN_VCF_Qrob_test_chunks/chunk_43
    jobid: 91
    reason: Missing output files: results/ACORN_VCF_Qrob_test_chunks/chunk_43; Input files updated by another job: results/ACORN_VCF_Qrob_test_geno_baypass.txt
    wildcards: sample=ACORN_VCF_Qrob_test, chunk=43
    resources: tmpdir=/tmp

Warning: the following output files of rule split_baypass were not present when the DAG was created:
{'results/ACORN_VCF_Qrob_test_chunks/chunk_43'}
Activating singularity image /home/nikos/other_apps/bin/poolseq_tools_0.2.10.sif
[Sat May 18 18:34:34 2024]
Finished job 91.
5 of 204 steps (2%) done
Select jobs to execute...
Execute 1 jobs...

[Sat May 18 18:34:34 2024]
localrule split_baypass:
    input: results/ACORN_VCF_Qrob_test_geno_baypass.txt
    output: results/ACORN_VCF_Qrob_test_chunks/chunk_27, results/ACORN_VCF_Qrob_test_chunks/chunk_27, results/ACORN_VCF_Qrob_test_chunks/chunk_27, results/ACORN_VCF_Qrob_test_chunks/chunk_27, results/ACORN_VCF_Qrob_test_chunks/chunk_27, results/ACORN_VCF_Qrob_test_chunks/chunk_27, results/ACORN_VCF_Qrob_test_chunks/chunk_27, results/ACORN_VCF_Qrob_test_chunks/chunk_27, results/ACORN_VCF_Qrob_test_chunks/chunk_27, results/ACORN_VCF_Qrob_test_chunks/chunk_27, results/ACORN_VCF_Qrob_test_chunks/chunk_27, results/ACORN_VCF_Qrob_test_chunks/chunk_27, results/ACORN_VCF_Qrob_test_chunks/chunk_27, results/ACORN_VCF_Qrob_test_chunks/chunk_27, results/ACORN_VCF_Qrob_test_chunks/chunk_27, results/ACORN_VCF_Qrob_test_chunks/chunk_27, results/ACORN_VCF_Qrob_test_chunks/chunk_27, results/ACORN_VCF_Qrob_test_chunks/chunk_27, results/ACORN_VCF_Qrob_test_chunks/chunk_27, results/ACORN_VCF_Qrob_test_chunks/chunk_27, results/ACORN_VCF_Qrob_test_chunks/chunk_27, results/ACORN_VCF_Qrob_test_chunks/chunk_27, results/ACORN_VCF_Qrob_test_chunks/chunk_27, results/ACORN_VCF_Qrob_test_chunks/chunk_27, results/ACORN_VCF_Qrob_test_chunks/chunk_27, results/ACORN_VCF_Qrob_test_chunks/chunk_27, results/ACORN_VCF_Qrob_test_chunks/chunk_27, results/ACORN_VCF_Qrob_test_chunks/chunk_27, results/ACORN_VCF_Qrob_test_chunks/chunk_27, results/ACORN_VCF_Qrob_test_chunks/chunk_27, results/ACORN_VCF_Qrob_test_chunks/chunk_27, results/ACORN_VCF_Qrob_test_chunks/chunk_27, results/ACORN_VCF_Qrob_test_chunks/chunk_27, results/ACORN_VCF_Qrob_test_chunks/chunk_27, results/ACORN_VCF_Qrob_test_chunks/chunk_27, results/ACORN_VCF_Qrob_test_chunks/chunk_27, results/ACORN_VCF_Qrob_test_chunks/chunk_27, results/ACORN_VCF_Qrob_test_chunks/chunk_27, results/ACORN_VCF_Qrob_test_chunks/chunk_27, results/ACORN_VCF_Qrob_test_chunks/chunk_27, results/ACORN_VCF_Qrob_test_chunks/chunk_27, results/ACORN_VCF_Qrob_test_chunks/chunk_27, results/ACORN_VCF_Qrob_test_chunks/chunk_27, results/ACORN_VCF_Qrob_test_chunks/chunk_27, results/ACORN_VCF_Qrob_test_chunks/chunk_27, results/ACORN_VCF_Qrob_test_chunks/chunk_27, results/ACORN_VCF_Qrob_test_chunks/chunk_27, results/ACORN_VCF_Qrob_test_chunks/chunk_27, results/ACORN_VCF_Qrob_test_chunks/chunk_27, results/ACORN_VCF_Qrob_test_chunks/chunk_27, results/ACORN_VCF_Qrob_test_chunks/chunk_27, results/ACORN_VCF_Qrob_test_chunks/chunk_27, results/ACORN_VCF_Qrob_test_chunks/chunk_27, results/ACORN_VCF_Qrob_test_chunks/chunk_27, results/ACORN_VCF_Qrob_test_chunks/chunk_27, results/ACORN_VCF_Qrob_test_chunks/chunk_27, results/ACORN_VCF_Qrob_test_chunks/chunk_27, results/ACORN_VCF_Qrob_test_chunks/chunk_27, results/ACORN_VCF_Qrob_test_chunks/chunk_27, results/ACORN_VCF_Qrob_test_chunks/chunk_27, results/ACORN_VCF_Qrob_test_chunks/chunk_27, results/ACORN_VCF_Qrob_test_chunks/chunk_27, results/ACORN_VCF_Qrob_test_chunks/chunk_27, results/ACORN_VCF_Qrob_test_chunks/chunk_27, results/ACORN_VCF_Qrob_test_chunks/chunk_27, results/ACORN_VCF_Qrob_test_chunks/chunk_27, results/ACORN_VCF_Qrob_test_chunks/chunk_27, results/ACORN_VCF_Qrob_test_chunks/chunk_27, results/ACORN_VCF_Qrob_test_chunks/chunk_27, results/ACORN_VCF_Qrob_test_chunks/chunk_27, results/ACORN_VCF_Qrob_test_chunks/chunk_27, results/ACORN_VCF_Qrob_test_chunks/chunk_27, results/ACORN_VCF_Qrob_test_chunks/chunk_27, results/ACORN_VCF_Qrob_test_chunks/chunk_27, results/ACORN_VCF_Qrob_test_chunks/chunk_27, results/ACORN_VCF_Qrob_test_chunks/chunk_27, results/ACORN_VCF_Qrob_test_chunks/chunk_27, results/ACORN_VCF_Qrob_test_chunks/chunk_27, results/ACORN_VCF_Qrob_test_chunks/chunk_27, results/ACORN_VCF_Qrob_test_chunks/chunk_27, results/ACORN_VCF_Qrob_test_chunks/chunk_27, results/ACORN_VCF_Qrob_test_chunks/chunk_27, results/ACORN_VCF_Qrob_test_chunks/chunk_27, results/ACORN_VCF_Qrob_test_chunks/chunk_27, results/ACORN_VCF_Qrob_test_chunks/chunk_27, results/ACORN_VCF_Qrob_test_chunks/chunk_27, results/ACORN_VCF_Qrob_test_chunks/chunk_27, results/ACORN_VCF_Qrob_test_chunks/chunk_27, results/ACORN_VCF_Qrob_test_chunks/chunk_27, results/ACORN_VCF_Qrob_test_chunks/chunk_27, results/ACORN_VCF_Qrob_test_chunks/chunk_27, results/ACORN_VCF_Qrob_test_chunks/chunk_27, results/ACORN_VCF_Qrob_test_chunks/chunk_27, results/ACORN_VCF_Qrob_test_chunks/chunk_27, results/ACORN_VCF_Qrob_test_chunks/chunk_27, results/ACORN_VCF_Qrob_test_chunks/chunk_27, results/ACORN_VCF_Qrob_test_chunks/chunk_27, results/ACORN_VCF_Qrob_test_chunks/chunk_27, results/ACORN_VCF_Qrob_test_chunks/chunk_27, results/ACORN_VCF_Qrob_test_chunks/chunk_27
    jobid: 59
    reason: Missing output files: results/ACORN_VCF_Qrob_test_chunks/chunk_27; Input files updated by another job: results/ACORN_VCF_Qrob_test_geno_baypass.txt
    wildcards: sample=ACORN_VCF_Qrob_test, chunk=27
    resources: tmpdir=/tmp

Warning: the following output files of rule split_baypass were not present when the DAG was created:
{'results/ACORN_VCF_Qrob_test_chunks/chunk_27'}
Activating singularity image /home/nikos/other_apps/bin/poolseq_tools_0.2.10.sif
[Sat May 18 18:34:34 2024]
Finished job 59.
6 of 204 steps (3%) done
Select jobs to execute...
Execute 1 jobs...

[Sat May 18 18:34:35 2024]
localrule run_baypass:
    input: results/ACORN_VCF_Qrob_test_chunks/chunk_27, data/poolsize
    output: results/ACORN_VCF_Qrob_test_baypassSplitOut/chunk_27_DIC.out, results/ACORN_VCF_Qrob_test_baypassSplitOut/chunk_27_mat_omega.out, results/ACORN_VCF_Qrob_test_baypassSplitOut/chunk_27_summary_beta_params.out, results/ACORN_VCF_Qrob_test_baypassSplitOut/chunk_27_summary_lda_omega.out, results/ACORN_VCF_Qrob_test_baypassSplitOut/chunk_27_summary_pi_xtx.out, results/ACORN_VCF_Qrob_test_baypassSplitOut/chunk_27_summary_yij_pij.out
    jobid: 58
    reason: Missing output files: results/ACORN_VCF_Qrob_test_baypassSplitOut/chunk_27_DIC.out; Input files updated by another job: results/ACORN_VCF_Qrob_test_chunks/chunk_27
    wildcards: sample=ACORN_VCF_Qrob_test, chunk=27
    resources: tmpdir=/tmp

Activating singularity image /home/nikos/other_apps/bin/poolseq_tools_0.2.10.sif
[Sat May 18 18:34:35 2024]
Error in rule run_baypass:
    jobid: 58
    input: results/ACORN_VCF_Qrob_test_chunks/chunk_27, data/poolsize
    output: results/ACORN_VCF_Qrob_test_baypassSplitOut/chunk_27_DIC.out, results/ACORN_VCF_Qrob_test_baypassSplitOut/chunk_27_mat_omega.out, results/ACORN_VCF_Qrob_test_baypassSplitOut/chunk_27_summary_beta_params.out, results/ACORN_VCF_Qrob_test_baypassSplitOut/chunk_27_summary_lda_omega.out, results/ACORN_VCF_Qrob_test_baypassSplitOut/chunk_27_summary_pi_xtx.out, results/ACORN_VCF_Qrob_test_baypassSplitOut/chunk_27_summary_yij_pij.out
    shell:
        
        g_baypass         -nthreads 1 \ 
        -npop 40 -gfile results/ACORN_VCF_Qrob_test_chunks/chunk_27 -poolsizefile data/poolsize         -d0yij 6         -outprefix results/ACORN_VCF_Qrob_test_baypassSplitOut/chunk_27
        
        (one of the commands exited with non-zero exit code; note that snakemake uses bash strict mode!)

Shutting down, this might take some time.
Exiting because a job execution failed. Look above for error message
Complete log: .snakemake/log/2024-05-18T183432.444798.snakemake.log
WorkflowError:
At least one job did not complete successfully.
