Building DAG of jobs...
Using shell: /usr/bin/bash
Provided cores: 1 (use --cores to define parallelism)
Rules claiming more threads will be scaled down.
Job stats:
job              count
-------------  -------
all                  1
run_baypass         12
split_baypass        2
total               15

Select jobs to execute...
Execute 1 jobs...

[Sat May 18 19:57:29 2024]
localrule run_baypass:
    input: results/ACORN_VCF_Qrob_test_chunks/chunk_10, data/poolsize
    output: results/ACORN_VCF_Qrob_test_baypassSplitOut/chunk_10_DIC.out, results/ACORN_VCF_Qrob_test_baypassSplitOut/chunk_10_mat_omega.out, results/ACORN_VCF_Qrob_test_baypassSplitOut/chunk_10_summary_beta_params.out, results/ACORN_VCF_Qrob_test_baypassSplitOut/chunk_10_summary_lda_omega.out, results/ACORN_VCF_Qrob_test_baypassSplitOut/chunk_10_summary_pi_xtx.out, results/ACORN_VCF_Qrob_test_baypassSplitOut/chunk_10_summary_yij_pij.out
    jobid: 24
    reason: Missing output files: results/ACORN_VCF_Qrob_test_baypassSplitOut/chunk_10_DIC.out
    wildcards: sample=ACORN_VCF_Qrob_test, chunk=10
    resources: tmpdir=/tmp

Activating singularity image /home/nikos/other_apps/bin/poolseq_tools_0.2.10.sif
Terminating processes on user request, this might take some time.
[Sat May 18 19:57:33 2024]
Error in rule run_baypass:
    jobid: 24
    input: results/ACORN_VCF_Qrob_test_chunks/chunk_10, data/poolsize
    output: results/ACORN_VCF_Qrob_test_baypassSplitOut/chunk_10_DIC.out, results/ACORN_VCF_Qrob_test_baypassSplitOut/chunk_10_mat_omega.out, results/ACORN_VCF_Qrob_test_baypassSplitOut/chunk_10_summary_beta_params.out, results/ACORN_VCF_Qrob_test_baypassSplitOut/chunk_10_summary_lda_omega.out, results/ACORN_VCF_Qrob_test_baypassSplitOut/chunk_10_summary_pi_xtx.out, results/ACORN_VCF_Qrob_test_baypassSplitOut/chunk_10_summary_yij_pij.out
    shell:
        
        g_baypass         -nthreads 1         -npop 40 -gfile results/ACORN_VCF_Qrob_test_chunks/chunk_10 -poolsizefile data/poolsize         -d0yij 6         -outprefix results/ACORN_VCF_Qrob_test_baypassSplitOut/chunk_10
        
        (one of the commands exited with non-zero exit code; note that snakemake uses bash strict mode!)

Complete log: .snakemake/log/2024-05-18T195729.618671.snakemake.log
WorkflowError:
At least one job did not complete successfully.
