Building DAG of jobs...
Using shell: /usr/bin/bash
Provided cores: 10
Rules claiming more threads will be scaled down.
Job stats:
job               count
--------------  -------
all                   1
counts2baypass        1
pool_name_fix         1
run_baypass_1        19
sample_baypass        1
vcf2counts            1
total                24

Select jobs to execute...
Execute 1 jobs...

[Mon May 20 03:31:28 2024]
localrule vcf2counts:
    input: data/ACORN_VCF_Qrob_test.vcf
    output: results/ACORN_VCF_Qrob_test_counts.txt
    log: logs/vcf2counts/ACORN_VCF_Qrob_test_vcf2counts.log
    jobid: 5
    reason: Missing output files: results/ACORN_VCF_Qrob_test_counts.txt
    wildcards: sample=ACORN_VCF_Qrob_test
    resources: tmpdir=/tmp

Activating singularity image /home/nikos/other_apps/bin/poolseq_tools_0.2.11.sif
[Mon May 20 03:31:28 2024]
Finished job 5.
1 of 24 steps (4%) done
Select jobs to execute...
Execute 1 jobs...

[Mon May 20 03:31:28 2024]
localrule pool_name_fix:
    input: results/ACORN_VCF_Qrob_test_counts.txt
    output: results/ACORN_VCF_Qrob_test_counts_fixed.txt
    jobid: 4
    reason: Missing output files: results/ACORN_VCF_Qrob_test_counts_fixed.txt; Input files updated by another job: results/ACORN_VCF_Qrob_test_counts.txt
    wildcards: sample=ACORN_VCF_Qrob_test
    resources: tmpdir=/tmp

Activating singularity image /home/nikos/other_apps/bin/poolseq_tools_0.2.11.sif
[Mon May 20 03:31:28 2024]
Finished job 4.
2 of 24 steps (8%) done
Removing temporary output results/ACORN_VCF_Qrob_test_counts.txt.
Select jobs to execute...
Execute 1 jobs...

[Mon May 20 03:31:28 2024]
localrule counts2baypass:
    input: results/ACORN_VCF_Qrob_test_counts_fixed.txt
    output: results/ACORN_VCF_Qrob_test_geno_baypass.txt
    jobid: 3
    reason: Missing output files: results/ACORN_VCF_Qrob_test_geno_baypass.txt; Input files updated by another job: results/ACORN_VCF_Qrob_test_counts_fixed.txt
    wildcards: sample=ACORN_VCF_Qrob_test
    resources: tmpdir=/tmp

Activating singularity image /home/nikos/other_apps/bin/poolseq_tools_0.2.11.sif
[Mon May 20 03:31:29 2024]
Finished job 3.
3 of 24 steps (12%) done
Select jobs to execute...
Execute 1 jobs...

[Mon May 20 03:31:29 2024]
localrule sample_baypass:
    input: results/ACORN_VCF_Qrob_test_geno_baypass.txt
    output: results/ACORN_VCF_Qrob_test_geno_baypass_1.txt, results/ACORN_VCF_Qrob_test_geno_baypass_2.txt, results/ACORN_VCF_Qrob_test_geno_baypass_3.txt, results/ACORN_VCF_Qrob_test_geno_baypass_4.txt, results/ACORN_VCF_Qrob_test_geno_baypass_5.txt, results/ACORN_VCF_Qrob_test_geno_baypass_6.txt, results/ACORN_VCF_Qrob_test_geno_baypass_7.txt, results/ACORN_VCF_Qrob_test_geno_baypass_8.txt, results/ACORN_VCF_Qrob_test_geno_baypass_9.txt, results/ACORN_VCF_Qrob_test_geno_baypass_10.txt, results/ACORN_VCF_Qrob_test_geno_baypass_11.txt, results/ACORN_VCF_Qrob_test_geno_baypass_12.txt, results/ACORN_VCF_Qrob_test_geno_baypass_13.txt, results/ACORN_VCF_Qrob_test_geno_baypass_14.txt, results/ACORN_VCF_Qrob_test_geno_baypass_15.txt, results/ACORN_VCF_Qrob_test_geno_baypass_16.txt, results/ACORN_VCF_Qrob_test_geno_baypass_17.txt, results/ACORN_VCF_Qrob_test_geno_baypass_18.txt, results/ACORN_VCF_Qrob_test_geno_baypass_19.txt
    jobid: 2
    reason: Missing output files: results/ACORN_VCF_Qrob_test_geno_baypass_8.txt, results/ACORN_VCF_Qrob_test_geno_baypass_7.txt, results/ACORN_VCF_Qrob_test_geno_baypass_11.txt, results/ACORN_VCF_Qrob_test_geno_baypass_1.txt, results/ACORN_VCF_Qrob_test_geno_baypass_9.txt, results/ACORN_VCF_Qrob_test_geno_baypass_16.txt, results/ACORN_VCF_Qrob_test_geno_baypass_13.txt, results/ACORN_VCF_Qrob_test_geno_baypass_6.txt, results/ACORN_VCF_Qrob_test_geno_baypass_5.txt, results/ACORN_VCF_Qrob_test_geno_baypass_19.txt, results/ACORN_VCF_Qrob_test_geno_baypass_2.txt, results/ACORN_VCF_Qrob_test_geno_baypass_3.txt, results/ACORN_VCF_Qrob_test_geno_baypass_4.txt, results/ACORN_VCF_Qrob_test_geno_baypass_12.txt, results/ACORN_VCF_Qrob_test_geno_baypass_15.txt, results/ACORN_VCF_Qrob_test_geno_baypass_17.txt, results/ACORN_VCF_Qrob_test_geno_baypass_18.txt, results/ACORN_VCF_Qrob_test_geno_baypass_10.txt, results/ACORN_VCF_Qrob_test_geno_baypass_14.txt; Input files updated by another job: results/ACORN_VCF_Qrob_test_geno_baypass.txt; Code has changed since last execution
    wildcards: sample=ACORN_VCF_Qrob_test
    resources: tmpdir=/tmp

RuleException in rule sample_baypass in file /var/home/nikos/R_projects/BayPassAcorn/Snakefile, line 48:
IndexError: tuple index out of range, when formatting the following:
for i in {{1..{}}}; do awk -v i=$i 'NR % {} == i' {input} > results/{wildcards.sample}_geno_baypass_$i.txt; done
