Building DAG of jobs...
Using shell: /usr/bin/bash
Provided cores: 1 (use --cores to define parallelism)
Rules claiming more threads will be scaled down.
Job stats:
job               count
--------------  -------
all                   1
counts2baypass        1
pool_name_fix         1
run_baypass          12
split_baypass        12
vcf2counts            1
total                28

Select jobs to execute...
Execute 1 jobs...

[Sat May 18 20:15:47 2024]
localrule vcf2counts:
    input: data/ACORN_VCF_Qrob_test.vcf
    output: results/ACORN_VCF_Qrob_test_counts.txt
    log: logs/vcf2counts/ACORN_VCF_Qrob_test_vcf2counts.log
    jobid: 5
    reason: Missing output files: results/ACORN_VCF_Qrob_test_counts.txt
    wildcards: sample=ACORN_VCF_Qrob_test
    resources: tmpdir=/tmp

Activating singularity image /home/nikos/other_apps/bin/poolseq_tools_0.2.10.sif
[Sat May 18 20:15:48 2024]
Finished job 5.
1 of 28 steps (4%) done
Select jobs to execute...
Execute 1 jobs...

[Sat May 18 20:15:48 2024]
localrule pool_name_fix:
    input: results/ACORN_VCF_Qrob_test_counts.txt
    output: results/ACORN_VCF_Qrob_test_counts_fixed.txt
    jobid: 4
    reason: Missing output files: results/ACORN_VCF_Qrob_test_counts_fixed.txt; Input files updated by another job: results/ACORN_VCF_Qrob_test_counts.txt
    wildcards: sample=ACORN_VCF_Qrob_test
    resources: tmpdir=/tmp

Activating singularity image /home/nikos/other_apps/bin/poolseq_tools_0.2.10.sif
[Sat May 18 20:15:48 2024]
Finished job 4.
2 of 28 steps (7%) done
Removing temporary output results/ACORN_VCF_Qrob_test_counts.txt.
Select jobs to execute...
Execute 1 jobs...

[Sat May 18 20:15:48 2024]
localrule counts2baypass:
    input: results/ACORN_VCF_Qrob_test_counts_fixed.txt
    output: results/ACORN_VCF_Qrob_test_geno_baypass.txt
    jobid: 3
    reason: Missing output files: results/ACORN_VCF_Qrob_test_geno_baypass.txt; Input files updated by another job: results/ACORN_VCF_Qrob_test_counts_fixed.txt
    wildcards: sample=ACORN_VCF_Qrob_test
    resources: tmpdir=/tmp

Activating singularity image /home/nikos/other_apps/bin/poolseq_tools_0.2.10.sif
[Sat May 18 20:15:49 2024]
Finished job 3.
3 of 28 steps (11%) done
Select jobs to execute...
Execute 1 jobs...

[Sat May 18 20:15:49 2024]
localrule split_baypass:
    input: results/ACORN_VCF_Qrob_test_geno_baypass.txt
    output: results/ACORN_VCF_Qrob_test_chunks/chunk_7, results/ACORN_VCF_Qrob_test_chunks/chunk_7, results/ACORN_VCF_Qrob_test_chunks/chunk_7, results/ACORN_VCF_Qrob_test_chunks/chunk_7, results/ACORN_VCF_Qrob_test_chunks/chunk_7, results/ACORN_VCF_Qrob_test_chunks/chunk_7, results/ACORN_VCF_Qrob_test_chunks/chunk_7, results/ACORN_VCF_Qrob_test_chunks/chunk_7, results/ACORN_VCF_Qrob_test_chunks/chunk_7, results/ACORN_VCF_Qrob_test_chunks/chunk_7, results/ACORN_VCF_Qrob_test_chunks/chunk_7, results/ACORN_VCF_Qrob_test_chunks/chunk_7
    jobid: 19
    reason: Missing output files: results/ACORN_VCF_Qrob_test_chunks/chunk_7; Input files updated by another job: results/ACORN_VCF_Qrob_test_geno_baypass.txt
    wildcards: sample=ACORN_VCF_Qrob_test, chunk=7
    resources: tmpdir=/tmp

Activating singularity image /home/nikos/other_apps/bin/poolseq_tools_0.2.10.sif
Waiting at most 5 seconds for missing files.
MissingOutputException in rule split_baypass in file /var/home/nikos/R_projects/BayPassAcorn/Snakefile, line 52:
Job 19  completed successfully, but some output files are missing. Missing files after 5 seconds. This might be due to filesystem latency. If that is the case, consider to increase the wait time with --latency-wait:
results/ACORN_VCF_Qrob_test_chunks/chunk_7
results/ACORN_VCF_Qrob_test_chunks/chunk_7
results/ACORN_VCF_Qrob_test_chunks/chunk_7
results/ACORN_VCF_Qrob_test_chunks/chunk_7
results/ACORN_VCF_Qrob_test_chunks/chunk_7
results/ACORN_VCF_Qrob_test_chunks/chunk_7
results/ACORN_VCF_Qrob_test_chunks/chunk_7
results/ACORN_VCF_Qrob_test_chunks/chunk_7
results/ACORN_VCF_Qrob_test_chunks/chunk_7
results/ACORN_VCF_Qrob_test_chunks/chunk_7
results/ACORN_VCF_Qrob_test_chunks/chunk_7
results/ACORN_VCF_Qrob_test_chunks/chunk_7
Shutting down, this might take some time.
Exiting because a job execution failed. Look above for error message
Complete log: .snakemake/log/2024-05-18T201547.858635.snakemake.log
WorkflowError:
At least one job did not complete successfully.
