Building DAG of jobs...
Using shell: /usr/bin/bash
Provided cores: 1 (use --cores to define parallelism)
Rules claiming more threads will be scaled down.
Singularity containers: ignored
Job stats:
job               count
--------------  -------
all                   1
counts2baypass        1
pool_name_fix         1
run_baypass         100
split_baypass       100
vcf2counts            1
total               204

Select jobs to execute...
Execute 1 jobs...

[Fri May 17 20:40:04 2024]
localrule vcf2counts:
    input: data/ACORN_VCF_Qrobur_minCov20IndelFilteredSNPs_Biallelic_miss0.1_ADP104_Subsampled_0.01.vcf
    output: results/ACORN_VCF_Qrobur_minCov20IndelFilteredSNPs_Biallelic_miss0.1_ADP104_Subsampled_0.01_counts.txt
    log: logs/vcf2counts/ACORN_VCF_Qrobur_minCov20IndelFilteredSNPs_Biallelic_miss0.1_ADP104_Subsampled_0.01_vcf2counts.log
    jobid: 5
    reason: Missing output files: results/ACORN_VCF_Qrobur_minCov20IndelFilteredSNPs_Biallelic_miss0.1_ADP104_Subsampled_0.01_counts.txt
    wildcards: sample=ACORN_VCF_Qrobur_minCov20IndelFilteredSNPs_Biallelic_miss0.1_ADP104_Subsampled_0.01
    resources: tmpdir=/tmp

[Fri May 17 20:40:04 2024]
Finished job 5.
1 of 204 steps (0.5%) done
Select jobs to execute...
Execute 1 jobs...

[Fri May 17 20:40:04 2024]
localrule pool_name_fix:
    input: results/ACORN_VCF_Qrobur_minCov20IndelFilteredSNPs_Biallelic_miss0.1_ADP104_Subsampled_0.01_counts.txt
    output: results/ACORN_VCF_Qrobur_minCov20IndelFilteredSNPs_Biallelic_miss0.1_ADP104_Subsampled_0.01_counts_fixed.txt
    jobid: 4
    reason: Missing output files: results/ACORN_VCF_Qrobur_minCov20IndelFilteredSNPs_Biallelic_miss0.1_ADP104_Subsampled_0.01_counts_fixed.txt; Input files updated by another job: results/ACORN_VCF_Qrobur_minCov20IndelFilteredSNPs_Biallelic_miss0.1_ADP104_Subsampled_0.01_counts.txt
    wildcards: sample=ACORN_VCF_Qrobur_minCov20IndelFilteredSNPs_Biallelic_miss0.1_ADP104_Subsampled_0.01
    resources: tmpdir=/tmp

[Fri May 17 20:40:04 2024]
Finished job 4.
2 of 204 steps (1%) done
Removing temporary output results/ACORN_VCF_Qrobur_minCov20IndelFilteredSNPs_Biallelic_miss0.1_ADP104_Subsampled_0.01_counts.txt.
Select jobs to execute...
Execute 1 jobs...

[Fri May 17 20:40:04 2024]
localrule counts2baypass:
    input: results/ACORN_VCF_Qrobur_minCov20IndelFilteredSNPs_Biallelic_miss0.1_ADP104_Subsampled_0.01_counts_fixed.txt
    output: results/ACORN_VCF_Qrobur_minCov20IndelFilteredSNPs_Biallelic_miss0.1_ADP104_Subsampled_0.01_geno_baypass.txt
    jobid: 3
    reason: Missing output files: results/ACORN_VCF_Qrobur_minCov20IndelFilteredSNPs_Biallelic_miss0.1_ADP104_Subsampled_0.01_geno_baypass.txt; Input files updated by another job: results/ACORN_VCF_Qrobur_minCov20IndelFilteredSNPs_Biallelic_miss0.1_ADP104_Subsampled_0.01_counts_fixed.txt
    wildcards: sample=ACORN_VCF_Qrobur_minCov20IndelFilteredSNPs_Biallelic_miss0.1_ADP104_Subsampled_0.01
    resources: tmpdir=/tmp

[Fri May 17 20:40:04 2024]
Error in rule counts2baypass:
    jobid: 3
    input: results/ACORN_VCF_Qrobur_minCov20IndelFilteredSNPs_Biallelic_miss0.1_ADP104_Subsampled_0.01_counts_fixed.txt
    output: results/ACORN_VCF_Qrobur_minCov20IndelFilteredSNPs_Biallelic_miss0.1_ADP104_Subsampled_0.01_geno_baypass.txt
    shell:
        singularity exec -B $(realpath $(dirname results/ACORN_VCF_Qrobur_minCov20IndelFilteredSNPs_Biallelic_miss0.1_ADP104_Subsampled_0.01_counts_fixed.txt)) ~/other_apps/bin/poolseq_tools_0.2.10.sif Rscript --vanilla ~/R_projects/BayPassAcorn/counts2baypass.R results/ACORN_VCF_Qrobur_minCov20IndelFilteredSNPs_Biallelic_miss0.1_ADP104_Subsampled_0.01_counts_fixed.txt results/ACORN_VCF_Qrobur_minCov20IndelFilteredSNPs_Biallelic_miss0.1_ADP104_Subsampled_0.01_geno_baypass.txt
        (one of the commands exited with non-zero exit code; note that snakemake uses bash strict mode!)

Shutting down, this might take some time.
Exiting because a job execution failed. Look above for error message
Complete log: .snakemake/log/2024-05-17T204003.467419.snakemake.log
WorkflowError:
At least one job did not complete successfully.
