Building DAG of jobs...
Using shell: /usr/bin/bash
Provided cores: 2
Rules claiming more threads will be scaled down.
Job stats:
job               count
--------------  -------
all                   1
counts2baypass        1
pool_name_fix         1
run_baypass          12
split_baypass        12
vcf2counts            1
total                28

Select jobs to execute...
Execute 1 jobs...

[Sat May 18 22:18:06 2024]
localrule vcf2counts:
    input: data/ACORN_VCF_Qrob_test.vcf
    output: results/ACORN_VCF_Qrob_test_counts.txt
    log: logs/vcf2counts/ACORN_VCF_Qrob_test_vcf2counts.log
    jobid: 5
    reason: Missing output files: results/ACORN_VCF_Qrob_test_counts.txt
    wildcards: sample=ACORN_VCF_Qrob_test
    resources: tmpdir=/tmp

Activating singularity image /home/nikos/other_apps/bin/poolseq_tools_0.2.11.sif
[Sat May 18 22:18:06 2024]
Finished job 5.
1 of 28 steps (4%) done
Select jobs to execute...
Execute 1 jobs...

[Sat May 18 22:18:06 2024]
localrule pool_name_fix:
    input: results/ACORN_VCF_Qrob_test_counts.txt
    output: results/ACORN_VCF_Qrob_test_counts_fixed.txt
    jobid: 4
    reason: Missing output files: results/ACORN_VCF_Qrob_test_counts_fixed.txt; Input files updated by another job: results/ACORN_VCF_Qrob_test_counts.txt
    wildcards: sample=ACORN_VCF_Qrob_test
    resources: tmpdir=/tmp

Activating singularity image /home/nikos/other_apps/bin/poolseq_tools_0.2.11.sif
[Sat May 18 22:18:07 2024]
Finished job 4.
2 of 28 steps (7%) done
Removing temporary output results/ACORN_VCF_Qrob_test_counts.txt.
Select jobs to execute...
Execute 1 jobs...

[Sat May 18 22:18:07 2024]
localrule counts2baypass:
    input: results/ACORN_VCF_Qrob_test_counts_fixed.txt
    output: results/ACORN_VCF_Qrob_test_geno_baypass.txt
    jobid: 3
    reason: Missing output files: results/ACORN_VCF_Qrob_test_geno_baypass.txt; Input files updated by another job: results/ACORN_VCF_Qrob_test_counts_fixed.txt
    wildcards: sample=ACORN_VCF_Qrob_test
    resources: tmpdir=/tmp

Activating singularity image /home/nikos/other_apps/bin/poolseq_tools_0.2.11.sif
[Sat May 18 22:18:07 2024]
Finished job 3.
3 of 28 steps (11%) done
Select jobs to execute...
Execute 2 jobs...

[Sat May 18 22:18:07 2024]
localrule split_baypass:
    input: results/ACORN_VCF_Qrob_test_geno_baypass.txt
    output: results/ACORN_VCF_Qrob_test_chunks/chunk_1, results/ACORN_VCF_Qrob_test_chunks/chunk_1, results/ACORN_VCF_Qrob_test_chunks/chunk_1, results/ACORN_VCF_Qrob_test_chunks/chunk_1, results/ACORN_VCF_Qrob_test_chunks/chunk_1, results/ACORN_VCF_Qrob_test_chunks/chunk_1, results/ACORN_VCF_Qrob_test_chunks/chunk_1, results/ACORN_VCF_Qrob_test_chunks/chunk_1, results/ACORN_VCF_Qrob_test_chunks/chunk_1, results/ACORN_VCF_Qrob_test_chunks/chunk_1, results/ACORN_VCF_Qrob_test_chunks/chunk_1, results/ACORN_VCF_Qrob_test_chunks/chunk_1
    jobid: 2
    reason: Missing output files: results/ACORN_VCF_Qrob_test_chunks/chunk_1; Input files updated by another job: results/ACORN_VCF_Qrob_test_geno_baypass.txt
    wildcards: sample=ACORN_VCF_Qrob_test, chunk=1
    resources: tmpdir=/tmp

Activating singularity image /home/nikos/other_apps/bin/poolseq_tools_0.2.11.sif

[Sat May 18 22:18:07 2024]
localrule split_baypass:
    input: results/ACORN_VCF_Qrob_test_geno_baypass.txt
    output: results/ACORN_VCF_Qrob_test_chunks/chunk_11, results/ACORN_VCF_Qrob_test_chunks/chunk_11, results/ACORN_VCF_Qrob_test_chunks/chunk_11, results/ACORN_VCF_Qrob_test_chunks/chunk_11, results/ACORN_VCF_Qrob_test_chunks/chunk_11, results/ACORN_VCF_Qrob_test_chunks/chunk_11, results/ACORN_VCF_Qrob_test_chunks/chunk_11, results/ACORN_VCF_Qrob_test_chunks/chunk_11, results/ACORN_VCF_Qrob_test_chunks/chunk_11, results/ACORN_VCF_Qrob_test_chunks/chunk_11, results/ACORN_VCF_Qrob_test_chunks/chunk_11, results/ACORN_VCF_Qrob_test_chunks/chunk_11
    jobid: 25
    reason: Missing output files: results/ACORN_VCF_Qrob_test_chunks/chunk_11; Input files updated by another job: results/ACORN_VCF_Qrob_test_geno_baypass.txt
    wildcards: sample=ACORN_VCF_Qrob_test, chunk=11
    resources: tmpdir=/tmp

Activating singularity image /home/nikos/other_apps/bin/poolseq_tools_0.2.11.sif
[Sat May 18 22:18:08 2024]
Finished job 2.
4 of 28 steps (14%) done
Select jobs to execute...
Execute 1 jobs...

[Sat May 18 22:18:08 2024]
localrule split_baypass:
    input: results/ACORN_VCF_Qrob_test_geno_baypass.txt
    output: results/ACORN_VCF_Qrob_test_chunks/chunk_9, results/ACORN_VCF_Qrob_test_chunks/chunk_9, results/ACORN_VCF_Qrob_test_chunks/chunk_9, results/ACORN_VCF_Qrob_test_chunks/chunk_9, results/ACORN_VCF_Qrob_test_chunks/chunk_9, results/ACORN_VCF_Qrob_test_chunks/chunk_9, results/ACORN_VCF_Qrob_test_chunks/chunk_9, results/ACORN_VCF_Qrob_test_chunks/chunk_9, results/ACORN_VCF_Qrob_test_chunks/chunk_9, results/ACORN_VCF_Qrob_test_chunks/chunk_9, results/ACORN_VCF_Qrob_test_chunks/chunk_9, results/ACORN_VCF_Qrob_test_chunks/chunk_9
    jobid: 21
    reason: Missing output files: results/ACORN_VCF_Qrob_test_chunks/chunk_9; Input files updated by another job: results/ACORN_VCF_Qrob_test_geno_baypass.txt
    wildcards: sample=ACORN_VCF_Qrob_test, chunk=9
    resources: tmpdir=/tmp

Warning: the following output files of rule split_baypass were not present when the DAG was created:
{'results/ACORN_VCF_Qrob_test_chunks/chunk_9'}
Activating singularity image /home/nikos/other_apps/bin/poolseq_tools_0.2.11.sif
[Sat May 18 22:18:08 2024]
Finished job 25.
5 of 28 steps (18%) done
Select jobs to execute...
Execute 1 jobs...

[Sat May 18 22:18:08 2024]
localrule split_baypass:
    input: results/ACORN_VCF_Qrob_test_geno_baypass.txt
    output: results/ACORN_VCF_Qrob_test_chunks/chunk_10, results/ACORN_VCF_Qrob_test_chunks/chunk_10, results/ACORN_VCF_Qrob_test_chunks/chunk_10, results/ACORN_VCF_Qrob_test_chunks/chunk_10, results/ACORN_VCF_Qrob_test_chunks/chunk_10, results/ACORN_VCF_Qrob_test_chunks/chunk_10, results/ACORN_VCF_Qrob_test_chunks/chunk_10, results/ACORN_VCF_Qrob_test_chunks/chunk_10, results/ACORN_VCF_Qrob_test_chunks/chunk_10, results/ACORN_VCF_Qrob_test_chunks/chunk_10, results/ACORN_VCF_Qrob_test_chunks/chunk_10, results/ACORN_VCF_Qrob_test_chunks/chunk_10
    jobid: 23
    reason: Missing output files: results/ACORN_VCF_Qrob_test_chunks/chunk_10; Input files updated by another job: results/ACORN_VCF_Qrob_test_geno_baypass.txt
    wildcards: sample=ACORN_VCF_Qrob_test, chunk=10
    resources: tmpdir=/tmp

Warning: the following output files of rule split_baypass were not present when the DAG was created:
{'results/ACORN_VCF_Qrob_test_chunks/chunk_10'}
Activating singularity image /home/nikos/other_apps/bin/poolseq_tools_0.2.11.sif
[Sat May 18 22:18:08 2024]
Finished job 21.
6 of 28 steps (21%) done
Select jobs to execute...
Execute 1 jobs...

[Sat May 18 22:18:08 2024]
localrule split_baypass:
    input: results/ACORN_VCF_Qrob_test_geno_baypass.txt
    output: results/ACORN_VCF_Qrob_test_chunks/chunk_8, results/ACORN_VCF_Qrob_test_chunks/chunk_8, results/ACORN_VCF_Qrob_test_chunks/chunk_8, results/ACORN_VCF_Qrob_test_chunks/chunk_8, results/ACORN_VCF_Qrob_test_chunks/chunk_8, results/ACORN_VCF_Qrob_test_chunks/chunk_8, results/ACORN_VCF_Qrob_test_chunks/chunk_8, results/ACORN_VCF_Qrob_test_chunks/chunk_8, results/ACORN_VCF_Qrob_test_chunks/chunk_8, results/ACORN_VCF_Qrob_test_chunks/chunk_8, results/ACORN_VCF_Qrob_test_chunks/chunk_8, results/ACORN_VCF_Qrob_test_chunks/chunk_8
    jobid: 19
    reason: Missing output files: results/ACORN_VCF_Qrob_test_chunks/chunk_8; Input files updated by another job: results/ACORN_VCF_Qrob_test_geno_baypass.txt
    wildcards: sample=ACORN_VCF_Qrob_test, chunk=8
    resources: tmpdir=/tmp

Warning: the following output files of rule split_baypass were not present when the DAG was created:
{'results/ACORN_VCF_Qrob_test_chunks/chunk_8'}
Activating singularity image /home/nikos/other_apps/bin/poolseq_tools_0.2.11.sif
[Sat May 18 22:18:08 2024]
Finished job 23.
7 of 28 steps (25%) done
Select jobs to execute...
Execute 1 jobs...

[Sat May 18 22:18:08 2024]
localrule split_baypass:
    input: results/ACORN_VCF_Qrob_test_geno_baypass.txt
    output: results/ACORN_VCF_Qrob_test_chunks/chunk_7, results/ACORN_VCF_Qrob_test_chunks/chunk_7, results/ACORN_VCF_Qrob_test_chunks/chunk_7, results/ACORN_VCF_Qrob_test_chunks/chunk_7, results/ACORN_VCF_Qrob_test_chunks/chunk_7, results/ACORN_VCF_Qrob_test_chunks/chunk_7, results/ACORN_VCF_Qrob_test_chunks/chunk_7, results/ACORN_VCF_Qrob_test_chunks/chunk_7, results/ACORN_VCF_Qrob_test_chunks/chunk_7, results/ACORN_VCF_Qrob_test_chunks/chunk_7, results/ACORN_VCF_Qrob_test_chunks/chunk_7, results/ACORN_VCF_Qrob_test_chunks/chunk_7
    jobid: 17
    reason: Missing output files: results/ACORN_VCF_Qrob_test_chunks/chunk_7; Input files updated by another job: results/ACORN_VCF_Qrob_test_geno_baypass.txt
    wildcards: sample=ACORN_VCF_Qrob_test, chunk=7
    resources: tmpdir=/tmp

Warning: the following output files of rule split_baypass were not present when the DAG was created:
{'results/ACORN_VCF_Qrob_test_chunks/chunk_7'}
Activating singularity image /home/nikos/other_apps/bin/poolseq_tools_0.2.11.sif
[Sat May 18 22:18:08 2024]
Finished job 19.
8 of 28 steps (29%) done
Select jobs to execute...
Execute 1 jobs...

[Sat May 18 22:18:08 2024]
localrule split_baypass:
    input: results/ACORN_VCF_Qrob_test_geno_baypass.txt
    output: results/ACORN_VCF_Qrob_test_chunks/chunk_6, results/ACORN_VCF_Qrob_test_chunks/chunk_6, results/ACORN_VCF_Qrob_test_chunks/chunk_6, results/ACORN_VCF_Qrob_test_chunks/chunk_6, results/ACORN_VCF_Qrob_test_chunks/chunk_6, results/ACORN_VCF_Qrob_test_chunks/chunk_6, results/ACORN_VCF_Qrob_test_chunks/chunk_6, results/ACORN_VCF_Qrob_test_chunks/chunk_6, results/ACORN_VCF_Qrob_test_chunks/chunk_6, results/ACORN_VCF_Qrob_test_chunks/chunk_6, results/ACORN_VCF_Qrob_test_chunks/chunk_6, results/ACORN_VCF_Qrob_test_chunks/chunk_6
    jobid: 15
    reason: Missing output files: results/ACORN_VCF_Qrob_test_chunks/chunk_6; Input files updated by another job: results/ACORN_VCF_Qrob_test_geno_baypass.txt
    wildcards: sample=ACORN_VCF_Qrob_test, chunk=6
    resources: tmpdir=/tmp

Warning: the following output files of rule split_baypass were not present when the DAG was created:
{'results/ACORN_VCF_Qrob_test_chunks/chunk_6'}
Activating singularity image /home/nikos/other_apps/bin/poolseq_tools_0.2.11.sif
[Sat May 18 22:18:08 2024]
Finished job 17.
9 of 28 steps (32%) done
Select jobs to execute...
Execute 1 jobs...

[Sat May 18 22:18:08 2024]
localrule split_baypass:
    input: results/ACORN_VCF_Qrob_test_geno_baypass.txt
    output: results/ACORN_VCF_Qrob_test_chunks/chunk_5, results/ACORN_VCF_Qrob_test_chunks/chunk_5, results/ACORN_VCF_Qrob_test_chunks/chunk_5, results/ACORN_VCF_Qrob_test_chunks/chunk_5, results/ACORN_VCF_Qrob_test_chunks/chunk_5, results/ACORN_VCF_Qrob_test_chunks/chunk_5, results/ACORN_VCF_Qrob_test_chunks/chunk_5, results/ACORN_VCF_Qrob_test_chunks/chunk_5, results/ACORN_VCF_Qrob_test_chunks/chunk_5, results/ACORN_VCF_Qrob_test_chunks/chunk_5, results/ACORN_VCF_Qrob_test_chunks/chunk_5, results/ACORN_VCF_Qrob_test_chunks/chunk_5
    jobid: 13
    reason: Missing output files: results/ACORN_VCF_Qrob_test_chunks/chunk_5; Input files updated by another job: results/ACORN_VCF_Qrob_test_geno_baypass.txt
    wildcards: sample=ACORN_VCF_Qrob_test, chunk=5
    resources: tmpdir=/tmp

Warning: the following output files of rule split_baypass were not present when the DAG was created:
{'results/ACORN_VCF_Qrob_test_chunks/chunk_5'}
Activating singularity image /home/nikos/other_apps/bin/poolseq_tools_0.2.11.sif
[Sat May 18 22:18:09 2024]
Finished job 15.
10 of 28 steps (36%) done
Select jobs to execute...
Execute 1 jobs...

[Sat May 18 22:18:09 2024]
localrule split_baypass:
    input: results/ACORN_VCF_Qrob_test_geno_baypass.txt
    output: results/ACORN_VCF_Qrob_test_chunks/chunk_3, results/ACORN_VCF_Qrob_test_chunks/chunk_3, results/ACORN_VCF_Qrob_test_chunks/chunk_3, results/ACORN_VCF_Qrob_test_chunks/chunk_3, results/ACORN_VCF_Qrob_test_chunks/chunk_3, results/ACORN_VCF_Qrob_test_chunks/chunk_3, results/ACORN_VCF_Qrob_test_chunks/chunk_3, results/ACORN_VCF_Qrob_test_chunks/chunk_3, results/ACORN_VCF_Qrob_test_chunks/chunk_3, results/ACORN_VCF_Qrob_test_chunks/chunk_3, results/ACORN_VCF_Qrob_test_chunks/chunk_3, results/ACORN_VCF_Qrob_test_chunks/chunk_3
    jobid: 9
    reason: Missing output files: results/ACORN_VCF_Qrob_test_chunks/chunk_3; Input files updated by another job: results/ACORN_VCF_Qrob_test_geno_baypass.txt
    wildcards: sample=ACORN_VCF_Qrob_test, chunk=3
    resources: tmpdir=/tmp

Warning: the following output files of rule split_baypass were not present when the DAG was created:
{'results/ACORN_VCF_Qrob_test_chunks/chunk_3'}
Activating singularity image /home/nikos/other_apps/bin/poolseq_tools_0.2.11.sif
[Sat May 18 22:18:09 2024]
Finished job 13.
11 of 28 steps (39%) done
Select jobs to execute...
Execute 1 jobs...

[Sat May 18 22:18:09 2024]
localrule split_baypass:
    input: results/ACORN_VCF_Qrob_test_geno_baypass.txt
    output: results/ACORN_VCF_Qrob_test_chunks/chunk_2, results/ACORN_VCF_Qrob_test_chunks/chunk_2, results/ACORN_VCF_Qrob_test_chunks/chunk_2, results/ACORN_VCF_Qrob_test_chunks/chunk_2, results/ACORN_VCF_Qrob_test_chunks/chunk_2, results/ACORN_VCF_Qrob_test_chunks/chunk_2, results/ACORN_VCF_Qrob_test_chunks/chunk_2, results/ACORN_VCF_Qrob_test_chunks/chunk_2, results/ACORN_VCF_Qrob_test_chunks/chunk_2, results/ACORN_VCF_Qrob_test_chunks/chunk_2, results/ACORN_VCF_Qrob_test_chunks/chunk_2, results/ACORN_VCF_Qrob_test_chunks/chunk_2
    jobid: 7
    reason: Missing output files: results/ACORN_VCF_Qrob_test_chunks/chunk_2; Input files updated by another job: results/ACORN_VCF_Qrob_test_geno_baypass.txt
    wildcards: sample=ACORN_VCF_Qrob_test, chunk=2
    resources: tmpdir=/tmp

Warning: the following output files of rule split_baypass were not present when the DAG was created:
{'results/ACORN_VCF_Qrob_test_chunks/chunk_2'}
Activating singularity image /home/nikos/other_apps/bin/poolseq_tools_0.2.11.sif
[Sat May 18 22:18:09 2024]
Finished job 9.
12 of 28 steps (43%) done
Select jobs to execute...
Execute 1 jobs...

[Sat May 18 22:18:09 2024]
localrule split_baypass:
    input: results/ACORN_VCF_Qrob_test_geno_baypass.txt
    output: results/ACORN_VCF_Qrob_test_chunks/chunk_12, results/ACORN_VCF_Qrob_test_chunks/chunk_12, results/ACORN_VCF_Qrob_test_chunks/chunk_12, results/ACORN_VCF_Qrob_test_chunks/chunk_12, results/ACORN_VCF_Qrob_test_chunks/chunk_12, results/ACORN_VCF_Qrob_test_chunks/chunk_12, results/ACORN_VCF_Qrob_test_chunks/chunk_12, results/ACORN_VCF_Qrob_test_chunks/chunk_12, results/ACORN_VCF_Qrob_test_chunks/chunk_12, results/ACORN_VCF_Qrob_test_chunks/chunk_12, results/ACORN_VCF_Qrob_test_chunks/chunk_12, results/ACORN_VCF_Qrob_test_chunks/chunk_12
    jobid: 27
    reason: Missing output files: results/ACORN_VCF_Qrob_test_chunks/chunk_12; Input files updated by another job: results/ACORN_VCF_Qrob_test_geno_baypass.txt
    wildcards: sample=ACORN_VCF_Qrob_test, chunk=12
    resources: tmpdir=/tmp

Warning: the following output files of rule split_baypass were not present when the DAG was created:
{'results/ACORN_VCF_Qrob_test_chunks/chunk_12'}
Activating singularity image /home/nikos/other_apps/bin/poolseq_tools_0.2.11.sif
[Sat May 18 22:18:09 2024]
Finished job 7.
13 of 28 steps (46%) done
Select jobs to execute...
Execute 1 jobs...

[Sat May 18 22:18:09 2024]
localrule split_baypass:
    input: results/ACORN_VCF_Qrob_test_geno_baypass.txt
    output: results/ACORN_VCF_Qrob_test_chunks/chunk_4, results/ACORN_VCF_Qrob_test_chunks/chunk_4, results/ACORN_VCF_Qrob_test_chunks/chunk_4, results/ACORN_VCF_Qrob_test_chunks/chunk_4, results/ACORN_VCF_Qrob_test_chunks/chunk_4, results/ACORN_VCF_Qrob_test_chunks/chunk_4, results/ACORN_VCF_Qrob_test_chunks/chunk_4, results/ACORN_VCF_Qrob_test_chunks/chunk_4, results/ACORN_VCF_Qrob_test_chunks/chunk_4, results/ACORN_VCF_Qrob_test_chunks/chunk_4, results/ACORN_VCF_Qrob_test_chunks/chunk_4, results/ACORN_VCF_Qrob_test_chunks/chunk_4
    jobid: 11
    reason: Missing output files: results/ACORN_VCF_Qrob_test_chunks/chunk_4; Input files updated by another job: results/ACORN_VCF_Qrob_test_geno_baypass.txt
    wildcards: sample=ACORN_VCF_Qrob_test, chunk=4
    resources: tmpdir=/tmp

Warning: the following output files of rule split_baypass were not present when the DAG was created:
{'results/ACORN_VCF_Qrob_test_chunks/chunk_4'}
Activating singularity image /home/nikos/other_apps/bin/poolseq_tools_0.2.11.sif
[Sat May 18 22:18:09 2024]
Finished job 27.
14 of 28 steps (50%) done
Select jobs to execute...
Execute 1 jobs...

[Sat May 18 22:18:09 2024]
localrule run_baypass:
    input: results/ACORN_VCF_Qrob_test_chunks/chunk_1, data/poolsize
    output: results/ACORN_VCF_Qrob_test_baypassSplitOut/chunk_1_DIC.out, results/ACORN_VCF_Qrob_test_baypassSplitOut/chunk_1_mat_omega.out, results/ACORN_VCF_Qrob_test_baypassSplitOut/chunk_1_summary_beta_params.out, results/ACORN_VCF_Qrob_test_baypassSplitOut/chunk_1_summary_lda_omega.out, results/ACORN_VCF_Qrob_test_baypassSplitOut/chunk_1_summary_pi_xtx.out, results/ACORN_VCF_Qrob_test_baypassSplitOut/chunk_1_summary_yij_pij.out
    jobid: 1
    reason: Missing output files: results/ACORN_VCF_Qrob_test_baypassSplitOut/chunk_1_DIC.out; Input files updated by another job: results/ACORN_VCF_Qrob_test_chunks/chunk_1
    wildcards: sample=ACORN_VCF_Qrob_test, chunk=1
    resources: tmpdir=/tmp

Activating singularity image /home/nikos/other_apps/bin/poolseq_tools_0.2.11.sif
[Sat May 18 22:18:09 2024]
Finished job 11.
15 of 28 steps (54%) done
Select jobs to execute...
Execute 1 jobs...

[Sat May 18 22:18:09 2024]
localrule run_baypass:
    input: results/ACORN_VCF_Qrob_test_chunks/chunk_3, data/poolsize
    output: results/ACORN_VCF_Qrob_test_baypassSplitOut/chunk_3_DIC.out, results/ACORN_VCF_Qrob_test_baypassSplitOut/chunk_3_mat_omega.out, results/ACORN_VCF_Qrob_test_baypassSplitOut/chunk_3_summary_beta_params.out, results/ACORN_VCF_Qrob_test_baypassSplitOut/chunk_3_summary_lda_omega.out, results/ACORN_VCF_Qrob_test_baypassSplitOut/chunk_3_summary_pi_xtx.out, results/ACORN_VCF_Qrob_test_baypassSplitOut/chunk_3_summary_yij_pij.out
    jobid: 8
    reason: Missing output files: results/ACORN_VCF_Qrob_test_baypassSplitOut/chunk_3_DIC.out; Input files updated by another job: results/ACORN_VCF_Qrob_test_chunks/chunk_3
    wildcards: sample=ACORN_VCF_Qrob_test, chunk=3
    resources: tmpdir=/tmp

Activating singularity image /home/nikos/other_apps/bin/poolseq_tools_0.2.11.sif
Terminating processes on user request, this might take some time.
[Sat May 18 22:18:40 2024]
Error in rule run_baypass:
    jobid: 1
    input: results/ACORN_VCF_Qrob_test_chunks/chunk_1, data/poolsize
    output: results/ACORN_VCF_Qrob_test_baypassSplitOut/chunk_1_DIC.out, results/ACORN_VCF_Qrob_test_baypassSplitOut/chunk_1_mat_omega.out, results/ACORN_VCF_Qrob_test_baypassSplitOut/chunk_1_summary_beta_params.out, results/ACORN_VCF_Qrob_test_baypassSplitOut/chunk_1_summary_lda_omega.out, results/ACORN_VCF_Qrob_test_baypassSplitOut/chunk_1_summary_pi_xtx.out, results/ACORN_VCF_Qrob_test_baypassSplitOut/chunk_1_summary_yij_pij.out
    shell:
        
        g_baypass         -nthreads 1         -npop 40 -gfile results/ACORN_VCF_Qrob_test_chunks/chunk_1 -poolsizefile data/poolsize         -d0yij 6         -outprefix results/ACORN_VCF_Qrob_test_baypassSplitOut/chunk_1
        
        (one of the commands exited with non-zero exit code; note that snakemake uses bash strict mode!)

[Sat May 18 22:18:40 2024]
Error in rule run_baypass:
    jobid: 8
    input: results/ACORN_VCF_Qrob_test_chunks/chunk_3, data/poolsize
    output: results/ACORN_VCF_Qrob_test_baypassSplitOut/chunk_3_DIC.out, results/ACORN_VCF_Qrob_test_baypassSplitOut/chunk_3_mat_omega.out, results/ACORN_VCF_Qrob_test_baypassSplitOut/chunk_3_summary_beta_params.out, results/ACORN_VCF_Qrob_test_baypassSplitOut/chunk_3_summary_lda_omega.out, results/ACORN_VCF_Qrob_test_baypassSplitOut/chunk_3_summary_pi_xtx.out, results/ACORN_VCF_Qrob_test_baypassSplitOut/chunk_3_summary_yij_pij.out
    shell:
        
        g_baypass         -nthreads 1         -npop 40 -gfile results/ACORN_VCF_Qrob_test_chunks/chunk_3 -poolsizefile data/poolsize         -d0yij 6         -outprefix results/ACORN_VCF_Qrob_test_baypassSplitOut/chunk_3
        
        (one of the commands exited with non-zero exit code; note that snakemake uses bash strict mode!)

Complete log: .snakemake/log/2024-05-18T221806.524042.snakemake.log
WorkflowError:
At least one job did not complete successfully.
