Building DAG of jobs...
Using shell: /usr/bin/bash
Provided cores: 2
Rules claiming more threads will be scaled down.
Job stats:
job               count
--------------  -------
all                   1
counts2baypass        1
pool_name_fix         1
run_baypass          12
split_baypass        12
vcf2counts            1
total                28

Select jobs to execute...
Execute 1 jobs...

[Sat May 18 22:02:56 2024]
localrule vcf2counts:
    input: data/ACORN_VCF_Qrob_test.vcf
    output: results/ACORN_VCF_Qrob_test_counts.txt
    log: logs/vcf2counts/ACORN_VCF_Qrob_test_vcf2counts.log
    jobid: 5
    reason: Missing output files: results/ACORN_VCF_Qrob_test_counts.txt
    wildcards: sample=ACORN_VCF_Qrob_test
    resources: tmpdir=/tmp

Activating singularity image /home/nikos/other_apps/bin/poolseq_tools_0.2.11.sif
[Sat May 18 22:02:56 2024]
Finished job 5.
1 of 28 steps (4%) done
Select jobs to execute...
Execute 1 jobs...

[Sat May 18 22:02:56 2024]
localrule pool_name_fix:
    input: results/ACORN_VCF_Qrob_test_counts.txt
    output: results/ACORN_VCF_Qrob_test_counts_fixed.txt
    jobid: 4
    reason: Missing output files: results/ACORN_VCF_Qrob_test_counts_fixed.txt; Input files updated by another job: results/ACORN_VCF_Qrob_test_counts.txt
    wildcards: sample=ACORN_VCF_Qrob_test
    resources: tmpdir=/tmp

Activating singularity image /home/nikos/other_apps/bin/poolseq_tools_0.2.11.sif
[Sat May 18 22:02:56 2024]
Finished job 4.
2 of 28 steps (7%) done
Removing temporary output results/ACORN_VCF_Qrob_test_counts.txt.
Select jobs to execute...
Execute 1 jobs...

[Sat May 18 22:02:56 2024]
localrule counts2baypass:
    input: results/ACORN_VCF_Qrob_test_counts_fixed.txt
    output: results/ACORN_VCF_Qrob_test_geno_baypass.txt
    jobid: 3
    reason: Missing output files: results/ACORN_VCF_Qrob_test_geno_baypass.txt; Input files updated by another job: results/ACORN_VCF_Qrob_test_counts_fixed.txt
    wildcards: sample=ACORN_VCF_Qrob_test
    resources: tmpdir=/tmp

Activating singularity image /home/nikos/other_apps/bin/poolseq_tools_0.2.11.sif
[Sat May 18 22:02:57 2024]
Finished job 3.
3 of 28 steps (11%) done
Select jobs to execute...
Execute 2 jobs...

[Sat May 18 22:02:57 2024]
localrule split_baypass:
    input: results/ACORN_VCF_Qrob_test_geno_baypass.txt
    output: results/ACORN_VCF_Qrob_test_chunks/chunk_1, results/ACORN_VCF_Qrob_test_chunks/chunk_1, results/ACORN_VCF_Qrob_test_chunks/chunk_1, results/ACORN_VCF_Qrob_test_chunks/chunk_1, results/ACORN_VCF_Qrob_test_chunks/chunk_1, results/ACORN_VCF_Qrob_test_chunks/chunk_1, results/ACORN_VCF_Qrob_test_chunks/chunk_1, results/ACORN_VCF_Qrob_test_chunks/chunk_1, results/ACORN_VCF_Qrob_test_chunks/chunk_1, results/ACORN_VCF_Qrob_test_chunks/chunk_1, results/ACORN_VCF_Qrob_test_chunks/chunk_1, results/ACORN_VCF_Qrob_test_chunks/chunk_1
    jobid: 2
    reason: Missing output files: results/ACORN_VCF_Qrob_test_chunks/chunk_1; Input files updated by another job: results/ACORN_VCF_Qrob_test_geno_baypass.txt
    wildcards: sample=ACORN_VCF_Qrob_test, chunk=1
    resources: tmpdir=/tmp

Activating singularity image /home/nikos/other_apps/bin/poolseq_tools_0.2.11.sif

[Sat May 18 22:02:57 2024]
localrule split_baypass:
    input: results/ACORN_VCF_Qrob_test_geno_baypass.txt
    output: results/ACORN_VCF_Qrob_test_chunks/chunk_11, results/ACORN_VCF_Qrob_test_chunks/chunk_11, results/ACORN_VCF_Qrob_test_chunks/chunk_11, results/ACORN_VCF_Qrob_test_chunks/chunk_11, results/ACORN_VCF_Qrob_test_chunks/chunk_11, results/ACORN_VCF_Qrob_test_chunks/chunk_11, results/ACORN_VCF_Qrob_test_chunks/chunk_11, results/ACORN_VCF_Qrob_test_chunks/chunk_11, results/ACORN_VCF_Qrob_test_chunks/chunk_11, results/ACORN_VCF_Qrob_test_chunks/chunk_11, results/ACORN_VCF_Qrob_test_chunks/chunk_11, results/ACORN_VCF_Qrob_test_chunks/chunk_11
    jobid: 25
    reason: Missing output files: results/ACORN_VCF_Qrob_test_chunks/chunk_11; Input files updated by another job: results/ACORN_VCF_Qrob_test_geno_baypass.txt
    wildcards: sample=ACORN_VCF_Qrob_test, chunk=11
    resources: tmpdir=/tmp

Activating singularity image /home/nikos/other_apps/bin/poolseq_tools_0.2.11.sif
[Sat May 18 22:02:57 2024]
Error in rule split_baypass:
    jobid: 2
    input: results/ACORN_VCF_Qrob_test_geno_baypass.txt
    output: results/ACORN_VCF_Qrob_test_chunks/chunk_1, results/ACORN_VCF_Qrob_test_chunks/chunk_1, results/ACORN_VCF_Qrob_test_chunks/chunk_1, results/ACORN_VCF_Qrob_test_chunks/chunk_1, results/ACORN_VCF_Qrob_test_chunks/chunk_1, results/ACORN_VCF_Qrob_test_chunks/chunk_1, results/ACORN_VCF_Qrob_test_chunks/chunk_1, results/ACORN_VCF_Qrob_test_chunks/chunk_1, results/ACORN_VCF_Qrob_test_chunks/chunk_1, results/ACORN_VCF_Qrob_test_chunks/chunk_1, results/ACORN_VCF_Qrob_test_chunks/chunk_1, results/ACORN_VCF_Qrob_test_chunks/chunk_1
    shell:
        
        split -n l/12 --numeric-suffixes=1         results/ACORN_VCF_Qrob_test_geno_baypass.txt results/ACORN_VCF_Qrob_test_chunks/chunk_

        for FILE in results/ACORN_VCF_Qrob_test_chunks/chunk_0*; do mv $FILE `echo $FILE | sed -e 's/chunk_0/chunk_/'`; done
        
        (one of the commands exited with non-zero exit code; note that snakemake uses bash strict mode!)

Removing output files of failed job split_baypass since they might be corrupted:
results/ACORN_VCF_Qrob_test_chunks/chunk_1, results/ACORN_VCF_Qrob_test_chunks/chunk_1, results/ACORN_VCF_Qrob_test_chunks/chunk_1, results/ACORN_VCF_Qrob_test_chunks/chunk_1, results/ACORN_VCF_Qrob_test_chunks/chunk_1, results/ACORN_VCF_Qrob_test_chunks/chunk_1, results/ACORN_VCF_Qrob_test_chunks/chunk_1, results/ACORN_VCF_Qrob_test_chunks/chunk_1, results/ACORN_VCF_Qrob_test_chunks/chunk_1, results/ACORN_VCF_Qrob_test_chunks/chunk_1, results/ACORN_VCF_Qrob_test_chunks/chunk_1, results/ACORN_VCF_Qrob_test_chunks/chunk_1
[Sat May 18 22:02:57 2024]
Finished job 25.
4 of 28 steps (14%) done
Shutting down, this might take some time.
Exiting because a job execution failed. Look above for error message
Complete log: .snakemake/log/2024-05-18T220256.086331.snakemake.log
WorkflowError:
At least one job did not complete successfully.
