Building DAG of jobs...
Using shell: /usr/bin/bash
Provided cores: 1 (use --cores to define parallelism)
Rules claiming more threads will be scaled down.
Job stats:
job              count
-------------  -------
all                  1
run_baypass        100
split_baypass        2
total              103

Select jobs to execute...
Execute 1 jobs...

[Sat May 18 18:35:21 2024]
localrule run_baypass:
    input: results/ACORN_VCF_Qrob_test_chunks/chunk_59, data/poolsize
    output: results/ACORN_VCF_Qrob_test_baypassSplitOut/chunk_59_DIC.out, results/ACORN_VCF_Qrob_test_baypassSplitOut/chunk_59_mat_omega.out, results/ACORN_VCF_Qrob_test_baypassSplitOut/chunk_59_summary_beta_params.out, results/ACORN_VCF_Qrob_test_baypassSplitOut/chunk_59_summary_lda_omega.out, results/ACORN_VCF_Qrob_test_baypassSplitOut/chunk_59_summary_pi_xtx.out, results/ACORN_VCF_Qrob_test_baypassSplitOut/chunk_59_summary_yij_pij.out
    jobid: 122
    reason: Missing output files: results/ACORN_VCF_Qrob_test_baypassSplitOut/chunk_59_DIC.out
    wildcards: sample=ACORN_VCF_Qrob_test, chunk=59
    resources: tmpdir=/tmp

Activating singularity image /home/nikos/other_apps/bin/poolseq_tools_0.2.10.sif
[Sat May 18 18:35:21 2024]
Error in rule run_baypass:
    jobid: 122
    input: results/ACORN_VCF_Qrob_test_chunks/chunk_59, data/poolsize
    output: results/ACORN_VCF_Qrob_test_baypassSplitOut/chunk_59_DIC.out, results/ACORN_VCF_Qrob_test_baypassSplitOut/chunk_59_mat_omega.out, results/ACORN_VCF_Qrob_test_baypassSplitOut/chunk_59_summary_beta_params.out, results/ACORN_VCF_Qrob_test_baypassSplitOut/chunk_59_summary_lda_omega.out, results/ACORN_VCF_Qrob_test_baypassSplitOut/chunk_59_summary_pi_xtx.out, results/ACORN_VCF_Qrob_test_baypassSplitOut/chunk_59_summary_yij_pij.out
    shell:
        
        g_baypass         -nthreads 1         -npop 40 -gfile results/ACORN_VCF_Qrob_test_chunks/chunk_59 -poolsizefile data/poolsize         -d0yij 6         -outprefix results/ACORN_VCF_Qrob_test_baypassSplitOut/chunk_59
        
        (one of the commands exited with non-zero exit code; note that snakemake uses bash strict mode!)

Shutting down, this might take some time.
Exiting because a job execution failed. Look above for error message
Complete log: .snakemake/log/2024-05-18T183520.990705.snakemake.log
WorkflowError:
At least one job did not complete successfully.
