Building DAG of jobs...
Using shell: /usr/bin/bash
Provided cores: 1 (use --cores to define parallelism)
Rules claiming more threads will be scaled down.
Job stats:
job              count
-------------  -------
all                  1
run_baypass         12
split_baypass       12
total               25

Select jobs to execute...
Execute 1 jobs...

[Sat May 18 19:28:43 2024]
localrule split_baypass:
    input: results/ACORN_VCF_Qrob_test_geno_baypass.txt
    output: results/ACORN_VCF_Qrob_test_chunks/chunk_5, results/ACORN_VCF_Qrob_test_chunks/chunk_5, results/ACORN_VCF_Qrob_test_chunks/chunk_5, results/ACORN_VCF_Qrob_test_chunks/chunk_5, results/ACORN_VCF_Qrob_test_chunks/chunk_5, results/ACORN_VCF_Qrob_test_chunks/chunk_5, results/ACORN_VCF_Qrob_test_chunks/chunk_5, results/ACORN_VCF_Qrob_test_chunks/chunk_5, results/ACORN_VCF_Qrob_test_chunks/chunk_5, results/ACORN_VCF_Qrob_test_chunks/chunk_5, results/ACORN_VCF_Qrob_test_chunks/chunk_5, results/ACORN_VCF_Qrob_test_chunks/chunk_5
    jobid: 15
    reason: Missing output files: results/ACORN_VCF_Qrob_test_chunks/chunk_5
    wildcards: sample=ACORN_VCF_Qrob_test, chunk=5
    resources: tmpdir=/tmp

RuleException in rule split_baypass in file /var/home/nikos/R_projects/BayPassAcorn/Snakefile, line 52:
NameError: The name 'f/0/' is unknown in this context. Please make sure that you defined that variable. Also note that braces not used for variable access have to be escaped by repeating them, i.e. {{print $1}}, when formatting the following:
split -n l/{params.chunks} --numeric-suffixes=0 \ {input} results/{wildcards.sample}_chunks/chunk_for f in results/{wildcards.sample}_chunks/chunk_*; do mv ${f} ${f/0/}; done
