Building DAG of jobs...
Using shell: /usr/bin/bash
Provided cores: 12
Rules claiming more threads will be scaled down.
Job stats:
job               count
--------------  -------
all                   1
counts2baypass        1
pool_name_fix         1
run_baypass          12
split_baypass        12
vcf2counts            1
total                28

Select jobs to execute...
Execute 1 jobs...

[Sat May 18 21:33:17 2024]
localrule vcf2counts:
    input: data/ACORN_VCF_Qrob_test.vcf
    output: results/ACORN_VCF_Qrob_test_counts.txt
    log: logs/vcf2counts/ACORN_VCF_Qrob_test_vcf2counts.log
    jobid: 5
    reason: Missing output files: results/ACORN_VCF_Qrob_test_counts.txt
    wildcards: sample=ACORN_VCF_Qrob_test
    resources: tmpdir=/tmp

Activating singularity image /home/nikos/other_apps/bin/poolseq_tools_0.2.11.sif
[Sat May 18 21:33:17 2024]
Finished job 5.
1 of 28 steps (4%) done
Select jobs to execute...
Execute 1 jobs...

[Sat May 18 21:33:17 2024]
localrule pool_name_fix:
    input: results/ACORN_VCF_Qrob_test_counts.txt
    output: results/ACORN_VCF_Qrob_test_counts_fixed.txt
    jobid: 4
    reason: Missing output files: results/ACORN_VCF_Qrob_test_counts_fixed.txt; Input files updated by another job: results/ACORN_VCF_Qrob_test_counts.txt
    wildcards: sample=ACORN_VCF_Qrob_test
    resources: tmpdir=/tmp

Activating singularity image /home/nikos/other_apps/bin/poolseq_tools_0.2.11.sif
[Sat May 18 21:33:17 2024]
Finished job 4.
2 of 28 steps (7%) done
Removing temporary output results/ACORN_VCF_Qrob_test_counts.txt.
Select jobs to execute...
Execute 1 jobs...

[Sat May 18 21:33:17 2024]
localrule counts2baypass:
    input: results/ACORN_VCF_Qrob_test_counts_fixed.txt
    output: results/ACORN_VCF_Qrob_test_geno_baypass.txt
    jobid: 3
    reason: Missing output files: results/ACORN_VCF_Qrob_test_geno_baypass.txt; Input files updated by another job: results/ACORN_VCF_Qrob_test_counts_fixed.txt
    wildcards: sample=ACORN_VCF_Qrob_test
    resources: tmpdir=/tmp

Activating singularity image /home/nikos/other_apps/bin/poolseq_tools_0.2.11.sif
[Sat May 18 21:33:18 2024]
Finished job 3.
3 of 28 steps (11%) done
Select jobs to execute...
Execute 12 jobs...

[Sat May 18 21:33:18 2024]
localrule split_baypass:
    input: results/ACORN_VCF_Qrob_test_geno_baypass.txt
    output: results/ACORN_VCF_Qrob_test_chunks/chunk_1, results/ACORN_VCF_Qrob_test_chunks/chunk_1, results/ACORN_VCF_Qrob_test_chunks/chunk_1, results/ACORN_VCF_Qrob_test_chunks/chunk_1, results/ACORN_VCF_Qrob_test_chunks/chunk_1, results/ACORN_VCF_Qrob_test_chunks/chunk_1, results/ACORN_VCF_Qrob_test_chunks/chunk_1, results/ACORN_VCF_Qrob_test_chunks/chunk_1, results/ACORN_VCF_Qrob_test_chunks/chunk_1, results/ACORN_VCF_Qrob_test_chunks/chunk_1, results/ACORN_VCF_Qrob_test_chunks/chunk_1, results/ACORN_VCF_Qrob_test_chunks/chunk_1
    jobid: 2
    reason: Missing output files: results/ACORN_VCF_Qrob_test_chunks/chunk_1; Input files updated by another job: results/ACORN_VCF_Qrob_test_geno_baypass.txt
    wildcards: sample=ACORN_VCF_Qrob_test, chunk=1
    resources: tmpdir=/tmp

Activating singularity image /home/nikos/other_apps/bin/poolseq_tools_0.2.11.sif

[Sat May 18 21:33:18 2024]
localrule split_baypass:
    input: results/ACORN_VCF_Qrob_test_geno_baypass.txt
    output: results/ACORN_VCF_Qrob_test_chunks/chunk_3, results/ACORN_VCF_Qrob_test_chunks/chunk_3, results/ACORN_VCF_Qrob_test_chunks/chunk_3, results/ACORN_VCF_Qrob_test_chunks/chunk_3, results/ACORN_VCF_Qrob_test_chunks/chunk_3, results/ACORN_VCF_Qrob_test_chunks/chunk_3, results/ACORN_VCF_Qrob_test_chunks/chunk_3, results/ACORN_VCF_Qrob_test_chunks/chunk_3, results/ACORN_VCF_Qrob_test_chunks/chunk_3, results/ACORN_VCF_Qrob_test_chunks/chunk_3, results/ACORN_VCF_Qrob_test_chunks/chunk_3, results/ACORN_VCF_Qrob_test_chunks/chunk_3
    jobid: 9
    reason: Missing output files: results/ACORN_VCF_Qrob_test_chunks/chunk_3; Input files updated by another job: results/ACORN_VCF_Qrob_test_geno_baypass.txt
    wildcards: sample=ACORN_VCF_Qrob_test, chunk=3
    resources: tmpdir=/tmp

Activating singularity image /home/nikos/other_apps/bin/poolseq_tools_0.2.11.sif

[Sat May 18 21:33:18 2024]
localrule split_baypass:
    input: results/ACORN_VCF_Qrob_test_geno_baypass.txt
    output: results/ACORN_VCF_Qrob_test_chunks/chunk_2, results/ACORN_VCF_Qrob_test_chunks/chunk_2, results/ACORN_VCF_Qrob_test_chunks/chunk_2, results/ACORN_VCF_Qrob_test_chunks/chunk_2, results/ACORN_VCF_Qrob_test_chunks/chunk_2, results/ACORN_VCF_Qrob_test_chunks/chunk_2, results/ACORN_VCF_Qrob_test_chunks/chunk_2, results/ACORN_VCF_Qrob_test_chunks/chunk_2, results/ACORN_VCF_Qrob_test_chunks/chunk_2, results/ACORN_VCF_Qrob_test_chunks/chunk_2, results/ACORN_VCF_Qrob_test_chunks/chunk_2, results/ACORN_VCF_Qrob_test_chunks/chunk_2
    jobid: 7
    reason: Missing output files: results/ACORN_VCF_Qrob_test_chunks/chunk_2; Input files updated by another job: results/ACORN_VCF_Qrob_test_geno_baypass.txt
    wildcards: sample=ACORN_VCF_Qrob_test, chunk=2
    resources: tmpdir=/tmp

Activating singularity image /home/nikos/other_apps/bin/poolseq_tools_0.2.11.sif

[Sat May 18 21:33:18 2024]
localrule split_baypass:
    input: results/ACORN_VCF_Qrob_test_geno_baypass.txt
    output: results/ACORN_VCF_Qrob_test_chunks/chunk_4, results/ACORN_VCF_Qrob_test_chunks/chunk_4, results/ACORN_VCF_Qrob_test_chunks/chunk_4, results/ACORN_VCF_Qrob_test_chunks/chunk_4, results/ACORN_VCF_Qrob_test_chunks/chunk_4, results/ACORN_VCF_Qrob_test_chunks/chunk_4, results/ACORN_VCF_Qrob_test_chunks/chunk_4, results/ACORN_VCF_Qrob_test_chunks/chunk_4, results/ACORN_VCF_Qrob_test_chunks/chunk_4, results/ACORN_VCF_Qrob_test_chunks/chunk_4, results/ACORN_VCF_Qrob_test_chunks/chunk_4, results/ACORN_VCF_Qrob_test_chunks/chunk_4
    jobid: 11
    reason: Missing output files: results/ACORN_VCF_Qrob_test_chunks/chunk_4; Input files updated by another job: results/ACORN_VCF_Qrob_test_geno_baypass.txt
    wildcards: sample=ACORN_VCF_Qrob_test, chunk=4
    resources: tmpdir=/tmp

Activating singularity image /home/nikos/other_apps/bin/poolseq_tools_0.2.11.sif

[Sat May 18 21:33:18 2024]
localrule split_baypass:
    input: results/ACORN_VCF_Qrob_test_geno_baypass.txt
    output: results/ACORN_VCF_Qrob_test_chunks/chunk_5, results/ACORN_VCF_Qrob_test_chunks/chunk_5, results/ACORN_VCF_Qrob_test_chunks/chunk_5, results/ACORN_VCF_Qrob_test_chunks/chunk_5, results/ACORN_VCF_Qrob_test_chunks/chunk_5, results/ACORN_VCF_Qrob_test_chunks/chunk_5, results/ACORN_VCF_Qrob_test_chunks/chunk_5, results/ACORN_VCF_Qrob_test_chunks/chunk_5, results/ACORN_VCF_Qrob_test_chunks/chunk_5, results/ACORN_VCF_Qrob_test_chunks/chunk_5, results/ACORN_VCF_Qrob_test_chunks/chunk_5, results/ACORN_VCF_Qrob_test_chunks/chunk_5
    jobid: 13
    reason: Missing output files: results/ACORN_VCF_Qrob_test_chunks/chunk_5; Input files updated by another job: results/ACORN_VCF_Qrob_test_geno_baypass.txt
    wildcards: sample=ACORN_VCF_Qrob_test, chunk=5
    resources: tmpdir=/tmp

Activating singularity image /home/nikos/other_apps/bin/poolseq_tools_0.2.11.sif

[Sat May 18 21:33:18 2024]
localrule split_baypass:
    input: results/ACORN_VCF_Qrob_test_geno_baypass.txt
    output: results/ACORN_VCF_Qrob_test_chunks/chunk_6, results/ACORN_VCF_Qrob_test_chunks/chunk_6, results/ACORN_VCF_Qrob_test_chunks/chunk_6, results/ACORN_VCF_Qrob_test_chunks/chunk_6, results/ACORN_VCF_Qrob_test_chunks/chunk_6, results/ACORN_VCF_Qrob_test_chunks/chunk_6, results/ACORN_VCF_Qrob_test_chunks/chunk_6, results/ACORN_VCF_Qrob_test_chunks/chunk_6, results/ACORN_VCF_Qrob_test_chunks/chunk_6, results/ACORN_VCF_Qrob_test_chunks/chunk_6, results/ACORN_VCF_Qrob_test_chunks/chunk_6, results/ACORN_VCF_Qrob_test_chunks/chunk_6
    jobid: 15
    reason: Missing output files: results/ACORN_VCF_Qrob_test_chunks/chunk_6; Input files updated by another job: results/ACORN_VCF_Qrob_test_geno_baypass.txt
    wildcards: sample=ACORN_VCF_Qrob_test, chunk=6
    resources: tmpdir=/tmp

Activating singularity image /home/nikos/other_apps/bin/poolseq_tools_0.2.11.sif

[Sat May 18 21:33:18 2024]
localrule split_baypass:
    input: results/ACORN_VCF_Qrob_test_geno_baypass.txt
    output: results/ACORN_VCF_Qrob_test_chunks/chunk_7, results/ACORN_VCF_Qrob_test_chunks/chunk_7, results/ACORN_VCF_Qrob_test_chunks/chunk_7, results/ACORN_VCF_Qrob_test_chunks/chunk_7, results/ACORN_VCF_Qrob_test_chunks/chunk_7, results/ACORN_VCF_Qrob_test_chunks/chunk_7, results/ACORN_VCF_Qrob_test_chunks/chunk_7, results/ACORN_VCF_Qrob_test_chunks/chunk_7, results/ACORN_VCF_Qrob_test_chunks/chunk_7, results/ACORN_VCF_Qrob_test_chunks/chunk_7, results/ACORN_VCF_Qrob_test_chunks/chunk_7, results/ACORN_VCF_Qrob_test_chunks/chunk_7
    jobid: 17
    reason: Missing output files: results/ACORN_VCF_Qrob_test_chunks/chunk_7; Input files updated by another job: results/ACORN_VCF_Qrob_test_geno_baypass.txt
    wildcards: sample=ACORN_VCF_Qrob_test, chunk=7
    resources: tmpdir=/tmp

Activating singularity image /home/nikos/other_apps/bin/poolseq_tools_0.2.11.sif

[Sat May 18 21:33:18 2024]
localrule split_baypass:
    input: results/ACORN_VCF_Qrob_test_geno_baypass.txt
    output: results/ACORN_VCF_Qrob_test_chunks/chunk_8, results/ACORN_VCF_Qrob_test_chunks/chunk_8, results/ACORN_VCF_Qrob_test_chunks/chunk_8, results/ACORN_VCF_Qrob_test_chunks/chunk_8, results/ACORN_VCF_Qrob_test_chunks/chunk_8, results/ACORN_VCF_Qrob_test_chunks/chunk_8, results/ACORN_VCF_Qrob_test_chunks/chunk_8, results/ACORN_VCF_Qrob_test_chunks/chunk_8, results/ACORN_VCF_Qrob_test_chunks/chunk_8, results/ACORN_VCF_Qrob_test_chunks/chunk_8, results/ACORN_VCF_Qrob_test_chunks/chunk_8, results/ACORN_VCF_Qrob_test_chunks/chunk_8
    jobid: 19
    reason: Missing output files: results/ACORN_VCF_Qrob_test_chunks/chunk_8; Input files updated by another job: results/ACORN_VCF_Qrob_test_geno_baypass.txt
    wildcards: sample=ACORN_VCF_Qrob_test, chunk=8
    resources: tmpdir=/tmp

Activating singularity image /home/nikos/other_apps/bin/poolseq_tools_0.2.11.sif

[Sat May 18 21:33:18 2024]
localrule split_baypass:
    input: results/ACORN_VCF_Qrob_test_geno_baypass.txt
    output: results/ACORN_VCF_Qrob_test_chunks/chunk_9, results/ACORN_VCF_Qrob_test_chunks/chunk_9, results/ACORN_VCF_Qrob_test_chunks/chunk_9, results/ACORN_VCF_Qrob_test_chunks/chunk_9, results/ACORN_VCF_Qrob_test_chunks/chunk_9, results/ACORN_VCF_Qrob_test_chunks/chunk_9, results/ACORN_VCF_Qrob_test_chunks/chunk_9, results/ACORN_VCF_Qrob_test_chunks/chunk_9, results/ACORN_VCF_Qrob_test_chunks/chunk_9, results/ACORN_VCF_Qrob_test_chunks/chunk_9, results/ACORN_VCF_Qrob_test_chunks/chunk_9, results/ACORN_VCF_Qrob_test_chunks/chunk_9
    jobid: 21
    reason: Missing output files: results/ACORN_VCF_Qrob_test_chunks/chunk_9; Input files updated by another job: results/ACORN_VCF_Qrob_test_geno_baypass.txt
    wildcards: sample=ACORN_VCF_Qrob_test, chunk=9
    resources: tmpdir=/tmp

Activating singularity image /home/nikos/other_apps/bin/poolseq_tools_0.2.11.sif

[Sat May 18 21:33:18 2024]
localrule split_baypass:
    input: results/ACORN_VCF_Qrob_test_geno_baypass.txt
    output: results/ACORN_VCF_Qrob_test_chunks/chunk_10, results/ACORN_VCF_Qrob_test_chunks/chunk_10, results/ACORN_VCF_Qrob_test_chunks/chunk_10, results/ACORN_VCF_Qrob_test_chunks/chunk_10, results/ACORN_VCF_Qrob_test_chunks/chunk_10, results/ACORN_VCF_Qrob_test_chunks/chunk_10, results/ACORN_VCF_Qrob_test_chunks/chunk_10, results/ACORN_VCF_Qrob_test_chunks/chunk_10, results/ACORN_VCF_Qrob_test_chunks/chunk_10, results/ACORN_VCF_Qrob_test_chunks/chunk_10, results/ACORN_VCF_Qrob_test_chunks/chunk_10, results/ACORN_VCF_Qrob_test_chunks/chunk_10
    jobid: 23
    reason: Missing output files: results/ACORN_VCF_Qrob_test_chunks/chunk_10; Input files updated by another job: results/ACORN_VCF_Qrob_test_geno_baypass.txt
    wildcards: sample=ACORN_VCF_Qrob_test, chunk=10
    resources: tmpdir=/tmp

Activating singularity image /home/nikos/other_apps/bin/poolseq_tools_0.2.11.sif

[Sat May 18 21:33:18 2024]
localrule split_baypass:
    input: results/ACORN_VCF_Qrob_test_geno_baypass.txt
    output: results/ACORN_VCF_Qrob_test_chunks/chunk_11, results/ACORN_VCF_Qrob_test_chunks/chunk_11, results/ACORN_VCF_Qrob_test_chunks/chunk_11, results/ACORN_VCF_Qrob_test_chunks/chunk_11, results/ACORN_VCF_Qrob_test_chunks/chunk_11, results/ACORN_VCF_Qrob_test_chunks/chunk_11, results/ACORN_VCF_Qrob_test_chunks/chunk_11, results/ACORN_VCF_Qrob_test_chunks/chunk_11, results/ACORN_VCF_Qrob_test_chunks/chunk_11, results/ACORN_VCF_Qrob_test_chunks/chunk_11, results/ACORN_VCF_Qrob_test_chunks/chunk_11, results/ACORN_VCF_Qrob_test_chunks/chunk_11
    jobid: 25
    reason: Missing output files: results/ACORN_VCF_Qrob_test_chunks/chunk_11; Input files updated by another job: results/ACORN_VCF_Qrob_test_geno_baypass.txt
    wildcards: sample=ACORN_VCF_Qrob_test, chunk=11
    resources: tmpdir=/tmp

Activating singularity image /home/nikos/other_apps/bin/poolseq_tools_0.2.11.sif

[Sat May 18 21:33:18 2024]
localrule split_baypass:
    input: results/ACORN_VCF_Qrob_test_geno_baypass.txt
    output: results/ACORN_VCF_Qrob_test_chunks/chunk_12, results/ACORN_VCF_Qrob_test_chunks/chunk_12, results/ACORN_VCF_Qrob_test_chunks/chunk_12, results/ACORN_VCF_Qrob_test_chunks/chunk_12, results/ACORN_VCF_Qrob_test_chunks/chunk_12, results/ACORN_VCF_Qrob_test_chunks/chunk_12, results/ACORN_VCF_Qrob_test_chunks/chunk_12, results/ACORN_VCF_Qrob_test_chunks/chunk_12, results/ACORN_VCF_Qrob_test_chunks/chunk_12, results/ACORN_VCF_Qrob_test_chunks/chunk_12, results/ACORN_VCF_Qrob_test_chunks/chunk_12, results/ACORN_VCF_Qrob_test_chunks/chunk_12
    jobid: 27
    reason: Missing output files: results/ACORN_VCF_Qrob_test_chunks/chunk_12; Input files updated by another job: results/ACORN_VCF_Qrob_test_geno_baypass.txt
    wildcards: sample=ACORN_VCF_Qrob_test, chunk=12
    resources: tmpdir=/tmp

Activating singularity image /home/nikos/other_apps/bin/poolseq_tools_0.2.11.sif
[Sat May 18 21:33:19 2024]
Error in rule split_baypass:
    jobid: 2
    input: results/ACORN_VCF_Qrob_test_geno_baypass.txt
    output: results/ACORN_VCF_Qrob_test_chunks/chunk_1, results/ACORN_VCF_Qrob_test_chunks/chunk_1, results/ACORN_VCF_Qrob_test_chunks/chunk_1, results/ACORN_VCF_Qrob_test_chunks/chunk_1, results/ACORN_VCF_Qrob_test_chunks/chunk_1, results/ACORN_VCF_Qrob_test_chunks/chunk_1, results/ACORN_VCF_Qrob_test_chunks/chunk_1, results/ACORN_VCF_Qrob_test_chunks/chunk_1, results/ACORN_VCF_Qrob_test_chunks/chunk_1, results/ACORN_VCF_Qrob_test_chunks/chunk_1, results/ACORN_VCF_Qrob_test_chunks/chunk_1, results/ACORN_VCF_Qrob_test_chunks/chunk_1
    shell:
        
        split -n l/12 --numeric-suffixes=1         results/ACORN_VCF_Qrob_test_geno_baypass.txt results/ACORN_VCF_Qrob_test_chunks/chunk_

        for FILE in results/ACORN_VCF_Qrob_test_chunks/chunk_0*; do mv $FILE `echo $FILE | sed -e 's/chunk_0/chunk_/'`; done
        
        (one of the commands exited with non-zero exit code; note that snakemake uses bash strict mode!)

Removing output files of failed job split_baypass since they might be corrupted:
results/ACORN_VCF_Qrob_test_chunks/chunk_1, results/ACORN_VCF_Qrob_test_chunks/chunk_1, results/ACORN_VCF_Qrob_test_chunks/chunk_1, results/ACORN_VCF_Qrob_test_chunks/chunk_1, results/ACORN_VCF_Qrob_test_chunks/chunk_1, results/ACORN_VCF_Qrob_test_chunks/chunk_1, results/ACORN_VCF_Qrob_test_chunks/chunk_1, results/ACORN_VCF_Qrob_test_chunks/chunk_1, results/ACORN_VCF_Qrob_test_chunks/chunk_1, results/ACORN_VCF_Qrob_test_chunks/chunk_1, results/ACORN_VCF_Qrob_test_chunks/chunk_1, results/ACORN_VCF_Qrob_test_chunks/chunk_1
[Sat May 18 21:33:19 2024]
Error in rule split_baypass:
    jobid: 9
    input: results/ACORN_VCF_Qrob_test_geno_baypass.txt
    output: results/ACORN_VCF_Qrob_test_chunks/chunk_3, results/ACORN_VCF_Qrob_test_chunks/chunk_3, results/ACORN_VCF_Qrob_test_chunks/chunk_3, results/ACORN_VCF_Qrob_test_chunks/chunk_3, results/ACORN_VCF_Qrob_test_chunks/chunk_3, results/ACORN_VCF_Qrob_test_chunks/chunk_3, results/ACORN_VCF_Qrob_test_chunks/chunk_3, results/ACORN_VCF_Qrob_test_chunks/chunk_3, results/ACORN_VCF_Qrob_test_chunks/chunk_3, results/ACORN_VCF_Qrob_test_chunks/chunk_3, results/ACORN_VCF_Qrob_test_chunks/chunk_3, results/ACORN_VCF_Qrob_test_chunks/chunk_3
    shell:
        
        split -n l/12 --numeric-suffixes=1         results/ACORN_VCF_Qrob_test_geno_baypass.txt results/ACORN_VCF_Qrob_test_chunks/chunk_

        for FILE in results/ACORN_VCF_Qrob_test_chunks/chunk_0*; do mv $FILE `echo $FILE | sed -e 's/chunk_0/chunk_/'`; done
        
        (one of the commands exited with non-zero exit code; note that snakemake uses bash strict mode!)

[Sat May 18 21:33:19 2024]
Error in rule split_baypass:
    jobid: 17
    input: results/ACORN_VCF_Qrob_test_geno_baypass.txt
    output: results/ACORN_VCF_Qrob_test_chunks/chunk_7, results/ACORN_VCF_Qrob_test_chunks/chunk_7, results/ACORN_VCF_Qrob_test_chunks/chunk_7, results/ACORN_VCF_Qrob_test_chunks/chunk_7, results/ACORN_VCF_Qrob_test_chunks/chunk_7, results/ACORN_VCF_Qrob_test_chunks/chunk_7, results/ACORN_VCF_Qrob_test_chunks/chunk_7, results/ACORN_VCF_Qrob_test_chunks/chunk_7, results/ACORN_VCF_Qrob_test_chunks/chunk_7, results/ACORN_VCF_Qrob_test_chunks/chunk_7, results/ACORN_VCF_Qrob_test_chunks/chunk_7, results/ACORN_VCF_Qrob_test_chunks/chunk_7
    shell:
        
        split -n l/12 --numeric-suffixes=1         results/ACORN_VCF_Qrob_test_geno_baypass.txt results/ACORN_VCF_Qrob_test_chunks/chunk_

        for FILE in results/ACORN_VCF_Qrob_test_chunks/chunk_0*; do mv $FILE `echo $FILE | sed -e 's/chunk_0/chunk_/'`; done
        
        (one of the commands exited with non-zero exit code; note that snakemake uses bash strict mode!)

Removing output files of failed job split_baypass since they might be corrupted:
results/ACORN_VCF_Qrob_test_chunks/chunk_3, results/ACORN_VCF_Qrob_test_chunks/chunk_3, results/ACORN_VCF_Qrob_test_chunks/chunk_3, results/ACORN_VCF_Qrob_test_chunks/chunk_3, results/ACORN_VCF_Qrob_test_chunks/chunk_3, results/ACORN_VCF_Qrob_test_chunks/chunk_3, results/ACORN_VCF_Qrob_test_chunks/chunk_3, results/ACORN_VCF_Qrob_test_chunks/chunk_3, results/ACORN_VCF_Qrob_test_chunks/chunk_3, results/ACORN_VCF_Qrob_test_chunks/chunk_3, results/ACORN_VCF_Qrob_test_chunks/chunk_3, results/ACORN_VCF_Qrob_test_chunks/chunk_3
[Sat May 18 21:33:19 2024]
Error in rule split_baypass:
    jobid: 21
    input: results/ACORN_VCF_Qrob_test_geno_baypass.txt
    output: results/ACORN_VCF_Qrob_test_chunks/chunk_9, results/ACORN_VCF_Qrob_test_chunks/chunk_9, results/ACORN_VCF_Qrob_test_chunks/chunk_9, results/ACORN_VCF_Qrob_test_chunks/chunk_9, results/ACORN_VCF_Qrob_test_chunks/chunk_9, results/ACORN_VCF_Qrob_test_chunks/chunk_9, results/ACORN_VCF_Qrob_test_chunks/chunk_9, results/ACORN_VCF_Qrob_test_chunks/chunk_9, results/ACORN_VCF_Qrob_test_chunks/chunk_9, results/ACORN_VCF_Qrob_test_chunks/chunk_9, results/ACORN_VCF_Qrob_test_chunks/chunk_9, results/ACORN_VCF_Qrob_test_chunks/chunk_9
    shell:
        
        split -n l/12 --numeric-suffixes=1         results/ACORN_VCF_Qrob_test_geno_baypass.txt results/ACORN_VCF_Qrob_test_chunks/chunk_

        for FILE in results/ACORN_VCF_Qrob_test_chunks/chunk_0*; do mv $FILE `echo $FILE | sed -e 's/chunk_0/chunk_/'`; done
        
        (one of the commands exited with non-zero exit code; note that snakemake uses bash strict mode!)

Removing output files of failed job split_baypass since they might be corrupted:
results/ACORN_VCF_Qrob_test_chunks/chunk_7, results/ACORN_VCF_Qrob_test_chunks/chunk_7, results/ACORN_VCF_Qrob_test_chunks/chunk_7, results/ACORN_VCF_Qrob_test_chunks/chunk_7, results/ACORN_VCF_Qrob_test_chunks/chunk_7, results/ACORN_VCF_Qrob_test_chunks/chunk_7, results/ACORN_VCF_Qrob_test_chunks/chunk_7, results/ACORN_VCF_Qrob_test_chunks/chunk_7, results/ACORN_VCF_Qrob_test_chunks/chunk_7, results/ACORN_VCF_Qrob_test_chunks/chunk_7, results/ACORN_VCF_Qrob_test_chunks/chunk_7, results/ACORN_VCF_Qrob_test_chunks/chunk_7
[Sat May 18 21:33:19 2024]
Error in rule split_baypass:
    jobid: 15
    input: results/ACORN_VCF_Qrob_test_geno_baypass.txt
    output: results/ACORN_VCF_Qrob_test_chunks/chunk_6, results/ACORN_VCF_Qrob_test_chunks/chunk_6, results/ACORN_VCF_Qrob_test_chunks/chunk_6, results/ACORN_VCF_Qrob_test_chunks/chunk_6, results/ACORN_VCF_Qrob_test_chunks/chunk_6, results/ACORN_VCF_Qrob_test_chunks/chunk_6, results/ACORN_VCF_Qrob_test_chunks/chunk_6, results/ACORN_VCF_Qrob_test_chunks/chunk_6, results/ACORN_VCF_Qrob_test_chunks/chunk_6, results/ACORN_VCF_Qrob_test_chunks/chunk_6, results/ACORN_VCF_Qrob_test_chunks/chunk_6, results/ACORN_VCF_Qrob_test_chunks/chunk_6
    shell:
        
        split -n l/12 --numeric-suffixes=1         results/ACORN_VCF_Qrob_test_geno_baypass.txt results/ACORN_VCF_Qrob_test_chunks/chunk_

        for FILE in results/ACORN_VCF_Qrob_test_chunks/chunk_0*; do mv $FILE `echo $FILE | sed -e 's/chunk_0/chunk_/'`; done
        
        (one of the commands exited with non-zero exit code; note that snakemake uses bash strict mode!)

[Sat May 18 21:33:19 2024]
[Sat May 18 21:33:19 2024]
[Sat May 18 21:33:19 2024]
Error in rule split_baypass:
    jobid: 19
    input: results/ACORN_VCF_Qrob_test_geno_baypass.txt
    output: results/ACORN_VCF_Qrob_test_chunks/chunk_8, results/ACORN_VCF_Qrob_test_chunks/chunk_8, results/ACORN_VCF_Qrob_test_chunks/chunk_8, results/ACORN_VCF_Qrob_test_chunks/chunk_8, results/ACORN_VCF_Qrob_test_chunks/chunk_8, results/ACORN_VCF_Qrob_test_chunks/chunk_8, results/ACORN_VCF_Qrob_test_chunks/chunk_8, results/ACORN_VCF_Qrob_test_chunks/chunk_8, results/ACORN_VCF_Qrob_test_chunks/chunk_8, results/ACORN_VCF_Qrob_test_chunks/chunk_8, results/ACORN_VCF_Qrob_test_chunks/chunk_8, results/ACORN_VCF_Qrob_test_chunks/chunk_8
    shell:
        
        split -n l/12 --numeric-suffixes=1         results/ACORN_VCF_Qrob_test_geno_baypass.txt results/ACORN_VCF_Qrob_test_chunks/chunk_

        for FILE in results/ACORN_VCF_Qrob_test_chunks/chunk_0*; do mv $FILE `echo $FILE | sed -e 's/chunk_0/chunk_/'`; done
        
        (one of the commands exited with non-zero exit code; note that snakemake uses bash strict mode!)

Error in rule split_baypass:
    jobid: 13
    input: results/ACORN_VCF_Qrob_test_geno_baypass.txt
    output: results/ACORN_VCF_Qrob_test_chunks/chunk_5, results/ACORN_VCF_Qrob_test_chunks/chunk_5, results/ACORN_VCF_Qrob_test_chunks/chunk_5, results/ACORN_VCF_Qrob_test_chunks/chunk_5, results/ACORN_VCF_Qrob_test_chunks/chunk_5, results/ACORN_VCF_Qrob_test_chunks/chunk_5, results/ACORN_VCF_Qrob_test_chunks/chunk_5, results/ACORN_VCF_Qrob_test_chunks/chunk_5, results/ACORN_VCF_Qrob_test_chunks/chunk_5, results/ACORN_VCF_Qrob_test_chunks/chunk_5, results/ACORN_VCF_Qrob_test_chunks/chunk_5, results/ACORN_VCF_Qrob_test_chunks/chunk_5
    shell:
        
        split -n l/12 --numeric-suffixes=1         results/ACORN_VCF_Qrob_test_geno_baypass.txt results/ACORN_VCF_Qrob_test_chunks/chunk_

        for FILE in results/ACORN_VCF_Qrob_test_chunks/chunk_0*; do mv $FILE `echo $FILE | sed -e 's/chunk_0/chunk_/'`; done
        
        (one of the commands exited with non-zero exit code; note that snakemake uses bash strict mode!)

Error in rule split_baypass:
    jobid: 11
    input: results/ACORN_VCF_Qrob_test_geno_baypass.txt
    output: results/ACORN_VCF_Qrob_test_chunks/chunk_4, results/ACORN_VCF_Qrob_test_chunks/chunk_4, results/ACORN_VCF_Qrob_test_chunks/chunk_4, results/ACORN_VCF_Qrob_test_chunks/chunk_4, results/ACORN_VCF_Qrob_test_chunks/chunk_4, results/ACORN_VCF_Qrob_test_chunks/chunk_4, results/ACORN_VCF_Qrob_test_chunks/chunk_4, results/ACORN_VCF_Qrob_test_chunks/chunk_4, results/ACORN_VCF_Qrob_test_chunks/chunk_4, results/ACORN_VCF_Qrob_test_chunks/chunk_4, results/ACORN_VCF_Qrob_test_chunks/chunk_4, results/ACORN_VCF_Qrob_test_chunks/chunk_4
    shell:
        
        split -n l/12 --numeric-suffixes=1         results/ACORN_VCF_Qrob_test_geno_baypass.txt results/ACORN_VCF_Qrob_test_chunks/chunk_

        for FILE in results/ACORN_VCF_Qrob_test_chunks/chunk_0*; do mv $FILE `echo $FILE | sed -e 's/chunk_0/chunk_/'`; done
        
        (one of the commands exited with non-zero exit code; note that snakemake uses bash strict mode!)

[Sat May 18 21:33:19 2024]
Finished job 7.
4 of 28 steps (14%) done
Removing output files of failed job split_baypass since they might be corrupted:
results/ACORN_VCF_Qrob_test_chunks/chunk_9, results/ACORN_VCF_Qrob_test_chunks/chunk_9, results/ACORN_VCF_Qrob_test_chunks/chunk_9, results/ACORN_VCF_Qrob_test_chunks/chunk_9, results/ACORN_VCF_Qrob_test_chunks/chunk_9, results/ACORN_VCF_Qrob_test_chunks/chunk_9, results/ACORN_VCF_Qrob_test_chunks/chunk_9, results/ACORN_VCF_Qrob_test_chunks/chunk_9, results/ACORN_VCF_Qrob_test_chunks/chunk_9, results/ACORN_VCF_Qrob_test_chunks/chunk_9, results/ACORN_VCF_Qrob_test_chunks/chunk_9, results/ACORN_VCF_Qrob_test_chunks/chunk_9
Removing output files of failed job split_baypass since they might be corrupted:
results/ACORN_VCF_Qrob_test_chunks/chunk_8, results/ACORN_VCF_Qrob_test_chunks/chunk_8, results/ACORN_VCF_Qrob_test_chunks/chunk_8, results/ACORN_VCF_Qrob_test_chunks/chunk_8, results/ACORN_VCF_Qrob_test_chunks/chunk_8, results/ACORN_VCF_Qrob_test_chunks/chunk_8, results/ACORN_VCF_Qrob_test_chunks/chunk_8, results/ACORN_VCF_Qrob_test_chunks/chunk_8, results/ACORN_VCF_Qrob_test_chunks/chunk_8, results/ACORN_VCF_Qrob_test_chunks/chunk_8, results/ACORN_VCF_Qrob_test_chunks/chunk_8, results/ACORN_VCF_Qrob_test_chunks/chunk_8
Removing output files of failed job split_baypass since they might be corrupted:
results/ACORN_VCF_Qrob_test_chunks/chunk_5, results/ACORN_VCF_Qrob_test_chunks/chunk_5, results/ACORN_VCF_Qrob_test_chunks/chunk_5, results/ACORN_VCF_Qrob_test_chunks/chunk_5, results/ACORN_VCF_Qrob_test_chunks/chunk_5, results/ACORN_VCF_Qrob_test_chunks/chunk_5, results/ACORN_VCF_Qrob_test_chunks/chunk_5, results/ACORN_VCF_Qrob_test_chunks/chunk_5, results/ACORN_VCF_Qrob_test_chunks/chunk_5, results/ACORN_VCF_Qrob_test_chunks/chunk_5, results/ACORN_VCF_Qrob_test_chunks/chunk_5, results/ACORN_VCF_Qrob_test_chunks/chunk_5
Removing output files of failed job split_baypass since they might be corrupted:
results/ACORN_VCF_Qrob_test_chunks/chunk_4, results/ACORN_VCF_Qrob_test_chunks/chunk_4, results/ACORN_VCF_Qrob_test_chunks/chunk_4, results/ACORN_VCF_Qrob_test_chunks/chunk_4, results/ACORN_VCF_Qrob_test_chunks/chunk_4, results/ACORN_VCF_Qrob_test_chunks/chunk_4, results/ACORN_VCF_Qrob_test_chunks/chunk_4, results/ACORN_VCF_Qrob_test_chunks/chunk_4, results/ACORN_VCF_Qrob_test_chunks/chunk_4, results/ACORN_VCF_Qrob_test_chunks/chunk_4, results/ACORN_VCF_Qrob_test_chunks/chunk_4, results/ACORN_VCF_Qrob_test_chunks/chunk_4
Removing output files of failed job split_baypass since they might be corrupted:
results/ACORN_VCF_Qrob_test_chunks/chunk_6, results/ACORN_VCF_Qrob_test_chunks/chunk_6, results/ACORN_VCF_Qrob_test_chunks/chunk_6, results/ACORN_VCF_Qrob_test_chunks/chunk_6, results/ACORN_VCF_Qrob_test_chunks/chunk_6, results/ACORN_VCF_Qrob_test_chunks/chunk_6, results/ACORN_VCF_Qrob_test_chunks/chunk_6, results/ACORN_VCF_Qrob_test_chunks/chunk_6, results/ACORN_VCF_Qrob_test_chunks/chunk_6, results/ACORN_VCF_Qrob_test_chunks/chunk_6, results/ACORN_VCF_Qrob_test_chunks/chunk_6, results/ACORN_VCF_Qrob_test_chunks/chunk_6
[Sat May 18 21:33:19 2024]
Error in rule split_baypass:
    jobid: 25
    input: results/ACORN_VCF_Qrob_test_geno_baypass.txt
    output: results/ACORN_VCF_Qrob_test_chunks/chunk_11, results/ACORN_VCF_Qrob_test_chunks/chunk_11, results/ACORN_VCF_Qrob_test_chunks/chunk_11, results/ACORN_VCF_Qrob_test_chunks/chunk_11, results/ACORN_VCF_Qrob_test_chunks/chunk_11, results/ACORN_VCF_Qrob_test_chunks/chunk_11, results/ACORN_VCF_Qrob_test_chunks/chunk_11, results/ACORN_VCF_Qrob_test_chunks/chunk_11, results/ACORN_VCF_Qrob_test_chunks/chunk_11, results/ACORN_VCF_Qrob_test_chunks/chunk_11, results/ACORN_VCF_Qrob_test_chunks/chunk_11, results/ACORN_VCF_Qrob_test_chunks/chunk_11
    shell:
        
        split -n l/12 --numeric-suffixes=1         results/ACORN_VCF_Qrob_test_geno_baypass.txt results/ACORN_VCF_Qrob_test_chunks/chunk_

        for FILE in results/ACORN_VCF_Qrob_test_chunks/chunk_0*; do mv $FILE `echo $FILE | sed -e 's/chunk_0/chunk_/'`; done
        
        (one of the commands exited with non-zero exit code; note that snakemake uses bash strict mode!)

Removing output files of failed job split_baypass since they might be corrupted:
results/ACORN_VCF_Qrob_test_chunks/chunk_11, results/ACORN_VCF_Qrob_test_chunks/chunk_11, results/ACORN_VCF_Qrob_test_chunks/chunk_11, results/ACORN_VCF_Qrob_test_chunks/chunk_11, results/ACORN_VCF_Qrob_test_chunks/chunk_11, results/ACORN_VCF_Qrob_test_chunks/chunk_11, results/ACORN_VCF_Qrob_test_chunks/chunk_11, results/ACORN_VCF_Qrob_test_chunks/chunk_11, results/ACORN_VCF_Qrob_test_chunks/chunk_11, results/ACORN_VCF_Qrob_test_chunks/chunk_11, results/ACORN_VCF_Qrob_test_chunks/chunk_11, results/ACORN_VCF_Qrob_test_chunks/chunk_11
[Sat May 18 21:33:19 2024]
Error in rule split_baypass:
    jobid: 27
    input: results/ACORN_VCF_Qrob_test_geno_baypass.txt
    output: results/ACORN_VCF_Qrob_test_chunks/chunk_12, results/ACORN_VCF_Qrob_test_chunks/chunk_12, results/ACORN_VCF_Qrob_test_chunks/chunk_12, results/ACORN_VCF_Qrob_test_chunks/chunk_12, results/ACORN_VCF_Qrob_test_chunks/chunk_12, results/ACORN_VCF_Qrob_test_chunks/chunk_12, results/ACORN_VCF_Qrob_test_chunks/chunk_12, results/ACORN_VCF_Qrob_test_chunks/chunk_12, results/ACORN_VCF_Qrob_test_chunks/chunk_12, results/ACORN_VCF_Qrob_test_chunks/chunk_12, results/ACORN_VCF_Qrob_test_chunks/chunk_12, results/ACORN_VCF_Qrob_test_chunks/chunk_12
    shell:
        
        split -n l/12 --numeric-suffixes=1         results/ACORN_VCF_Qrob_test_geno_baypass.txt results/ACORN_VCF_Qrob_test_chunks/chunk_

        for FILE in results/ACORN_VCF_Qrob_test_chunks/chunk_0*; do mv $FILE `echo $FILE | sed -e 's/chunk_0/chunk_/'`; done
        
        (one of the commands exited with non-zero exit code; note that snakemake uses bash strict mode!)

[Sat May 18 21:33:19 2024]
Finished job 23.
5 of 28 steps (18%) done
Removing output files of failed job split_baypass since they might be corrupted:
results/ACORN_VCF_Qrob_test_chunks/chunk_12, results/ACORN_VCF_Qrob_test_chunks/chunk_12, results/ACORN_VCF_Qrob_test_chunks/chunk_12, results/ACORN_VCF_Qrob_test_chunks/chunk_12, results/ACORN_VCF_Qrob_test_chunks/chunk_12, results/ACORN_VCF_Qrob_test_chunks/chunk_12, results/ACORN_VCF_Qrob_test_chunks/chunk_12, results/ACORN_VCF_Qrob_test_chunks/chunk_12, results/ACORN_VCF_Qrob_test_chunks/chunk_12, results/ACORN_VCF_Qrob_test_chunks/chunk_12, results/ACORN_VCF_Qrob_test_chunks/chunk_12, results/ACORN_VCF_Qrob_test_chunks/chunk_12
Shutting down, this might take some time.
Exiting because a job execution failed. Look above for error message
Complete log: .snakemake/log/2024-05-18T213317.368258.snakemake.log
WorkflowError:
At least one job did not complete successfully.
