Building DAG of jobs...
Using shell: /usr/bin/bash
Provided cores: 1 (use --cores to define parallelism)
Rules claiming more threads will be scaled down.
Job stats:
job               count
--------------  -------
all                   1
counts2baypass        1
pool_name_fix         1
run_baypass          12
split_baypass        12
vcf2counts            1
total                28

Select jobs to execute...
Execute 1 jobs...

[Sat May 18 19:57:41 2024]
localrule vcf2counts:
    input: data/ACORN_VCF_Qrob_test.vcf
    output: results/ACORN_VCF_Qrob_test_counts.txt
    log: logs/vcf2counts/ACORN_VCF_Qrob_test_vcf2counts.log
    jobid: 5
    reason: Missing output files: results/ACORN_VCF_Qrob_test_counts.txt
    wildcards: sample=ACORN_VCF_Qrob_test
    resources: tmpdir=/tmp

Activating singularity image /home/nikos/other_apps/bin/poolseq_tools_0.2.10.sif
[Sat May 18 19:57:41 2024]
Finished job 5.
1 of 28 steps (4%) done
Select jobs to execute...
Execute 1 jobs...

[Sat May 18 19:57:41 2024]
localrule pool_name_fix:
    input: results/ACORN_VCF_Qrob_test_counts.txt
    output: results/ACORN_VCF_Qrob_test_counts_fixed.txt
    jobid: 4
    reason: Missing output files: results/ACORN_VCF_Qrob_test_counts_fixed.txt; Input files updated by another job: results/ACORN_VCF_Qrob_test_counts.txt
    wildcards: sample=ACORN_VCF_Qrob_test
    resources: tmpdir=/tmp

Activating singularity image /home/nikos/other_apps/bin/poolseq_tools_0.2.10.sif
[Sat May 18 19:57:41 2024]
Finished job 4.
2 of 28 steps (7%) done
Removing temporary output results/ACORN_VCF_Qrob_test_counts.txt.
Select jobs to execute...
Execute 1 jobs...

[Sat May 18 19:57:41 2024]
localrule counts2baypass:
    input: results/ACORN_VCF_Qrob_test_counts_fixed.txt
    output: results/ACORN_VCF_Qrob_test_geno_baypass.txt
    jobid: 3
    reason: Missing output files: results/ACORN_VCF_Qrob_test_geno_baypass.txt; Input files updated by another job: results/ACORN_VCF_Qrob_test_counts_fixed.txt
    wildcards: sample=ACORN_VCF_Qrob_test
    resources: tmpdir=/tmp

Activating singularity image /home/nikos/other_apps/bin/poolseq_tools_0.2.10.sif
[Sat May 18 19:57:42 2024]
Finished job 3.
3 of 28 steps (11%) done
Select jobs to execute...
Execute 1 jobs...

[Sat May 18 19:57:42 2024]
localrule split_baypass:
    input: results/ACORN_VCF_Qrob_test_geno_baypass.txt
    output: results/ACORN_VCF_Qrob_test_chunks/chunk_7, results/ACORN_VCF_Qrob_test_chunks/chunk_7, results/ACORN_VCF_Qrob_test_chunks/chunk_7, results/ACORN_VCF_Qrob_test_chunks/chunk_7, results/ACORN_VCF_Qrob_test_chunks/chunk_7, results/ACORN_VCF_Qrob_test_chunks/chunk_7, results/ACORN_VCF_Qrob_test_chunks/chunk_7, results/ACORN_VCF_Qrob_test_chunks/chunk_7, results/ACORN_VCF_Qrob_test_chunks/chunk_7, results/ACORN_VCF_Qrob_test_chunks/chunk_7, results/ACORN_VCF_Qrob_test_chunks/chunk_7, results/ACORN_VCF_Qrob_test_chunks/chunk_7
    jobid: 19
    reason: Missing output files: results/ACORN_VCF_Qrob_test_chunks/chunk_7; Input files updated by another job: results/ACORN_VCF_Qrob_test_geno_baypass.txt
    wildcards: sample=ACORN_VCF_Qrob_test, chunk=7
    resources: tmpdir=/tmp

Activating singularity image /home/nikos/other_apps/bin/poolseq_tools_0.2.10.sif
[Sat May 18 19:57:42 2024]
Error in rule split_baypass:
    jobid: 19
    input: results/ACORN_VCF_Qrob_test_geno_baypass.txt
    output: results/ACORN_VCF_Qrob_test_chunks/chunk_7, results/ACORN_VCF_Qrob_test_chunks/chunk_7, results/ACORN_VCF_Qrob_test_chunks/chunk_7, results/ACORN_VCF_Qrob_test_chunks/chunk_7, results/ACORN_VCF_Qrob_test_chunks/chunk_7, results/ACORN_VCF_Qrob_test_chunks/chunk_7, results/ACORN_VCF_Qrob_test_chunks/chunk_7, results/ACORN_VCF_Qrob_test_chunks/chunk_7, results/ACORN_VCF_Qrob_test_chunks/chunk_7, results/ACORN_VCF_Qrob_test_chunks/chunk_7, results/ACORN_VCF_Qrob_test_chunks/chunk_7, results/ACORN_VCF_Qrob_test_chunks/chunk_7
    shell:
        
        split -n l/12 --numeric-suffixes=0         results/ACORN_VCF_Qrob_test_geno_baypass.txt results/ACORN_VCF_Qrob_test_chunks/chunk_

        for FILE in results/ACORN_VCF_Qrob_test_chunks/chunk_*; do mv $FILE `echo $FILE | sed -e 's:^0*::'`; done
        
        (one of the commands exited with non-zero exit code; note that snakemake uses bash strict mode!)

Shutting down, this might take some time.
Exiting because a job execution failed. Look above for error message
Complete log: .snakemake/log/2024-05-18T195741.349064.snakemake.log
WorkflowError:
At least one job did not complete successfully.
