Building DAG of jobs...
Using shell: /usr/bin/bash
Provided cores: 1 (use --cores to define parallelism)
Rules claiming more threads will be scaled down.
Singularity containers: ignored
Job stats:
job               count
--------------  -------
all                   1
counts2baypass        1
pool_name_fix         1
split_baypass         1
vcf2counts            1
total                 5

Select jobs to execute...
Execute 1 jobs...

[Thu May 16 22:12:13 2024]
localrule vcf2counts:
    input: data/ACORN_VCF_Qrobur_minCov20IndelFilteredSNPs_Biallelic_miss0.1_ADP104_Subsampled_0.01.vcf
    output: results/ACORN_VCF_Qrobur_minCov20IndelFilteredSNPs_Biallelic_miss0.1_ADP104_Subsampled_0.01_counts.txt
    log: logs/vcf2counts/ACORN_VCF_Qrobur_minCov20IndelFilteredSNPs_Biallelic_miss0.1_ADP104_Subsampled_0.01_vcf2counts.log
    jobid: 3
    reason: Missing output files: results/ACORN_VCF_Qrobur_minCov20IndelFilteredSNPs_Biallelic_miss0.1_ADP104_Subsampled_0.01_counts.txt
    wildcards: sample=ACORN_VCF_Qrobur_minCov20IndelFilteredSNPs_Biallelic_miss0.1_ADP104_Subsampled_0.01
    resources: tmpdir=/tmp

[Thu May 16 22:12:17 2024]
Finished job 3.
1 of 5 steps (20%) done
Select jobs to execute...
Execute 1 jobs...

[Thu May 16 22:12:17 2024]
localrule pool_name_fix:
    input: results/ACORN_VCF_Qrobur_minCov20IndelFilteredSNPs_Biallelic_miss0.1_ADP104_Subsampled_0.01_counts.txt
    output: results/ACORN_VCF_Qrobur_minCov20IndelFilteredSNPs_Biallelic_miss0.1_ADP104_Subsampled_0.01_counts_fixed.txt
    jobid: 2
    reason: Missing output files: results/ACORN_VCF_Qrobur_minCov20IndelFilteredSNPs_Biallelic_miss0.1_ADP104_Subsampled_0.01_counts_fixed.txt; Input files updated by another job: results/ACORN_VCF_Qrobur_minCov20IndelFilteredSNPs_Biallelic_miss0.1_ADP104_Subsampled_0.01_counts.txt
    wildcards: sample=ACORN_VCF_Qrobur_minCov20IndelFilteredSNPs_Biallelic_miss0.1_ADP104_Subsampled_0.01
    resources: tmpdir=/tmp

[Thu May 16 22:12:18 2024]
Finished job 2.
2 of 5 steps (40%) done
Removing temporary output results/ACORN_VCF_Qrobur_minCov20IndelFilteredSNPs_Biallelic_miss0.1_ADP104_Subsampled_0.01_counts.txt.
Select jobs to execute...
Execute 1 jobs...

[Thu May 16 22:12:18 2024]
localrule counts2baypass:
    input: results/ACORN_VCF_Qrobur_minCov20IndelFilteredSNPs_Biallelic_miss0.1_ADP104_Subsampled_0.01_counts_fixed.txt
    output: results/ACORN_VCF_Qrobur_minCov20IndelFilteredSNPs_Biallelic_miss0.1_ADP104_Subsampled_0.01_geno_baypass.txt
    jobid: 1
    reason: Missing output files: results/ACORN_VCF_Qrobur_minCov20IndelFilteredSNPs_Biallelic_miss0.1_ADP104_Subsampled_0.01_geno_baypass.txt; Input files updated by another job: results/ACORN_VCF_Qrobur_minCov20IndelFilteredSNPs_Biallelic_miss0.1_ADP104_Subsampled_0.01_counts_fixed.txt
    wildcards: sample=ACORN_VCF_Qrobur_minCov20IndelFilteredSNPs_Biallelic_miss0.1_ADP104_Subsampled_0.01
    resources: tmpdir=/tmp

[Thu May 16 22:12:37 2024]
Finished job 1.
3 of 5 steps (60%) done
Select jobs to execute...
Execute 1 jobs...

[Thu May 16 22:12:37 2024]
localrule split_baypass:
    input: results/ACORN_VCF_Qrobur_minCov20IndelFilteredSNPs_Biallelic_miss0.1_ADP104_Subsampled_0.01_geno_baypass.txt
    output: results/ACORN_VCF_Qrobur_minCov20IndelFilteredSNPs_Biallelic_miss0.1_ADP104_Subsampled_0.01_chunks
    jobid: 4
    reason: Missing output files: results/ACORN_VCF_Qrobur_minCov20IndelFilteredSNPs_Biallelic_miss0.1_ADP104_Subsampled_0.01_chunks; Input files updated by another job: results/ACORN_VCF_Qrobur_minCov20IndelFilteredSNPs_Biallelic_miss0.1_ADP104_Subsampled_0.01_geno_baypass.txt
    wildcards: sample=ACORN_VCF_Qrobur_minCov20IndelFilteredSNPs_Biallelic_miss0.1_ADP104_Subsampled_0.01
    resources: tmpdir=/tmp

[Thu May 16 22:12:37 2024]
Finished job 4.
4 of 5 steps (80%) done
Select jobs to execute...
Execute 1 jobs...

[Thu May 16 22:12:37 2024]
localrule all:
    input: results/ACORN_VCF_Qrobur_minCov20IndelFilteredSNPs_Biallelic_miss0.1_ADP104_Subsampled_0.01_geno_baypass.txt, results/ACORN_VCF_Qrobur_minCov20IndelFilteredSNPs_Biallelic_miss0.1_ADP104_Subsampled_0.01_chunks
    jobid: 0
    reason: Input files updated by another job: results/ACORN_VCF_Qrobur_minCov20IndelFilteredSNPs_Biallelic_miss0.1_ADP104_Subsampled_0.01_geno_baypass.txt, results/ACORN_VCF_Qrobur_minCov20IndelFilteredSNPs_Biallelic_miss0.1_ADP104_Subsampled_0.01_chunks
    resources: tmpdir=/tmp

[Thu May 16 22:12:37 2024]
Finished job 0.
5 of 5 steps (100%) done
Complete log: .snakemake/log/2024-05-16T221213.770823.snakemake.log
