Building DAG of jobs...
Using shell: /usr/bin/bash
Provided cores: 1 (use --cores to define parallelism)
Rules claiming more threads will be scaled down.
Job stats:
job               count
--------------  -------
all                   1
counts2baypass        1
pool_name_fix         1
run_baypass          12
split_baypass        12
vcf2counts            1
total                28

Select jobs to execute...
Execute 1 jobs...

[Sat May 18 20:47:27 2024]
localrule vcf2counts:
    input: data/ACORN_VCF_Qrob_test.vcf
    output: results/ACORN_VCF_Qrob_test_counts.txt
    log: logs/vcf2counts/ACORN_VCF_Qrob_test_vcf2counts.log
    jobid: 5
    reason: Missing output files: results/ACORN_VCF_Qrob_test_counts.txt
    wildcards: sample=ACORN_VCF_Qrob_test
    resources: tmpdir=/tmp

Activating singularity image /home/nikos/other_apps/bin/poolseq_tools_0.2.11.sif
[Sat May 18 20:47:27 2024]
Finished job 5.
1 of 28 steps (4%) done
Select jobs to execute...
Execute 1 jobs...

[Sat May 18 20:47:27 2024]
localrule pool_name_fix:
    input: results/ACORN_VCF_Qrob_test_counts.txt
    output: results/ACORN_VCF_Qrob_test_counts_fixed.txt
    jobid: 4
    reason: Missing output files: results/ACORN_VCF_Qrob_test_counts_fixed.txt; Input files updated by another job: results/ACORN_VCF_Qrob_test_counts.txt
    wildcards: sample=ACORN_VCF_Qrob_test
    resources: tmpdir=/tmp

Activating singularity image /home/nikos/other_apps/bin/poolseq_tools_0.2.11.sif
[Sat May 18 20:47:27 2024]
Finished job 4.
2 of 28 steps (7%) done
Removing temporary output results/ACORN_VCF_Qrob_test_counts.txt.
Select jobs to execute...
Execute 1 jobs...

[Sat May 18 20:47:27 2024]
localrule counts2baypass:
    input: results/ACORN_VCF_Qrob_test_counts_fixed.txt
    output: results/ACORN_VCF_Qrob_test_geno_baypass.txt
    jobid: 3
    reason: Missing output files: results/ACORN_VCF_Qrob_test_geno_baypass.txt; Input files updated by another job: results/ACORN_VCF_Qrob_test_counts_fixed.txt
    wildcards: sample=ACORN_VCF_Qrob_test
    resources: tmpdir=/tmp

Activating singularity image /home/nikos/other_apps/bin/poolseq_tools_0.2.11.sif
[Sat May 18 20:47:28 2024]
Finished job 3.
3 of 28 steps (11%) done
Select jobs to execute...
Execute 1 jobs...

[Sat May 18 20:47:28 2024]
localrule split_baypass:
    input: results/ACORN_VCF_Qrob_test_geno_baypass.txt
    output: results/ACORN_VCF_Qrob_test_chunks/chunk_12, results/ACORN_VCF_Qrob_test_chunks/chunk_12, results/ACORN_VCF_Qrob_test_chunks/chunk_12, results/ACORN_VCF_Qrob_test_chunks/chunk_12, results/ACORN_VCF_Qrob_test_chunks/chunk_12, results/ACORN_VCF_Qrob_test_chunks/chunk_12, results/ACORN_VCF_Qrob_test_chunks/chunk_12, results/ACORN_VCF_Qrob_test_chunks/chunk_12, results/ACORN_VCF_Qrob_test_chunks/chunk_12, results/ACORN_VCF_Qrob_test_chunks/chunk_12, results/ACORN_VCF_Qrob_test_chunks/chunk_12, results/ACORN_VCF_Qrob_test_chunks/chunk_12
    jobid: 27
    reason: Missing output files: results/ACORN_VCF_Qrob_test_chunks/chunk_12; Input files updated by another job: results/ACORN_VCF_Qrob_test_geno_baypass.txt
    wildcards: sample=ACORN_VCF_Qrob_test, chunk=12
    resources: tmpdir=/tmp

Activating singularity image /home/nikos/other_apps/bin/poolseq_tools_0.2.11.sif
[Sat May 18 20:47:28 2024]
Finished job 27.
4 of 28 steps (14%) done
Select jobs to execute...
Execute 1 jobs...

[Sat May 18 20:47:28 2024]
localrule split_baypass:
    input: results/ACORN_VCF_Qrob_test_geno_baypass.txt
    output: results/ACORN_VCF_Qrob_test_chunks/chunk_2, results/ACORN_VCF_Qrob_test_chunks/chunk_2, results/ACORN_VCF_Qrob_test_chunks/chunk_2, results/ACORN_VCF_Qrob_test_chunks/chunk_2, results/ACORN_VCF_Qrob_test_chunks/chunk_2, results/ACORN_VCF_Qrob_test_chunks/chunk_2, results/ACORN_VCF_Qrob_test_chunks/chunk_2, results/ACORN_VCF_Qrob_test_chunks/chunk_2, results/ACORN_VCF_Qrob_test_chunks/chunk_2, results/ACORN_VCF_Qrob_test_chunks/chunk_2, results/ACORN_VCF_Qrob_test_chunks/chunk_2, results/ACORN_VCF_Qrob_test_chunks/chunk_2
    jobid: 7
    reason: Missing output files: results/ACORN_VCF_Qrob_test_chunks/chunk_2; Input files updated by another job: results/ACORN_VCF_Qrob_test_geno_baypass.txt; Code has changed since last execution
    wildcards: sample=ACORN_VCF_Qrob_test, chunk=2
    resources: tmpdir=/tmp

Warning: the following output files of rule split_baypass were not present when the DAG was created:
{'results/ACORN_VCF_Qrob_test_chunks/chunk_2'}
Activating singularity image /home/nikos/other_apps/bin/poolseq_tools_0.2.11.sif
[Sat May 18 20:47:28 2024]
Finished job 7.
5 of 28 steps (18%) done
Select jobs to execute...
Execute 1 jobs...

[Sat May 18 20:47:28 2024]
localrule run_baypass:
    input: results/ACORN_VCF_Qrob_test_chunks/chunk_2, data/poolsize
    output: results/ACORN_VCF_Qrob_test_baypassSplitOut/chunk_2_DIC.out, results/ACORN_VCF_Qrob_test_baypassSplitOut/chunk_2_mat_omega.out, results/ACORN_VCF_Qrob_test_baypassSplitOut/chunk_2_summary_beta_params.out, results/ACORN_VCF_Qrob_test_baypassSplitOut/chunk_2_summary_lda_omega.out, results/ACORN_VCF_Qrob_test_baypassSplitOut/chunk_2_summary_pi_xtx.out, results/ACORN_VCF_Qrob_test_baypassSplitOut/chunk_2_summary_yij_pij.out
    jobid: 6
    reason: Missing output files: results/ACORN_VCF_Qrob_test_baypassSplitOut/chunk_2_DIC.out; Input files updated by another job: results/ACORN_VCF_Qrob_test_chunks/chunk_2
    wildcards: sample=ACORN_VCF_Qrob_test, chunk=2
    resources: tmpdir=/tmp

Activating singularity image /home/nikos/other_apps/bin/poolseq_tools_0.2.11.sif
Terminating processes on user request, this might take some time.
[Sat May 18 20:47:37 2024]
Error in rule run_baypass:
    jobid: 6
    input: results/ACORN_VCF_Qrob_test_chunks/chunk_2, data/poolsize
    output: results/ACORN_VCF_Qrob_test_baypassSplitOut/chunk_2_DIC.out, results/ACORN_VCF_Qrob_test_baypassSplitOut/chunk_2_mat_omega.out, results/ACORN_VCF_Qrob_test_baypassSplitOut/chunk_2_summary_beta_params.out, results/ACORN_VCF_Qrob_test_baypassSplitOut/chunk_2_summary_lda_omega.out, results/ACORN_VCF_Qrob_test_baypassSplitOut/chunk_2_summary_pi_xtx.out, results/ACORN_VCF_Qrob_test_baypassSplitOut/chunk_2_summary_yij_pij.out
    shell:
        
        g_baypass         -nthreads 1         -npop 40 -gfile results/ACORN_VCF_Qrob_test_chunks/chunk_2 -poolsizefile data/poolsize         -d0yij 6         -outprefix results/ACORN_VCF_Qrob_test_baypassSplitOut/chunk_2
        
        (one of the commands exited with non-zero exit code; note that snakemake uses bash strict mode!)

Complete log: .snakemake/log/2024-05-18T204727.026303.snakemake.log
WorkflowError:
At least one job did not complete successfully.
